<?xml version="1.0" encoding="utf-8"?><testsuites name="pytest tests"><testsuite name="pytest" errors="0" failures="3" skipped="0" tests="19" time="1.774" timestamp="2026-01-17T07:23:15.505281+00:00" hostname="agent-env-72555148-700d-4013-9cad-0e3870fb96bc"><testcase classname="tests.test_iteration82_features.TestAuthentication" name="test_admin_login" time="0.073" /><testcase classname="tests.test_iteration82_features.TestContentQualityReport" name="test_content_quality_report_endpoint_exists" time="0.078" /><testcase classname="tests.test_iteration82_features.TestContentQualityReport" name="test_content_quality_report_with_days_param" time="0.124" /><testcase classname="tests.test_iteration82_features.TestContentQualityReport" name="test_content_quality_report_quality_distribution" time="0.037" /><testcase classname="tests.test_iteration82_features.TestContentQualityReport" name="test_content_quality_report_violations_by_type" time="0.043" /><testcase classname="tests.test_iteration82_features.TestContentQualityReport" name="test_content_quality_report_requires_admin" time="0.039" /><testcase classname="tests.test_iteration82_features.TestBannedWordsIntegration" name="test_get_banned_words" time="0.081"><failure message="AssertionError: Missing banned_words in response&#10;assert 'banned_words' in [{'banned_by': 'jjspilot24@gmail.com', 'created_at': '2026-01-17T07:05:52.060000', 'id': '696b34d04420db6bb152773a', 'reason': 'Test ban reason', ...}, {'banned_by': 'jjspilot24@gmail.com', 'created_at': '2026-01-17T06:58:45.626000', 'id': '696b33256efdbf7ac0e1ef17', 'reason': 'For checking', ...}, {'banned_by': 'jjspilot24@gmail.com', 'created_at': '2026-01-17T06:58:45.277000', 'id': '696b33256efdbf7ac0e1ef15', 'reason': 'Test ban reason', ...}]">tests/test_iteration82_features.py:144: in test_get_banned_words
    assert "banned_words" in data, "Missing banned_words in response"
E   AssertionError: Missing banned_words in response
E   assert 'banned_words' in [{'banned_by': 'jjspilot24@gmail.com', 'created_at': '2026-01-17T07:05:52.060000', 'id': '696b34d04420db6bb152773a', 'reason': 'Test ban reason', ...}, {'banned_by': 'jjspilot24@gmail.com', 'created_at': '2026-01-17T06:58:45.626000', 'id': '696b33256efdbf7ac0e1ef17', 'reason': 'For checking', ...}, {'banned_by': 'jjspilot24@gmail.com', 'created_at': '2026-01-17T06:58:45.277000', 'id': '696b33256efdbf7ac0e1ef15', 'reason': 'Test ban reason', ...}]</failure></testcase><testcase classname="tests.test_iteration82_features.TestBannedWordsIntegration" name="test_add_test_banned_word" time="0.073"><failure message="AttributeError: 'list' object has no attribute 'get'">tests/test_iteration82_features.py:164: in test_add_test_banned_word
    words = [bw["word"] for bw in data.get("banned_words", [])]
                                  ^^^^^^^^
E   AttributeError: 'list' object has no attribute 'get'</failure></testcase><testcase classname="tests.test_iteration82_features.TestBannedWordsIntegration" name="test_category_creation_with_banned_word_blocked" time="0.161"><failure message="AttributeError: 'list' object has no attribute 'get'">tests/test_iteration82_features.py:209: in test_category_creation_with_banned_word_blocked
    for bw in get_response.json().get("banned_words", []):
              ^^^^^^^^^^^^^^^^^^^^^^^
E   AttributeError: 'list' object has no attribute 'get'</failure></testcase><testcase classname="tests.test_iteration82_features.TestBannedWordsIntegration" name="test_reserved_keywords_cannot_be_banned" time="0.263" /><testcase classname="tests.test_iteration82_features.TestCategoriesAPI" name="test_get_categories" time="0.114" /><testcase classname="tests.test_iteration82_features.TestCategoriesAPI" name="test_create_category" time="0.071" /><testcase classname="tests.test_iteration82_features.TestUltimateSearchAPI" name="test_ultimate_search_endpoint" time="0.075" /><testcase classname="tests.test_iteration82_features.TestUltimateSearchAPI" name="test_ultimate_search_with_category_filter" time="0.113" /><testcase classname="tests.test_iteration82_features.TestMarketplaceAPI" name="test_marketplace_protocols" time="0.075" /><testcase classname="tests.test_iteration82_features.TestMarketplaceAPI" name="test_marketplace_categories" time="0.037" /><testcase classname="tests.test_iteration82_features.TestAdminPanel" name="test_admin_stats" time="0.077" /><testcase classname="tests.test_iteration82_features.TestAdminPanel" name="test_admin_settings" time="0.039" /><testcase classname="tests.test_iteration82_features.TestMapPageAPI" name="test_map_results_endpoint" time="0.087" /></testsuite></testsuites>