<?xml version="1.0" encoding="utf-8"?><testsuites name="pytest tests"><testsuite name="pytest" errors="0" failures="0" skipped="0" tests="28" time="2.160" timestamp="2026-01-16T05:40:43.133016+00:00" hostname="agent-env-0645763a-e694-46c4-a4fc-3c5116d5e2be"><testcase classname="tests.test_iteration50_features.TestHealthAndBasics" name="test_health_endpoint" time="0.088" /><testcase classname="tests.test_iteration50_features.TestHealthAndBasics" name="test_article_types_endpoint" time="0.037" /><testcase classname="tests.test_iteration50_features.TestAuthentication" name="test_admin_login" time="0.041" /><testcase classname="tests.test_iteration50_features.TestAuthentication" name="test_invalid_login" time="0.034" /><testcase classname="tests.test_iteration50_features.TestCategoryTemplates" name="test_get_templates" time="0.033" /><testcase classname="tests.test_iteration50_features.TestCategoryExport" name="test_export_categories" time="0.079" /><testcase classname="tests.test_iteration50_features.TestCategoryExport" name="test_export_download" time="0.075" /><testcase classname="tests.test_iteration50_features.TestCategoryImport" name="test_import_categories_skip_strategy" time="0.071" /><testcase classname="tests.test_iteration50_features.TestCategoryImport" name="test_import_template" time="0.078" /><testcase classname="tests.test_iteration50_features.TestCategoryImport" name="test_import_invalid_template" time="0.066" /><testcase classname="tests.test_iteration50_features.TestCategoryImport" name="test_import_invalid_format" time="0.069" /><testcase classname="tests.test_iteration50_features.TestShareToMarketplace" name="test_share_to_marketplace_no_categories" time="0.070" /><testcase classname="tests.test_iteration50_features.TestBatchPayoutSystem" name="test_get_payout_batch" time="0.064" /><testcase classname="tests.test_iteration50_features.TestBatchPayoutSystem" name="test_get_payout_settings" time="0.069" /><testcase classname="tests.test_iteration50_features.TestBatchPayoutSystem" name="test_update_payout_settings" time="0.068" /><testcase classname="tests.test_iteration50_features.TestBatchPayoutSystem" name="test_process_batch_payout_empty" time="0.108" /><testcase classname="tests.test_iteration50_features.TestBatchPayoutSystem" name="test_payout_batch_unauthorized" time="0.034" /><testcase classname="tests.test_iteration50_features.TestExistingMarketplaceFeatures" name="test_marketplace_protocols" time="0.038" /><testcase classname="tests.test_iteration50_features.TestExistingMarketplaceFeatures" name="test_marketplace_categories" time="0.033" /><testcase classname="tests.test_iteration50_features.TestExistingMarketplaceFeatures" name="test_paypal_config" time="0.031" /><testcase classname="tests.test_iteration50_features.TestAdminFeatures" name="test_admin_stats" time="0.072" /><testcase classname="tests.test_iteration50_features.TestAdminFeatures" name="test_admin_revenue_settings" time="0.066" /><testcase classname="tests.test_iteration50_features.TestAdminFeatures" name="test_admin_pending_payouts" time="0.067" /><testcase classname="tests.test_iteration50_features.TestCategoryManagement" name="test_get_categories" time="0.096" /><testcase classname="tests.test_iteration50_features.TestCategoryManagement" name="test_create_and_delete_category" time="0.106" /><testcase classname="tests.test_iteration50_features.TestSearchFeatures" name="test_search_engines" time="0.030" /><testcase classname="tests.test_iteration50_features.TestSearchFeatures" name="test_ultimate_search_stats" time="0.074" /><testcase classname="tests.test_iteration50_features.TestCleanup" name="test_cleanup_test_categories" time="0.364" /></testsuite></testsuites>