<?xml version="1.0" encoding="utf-8"?><testsuites name="pytest tests"><testsuite name="pytest" errors="0" failures="1" skipped="0" tests="26" time="1.639" timestamp="2026-01-15T21:51:02.805955+00:00" hostname="agent-env-b35e110b-3bd0-4a3a-acc8-a34ad66523a1"><testcase classname="tests.test_iteration32_features.TestHealthAndBasics" name="test_health_endpoint" time="0.078" /><testcase classname="tests.test_iteration32_features.TestABOptimizerScheduler" name="test_optimizer_status_endpoint" time="0.078" /><testcase classname="tests.test_iteration32_features.TestABOptimizerScheduler" name="test_optimizer_analyze_all" time="0.082" /><testcase classname="tests.test_iteration32_features.TestABOptimizerScheduler" name="test_optimizer_history" time="0.073" /><testcase classname="tests.test_iteration32_features.TestABOptimizerScheduler" name="test_optimizer_requires_admin" time="0.038" /><testcase classname="tests.test_iteration32_features.TestStatisticsPage" name="test_statistics_dashboard" time="0.041" /><testcase classname="tests.test_iteration32_features.TestStatisticsPage" name="test_statistics_most_copied" time="0.034" /><testcase classname="tests.test_iteration32_features.TestStatisticsPage" name="test_marketplace_leaderboard_sales" time="0.078" /><testcase classname="tests.test_iteration32_features.TestStatisticsPage" name="test_marketplace_leaderboard_revenue" time="0.033" /><testcase classname="tests.test_iteration32_features.TestStatisticsPage" name="test_poll_user_statistics" time="0.076" /><testcase classname="tests.test_iteration32_features.TestStatisticsPage" name="test_poll_admin_statistics" time="0.111" /><testcase classname="tests.test_iteration32_features.TestSocialPage" name="test_feed_endpoint" time="0.073" /><testcase classname="tests.test_iteration32_features.TestSocialPage" name="test_friends_endpoint" time="0.070" /><testcase classname="tests.test_iteration32_features.TestSocialPage" name="test_friends_requests_endpoint" time="0.064" /><testcase classname="tests.test_iteration32_features.TestSocialPage" name="test_groups_endpoint" time="0.068" /><testcase classname="tests.test_iteration32_features.TestSocialPage" name="test_pages_endpoint" time="0.068" /><testcase classname="tests.test_iteration32_features.TestRevenueForecast" name="test_revenue_forecast_summary" time="0.070" /><testcase classname="tests.test_iteration32_features.TestRevenueForecast" name="test_revenue_forecast_requires_admin" time="0.034" /><testcase classname="tests.test_iteration32_features.TestYouTubeTutorialAdmin" name="test_tutorials_endpoint" time="0.038" /><testcase classname="tests.test_iteration32_features.TestYouTubeTutorialAdmin" name="test_tutorial_video_update_requires_admin" time="0.035" /><testcase classname="tests.test_iteration32_features.TestEmailReports" name="test_email_reports_status" time="0.078" /><testcase classname="tests.test_iteration32_features.TestEmailReports" name="test_email_reports_requires_admin" time="0.035" /><testcase classname="tests.test_iteration32_features.TestABTesting" name="test_ab_tests_list" time="0.034" /><testcase classname="tests.test_iteration32_features.TestABTesting" name="test_ab_variant_endpoint" time="0.036" /><testcase classname="tests.test_iteration32_features.TestAdminPanel" name="test_admin_settings" time="0.073"><failure message="AssertionError: assert False&#10; +  where False = isinstance({'app_mode': 'free', 'daily_collate_limit': 15, 'max_category_levels': 100, 'max_search_pages': 99, ...}, list)">tests/test_iteration32_features.py:378: in test_admin_settings
    assert isinstance(data, list)
E   AssertionError: assert False
E    +  where False = isinstance({'app_mode': 'free', 'daily_collate_limit': 15, 'max_category_levels': 100, 'max_search_pages': 99, ...}, list)</failure></testcase><testcase classname="tests.test_iteration32_features.TestAdminPanel" name="test_admin_requires_auth" time="0.033" /></testsuite></testsuites>