<?xml version="1.0" encoding="utf-8"?><testsuites name="pytest tests"><testsuite name="pytest" errors="0" failures="0" skipped="0" tests="19" time="1.816" timestamp="2026-01-17T07:24:15.791405+00:00" hostname="agent-env-72555148-700d-4013-9cad-0e3870fb96bc"><testcase classname="tests.test_iteration82_features.TestAuthentication" name="test_admin_login" time="0.053" /><testcase classname="tests.test_iteration82_features.TestContentQualityReport" name="test_content_quality_report_endpoint_exists" time="0.088" /><testcase classname="tests.test_iteration82_features.TestContentQualityReport" name="test_content_quality_report_with_days_param" time="0.174" /><testcase classname="tests.test_iteration82_features.TestContentQualityReport" name="test_content_quality_report_quality_distribution" time="0.080" /><testcase classname="tests.test_iteration82_features.TestContentQualityReport" name="test_content_quality_report_violations_by_type" time="0.045" /><testcase classname="tests.test_iteration82_features.TestContentQualityReport" name="test_content_quality_report_requires_admin" time="0.036" /><testcase classname="tests.test_iteration82_features.TestBannedWordsIntegration" name="test_get_banned_words" time="0.073" /><testcase classname="tests.test_iteration82_features.TestBannedWordsIntegration" name="test_add_test_banned_word" time="0.159" /><testcase classname="tests.test_iteration82_features.TestBannedWordsIntegration" name="test_category_creation_with_banned_word_blocked" time="0.039" /><testcase classname="tests.test_iteration82_features.TestBannedWordsIntegration" name="test_reserved_keywords_cannot_be_banned" time="0.262" /><testcase classname="tests.test_iteration82_features.TestCategoriesAPI" name="test_get_categories" time="0.109" /><testcase classname="tests.test_iteration82_features.TestCategoriesAPI" name="test_create_category" time="0.073" /><testcase classname="tests.test_iteration82_features.TestUltimateSearchAPI" name="test_ultimate_search_endpoint" time="0.073" /><testcase classname="tests.test_iteration82_features.TestUltimateSearchAPI" name="test_ultimate_search_with_category_filter" time="0.119" /><testcase classname="tests.test_iteration82_features.TestMarketplaceAPI" name="test_marketplace_protocols" time="0.114" /><testcase classname="tests.test_iteration82_features.TestMarketplaceAPI" name="test_marketplace_categories" time="0.036" /><testcase classname="tests.test_iteration82_features.TestAdminPanel" name="test_admin_stats" time="0.075" /><testcase classname="tests.test_iteration82_features.TestAdminPanel" name="test_admin_settings" time="0.039" /><testcase classname="tests.test_iteration82_features.TestMapPageAPI" name="test_map_results_endpoint" time="0.084" /></testsuite></testsuites>