<?xml version="1.0" encoding="utf-8"?><testsuites name="pytest tests"><testsuite name="pytest" errors="0" failures="1" skipped="0" tests="18" time="1.311" timestamp="2026-01-16T19:55:21.251557+00:00" hostname="agent-env-cc4246fe-f3fc-4380-8e4d-35e08e017aa2"><testcase classname="tests.test_iteration64_features.TestAuthFlow" name="test_login_with_admin_credentials" time="0.080" /><testcase classname="tests.test_iteration64_features.TestAuthFlow" name="test_login_invalid_credentials" time="0.040" /><testcase classname="tests.test_iteration64_features.TestContentFiltering" name="test_update_content_filter_strict" time="0.078" /><testcase classname="tests.test_iteration64_features.TestContentFiltering" name="test_update_content_filter_moderate" time="0.071" /><testcase classname="tests.test_iteration64_features.TestContentFiltering" name="test_update_content_filter_off" time="0.084" /><testcase classname="tests.test_iteration64_features.TestCategoryAPIs" name="test_get_categories" time="0.108" /><testcase classname="tests.test_iteration64_features.TestCategoryAPIs" name="test_get_category_results_count" time="0.144" /><testcase classname="tests.test_iteration64_features.TestCategoryAPIs" name="test_clean_category_remove_mode" time="0.151" /><testcase classname="tests.test_iteration64_features.TestSearchResultComments" name="test_get_search_results" time="0.078" /><testcase classname="tests.test_iteration64_features.TestSearchResultComments" name="test_get_comments_for_result" time="0.107" /><testcase classname="tests.test_iteration64_features.TestThemePresets" name="test_get_theme_presets" time="0.075"><failure message="AssertionError: Theme presets should be a list&#10;assert False&#10; +  where False = isinstance({'my_presets': [{'accent_color': 'blue', 'author': 'john_selman3', 'created_at': '2026-01-16T18:52:40.009000', 'description': 'Test preset for iteration 62', ...}, {'accent_color': 'green', 'author': 'john_selman3', 'created_at': '2026-01-16T18:52:40.142000', 'description': 'Public test preset', ...}, {'accent_color': 'purple', 'author': 'john_selman3', 'created_at': '2026-01-16T18:52:40.219000', 'description': '', ...}, {'accent_color': 'blue', 'author': 'john_selman3', 'created_at': '2026-01-16T18:53:45.374000', 'description': 'Test preset for iteration 62', ...}, {'accent_color': 'green', 'author': 'john_selman3', 'created_at': '2026-01-16T18:53:45.488000', 'description': 'Public test preset', ...}, {'accent_color': 'purple', 'author': 'john_selman3', 'created_at': '2026-01-16T18:53:45.569000', 'description': '', ...}, ...], 'public_presets': [{'accent_color': 'purple', 'author': 'john_selman3', 'created_at': '2026-01-16T18:53:45.569000', 'description': '', ...}, {'accent_color': 'purple', 'author': 'john_selman3', 'created_at': '2026-01-16T19:15:01.930000', 'description': '', ...}, {'accent_color': 'purple', 'author': 'john_selman3', 'created_at': '2026-01-16T19:16:19.827000', 'description': '', ...}, {'accent_color': 'green', 'author': 'john_selman3', 'created_at': '2026-01-16T18:52:40.142000', 'description': 'Public test preset', ...}, {'accent_color': 'purple', 'author': 'john_selman3', 'created_at': '2026-01-16T18:52:40.219000', 'description': '', ...}, {'accent_color': 'green', 'author': 'john_selman3', 'created_at': '2026-01-16T18:53:45.488000', 'description': 'Public test preset', ...}, ...]}, list)">tests/test_iteration64_features.py:207: in test_get_theme_presets
    assert isinstance(data, list), "Theme presets should be a list"
E   AssertionError: Theme presets should be a list
E   assert False
E    +  where False = isinstance({'my_presets': [{'accent_color': 'blue', 'author': 'john_selman3', 'created_at': '2026-01-16T18:52:40.009000', 'description': 'Test preset for iteration 62', ...}, {'accent_color': 'green', 'author': 'john_selman3', 'created_at': '2026-01-16T18:52:40.142000', 'description': 'Public test preset', ...}, {'accent_color': 'purple', 'author': 'john_selman3', 'created_at': '2026-01-16T18:52:40.219000', 'description': '', ...}, {'accent_color': 'blue', 'author': 'john_selman3', 'created_at': '2026-01-16T18:53:45.374000', 'description': 'Test preset for iteration 62', ...}, {'accent_color': 'green', 'author': 'john_selman3', 'created_at': '2026-01-16T18:53:45.488000', 'description': 'Public test preset', ...}, {'accent_color': 'purple', 'author': 'john_selman3', 'created_at': '2026-01-16T18:53:45.569000', 'description': '', ...}, ...], 'public_presets': [{'accent_color': 'purple', 'author': 'john_selman3', 'created_at': '2026-01-16T18:53:45.569000', 'description': '', ...}, {'accent_color': 'purple', 'author': 'john_selman3', 'created_at': '2026-01-16T19:15:01.930000', 'description': '', ...}, {'accent_color': 'purple', 'author': 'john_selman3', 'created_at': '2026-01-16T19:16:19.827000', 'description': '', ...}, {'accent_color': 'green', 'author': 'john_selman3', 'created_at': '2026-01-16T18:52:40.142000', 'description': 'Public test preset', ...}, {'accent_color': 'purple', 'author': 'john_selman3', 'created_at': '2026-01-16T18:52:40.219000', 'description': '', ...}, {'accent_color': 'green', 'author': 'john_selman3', 'created_at': '2026-01-16T18:53:45.488000', 'description': 'Public test preset', ...}, ...]}, list)</failure></testcase><testcase classname="tests.test_iteration64_features.TestMapPageAPIs" name="test_get_map_results" time="0.082" /><testcase classname="tests.test_iteration64_features.TestMapPageAPIs" name="test_categories_for_filtering" time="0.099" /><testcase classname="tests.test_iteration64_features.TestEasterEggContent" name="test_easter_egg_rewards_content" time="0.000" /><testcase classname="tests.test_iteration64_features.TestUIComponents" name="test_map_page_category_filter_testids" time="0.000" /><testcase classname="tests.test_iteration64_features.TestUIComponents" name="test_settings_page_content_filter_testids" time="0.000" /><testcase classname="tests.test_iteration64_features.TestUIComponents" name="test_search_results_comments_button_testid" time="0.000" /><testcase classname="tests.test_iteration64_features.TestUIComponents" name="test_category_modal_clean_button_testid" time="0.000" /></testsuite></testsuites>