<?xml version="1.0" encoding="utf-8"?><testsuites name="pytest tests"><testsuite name="pytest" errors="0" failures="0" skipped="0" tests="18" time="1.290" timestamp="2026-01-16T23:00:27.658225+00:00" hostname="agent-env-792883d2-d2a0-4515-bd51-ba9ae8638e8d"><testcase classname="tests.test_iteration69_features.TestHealthAndBasics" name="test_health_endpoint" time="0.058" /><testcase classname="tests.test_iteration69_features.TestHealthAndBasics" name="test_frontend_accessible" time="0.034" /><testcase classname="tests.test_iteration69_features.TestAuthentication" name="test_admin_login" time="0.039" /><testcase classname="tests.test_iteration69_features.TestAuthentication" name="test_test_user_login" time="0.036" /><testcase classname="tests.test_iteration69_features.TestPerformanceInsightsAPI" name="test_performance_insights_requires_auth" time="0.034" /><testcase classname="tests.test_iteration69_features.TestPerformanceInsightsAPI" name="test_performance_insights_with_auth" time="0.077" /><testcase classname="tests.test_iteration69_features.TestPerformanceInsightsAPI" name="test_performance_insights_response_structure" time="0.075" /><testcase classname="tests.test_iteration69_features.TestLeaderboardAPI" name="test_leaderboard_endpoint" time="0.037" /><testcase classname="tests.test_iteration69_features.TestLeaderboardAPI" name="test_leaderboard_with_time_range" time="0.114" /><testcase classname="tests.test_iteration69_features.TestMarketplaceProtocols" name="test_marketplace_protocols_list" time="0.032" /><testcase classname="tests.test_iteration69_features.TestMarketplaceProtocols" name="test_marketplace_protocols_sorting" time="0.178" /><testcase classname="tests.test_iteration69_features.TestMarketplaceCategories" name="test_marketplace_categories" time="0.034" /><testcase classname="tests.test_iteration69_features.TestContentQualityScoring" name="test_collate_returns_content_quality_score" time="0.099" /><testcase classname="tests.test_iteration69_features.TestContentQualityScoring" name="test_search_results_have_quality_score" time="0.076" /><testcase classname="tests.test_iteration69_features.TestSellerDashboard" name="test_seller_dashboard_requires_auth" time="0.075" /><testcase classname="tests.test_iteration69_features.TestSellerDashboard" name="test_seller_dashboard_with_auth" time="0.071" /><testcase classname="tests.test_iteration69_features.TestMyProtocols" name="test_my_protocols_requires_auth" time="0.034" /><testcase classname="tests.test_iteration69_features.TestMyProtocols" name="test_my_protocols_with_auth" time="0.113" /></testsuite></testsuites>