<?xml version="1.0" encoding="utf-8"?><testsuites name="pytest tests"><testsuite name="pytest" errors="0" failures="0" skipped="3" tests="21" time="2.293" timestamp="2026-01-17T00:35:40.728985+00:00" hostname="agent-env-792883d2-d2a0-4515-bd51-ba9ae8638e8d"><testcase classname="tests.test_iteration75_scheduled_scoring.TestScheduledAutoScoring" name="test_health_check" time="1.127" /><testcase classname="tests.test_iteration75_scheduled_scoring.TestScheduledAutoScoring" name="test_get_schedule_config_success" time="0.052" /><testcase classname="tests.test_iteration75_scheduled_scoring.TestScheduledAutoScoring" name="test_get_schedule_config_unauthorized" time="0.038" /><testcase classname="tests.test_iteration75_scheduled_scoring.TestScheduledAutoScoring" name="test_get_schedule_config_non_admin" time="0.043"><skipped type="pytest.skip" message="Test user not available">/app/tests/test_iteration75_scheduled_scoring.py:117: Test user not available</skipped></testcase><testcase classname="tests.test_iteration75_scheduled_scoring.TestScheduledAutoScoring" name="test_update_schedule_enable" time="0.090" /><testcase classname="tests.test_iteration75_scheduled_scoring.TestScheduledAutoScoring" name="test_update_schedule_disable" time="0.054" /><testcase classname="tests.test_iteration75_scheduled_scoring.TestScheduledAutoScoring" name="test_update_schedule_weekly" time="0.049" /><testcase classname="tests.test_iteration75_scheduled_scoring.TestScheduledAutoScoring" name="test_update_schedule_hourly" time="0.047" /><testcase classname="tests.test_iteration75_scheduled_scoring.TestScheduledAutoScoring" name="test_update_schedule_invalid_schedule" time="0.044" /><testcase classname="tests.test_iteration75_scheduled_scoring.TestScheduledAutoScoring" name="test_update_schedule_invalid_hour" time="0.047" /><testcase classname="tests.test_iteration75_scheduled_scoring.TestScheduledAutoScoring" name="test_update_schedule_unauthorized" time="0.036" /><testcase classname="tests.test_iteration75_scheduled_scoring.TestScheduledAutoScoring" name="test_update_schedule_non_admin" time="0.037"><skipped type="pytest.skip" message="Test user not available">/app/tests/test_iteration75_scheduled_scoring.py:292: Test user not available</skipped></testcase><testcase classname="tests.test_iteration75_scheduled_scoring.TestScheduledAutoScoring" name="test_send_test_email_success" time="0.044" /><testcase classname="tests.test_iteration75_scheduled_scoring.TestScheduledAutoScoring" name="test_send_test_email_unauthorized" time="0.033" /><testcase classname="tests.test_iteration75_scheduled_scoring.TestScheduledAutoScoring" name="test_send_test_email_non_admin" time="0.037"><skipped type="pytest.skip" message="Test user not available">/app/tests/test_iteration75_scheduled_scoring.py:344: Test user not available</skipped></testcase><testcase classname="tests.test_iteration75_scheduled_scoring.TestScheduledAutoScoring" name="test_schedule_config_persistence" time="0.092" /><testcase classname="tests.test_iteration75_scheduled_scoring.TestScheduledAutoScoring" name="test_domain_scoring_run_still_works" time="0.137" /><testcase classname="tests.test_iteration75_scheduled_scoring.TestScheduledAutoScoring" name="test_domain_alerts_still_works" time="0.046" /><testcase classname="tests.test_iteration75_scheduled_scoring.TestScheduledAutoScoring" name="test_quality_analytics_still_works" time="0.056" /><testcase classname="tests.test_iteration75_scheduled_scoring.TestScheduledAutoScoring" name="test_blocked_domains_still_works" time="0.047" /><testcase classname="tests.test_iteration75_scheduled_scoring.TestScheduledAutoScoring" name="test_cleanup_reset_schedule" time="0.043" /></testsuite></testsuites>