<?xml version="1.0" encoding="utf-8"?><testsuites name="pytest tests"><testsuite name="pytest" errors="0" failures="4" skipped="0" tests="31" time="38.680" timestamp="2026-01-17T03:20:39.064609+00:00" hostname="agent-env-01a23756-c301-49f4-b8ae-1b79170e418a"><testcase classname="tests.test_iteration80_stability.TestHealthAndBasics" name="test_health_endpoint" time="0.060" /><testcase classname="tests.test_iteration80_stability.TestHealthAndBasics" name="test_subscription_info" time="0.039" /><testcase classname="tests.test_iteration80_stability.TestAuthentication" name="test_admin_login" time="0.043" /><testcase classname="tests.test_iteration80_stability.TestAuthentication" name="test_test_user_login" time="0.037"><failure message="assert 401 == 200&#10; +  where 401 = &lt;Response [401]&gt;.status_code">tests/test_iteration80_stability.py:72: in test_test_user_login
    assert response.status_code == 200
E   assert 401 == 200
E    +  where 401 = &lt;Response [401]&gt;.status_code</failure></testcase><testcase classname="tests.test_iteration80_stability.TestAuthentication" name="test_invalid_login" time="0.036" /><testcase classname="tests.test_iteration80_stability.TestAuthentication" name="test_get_current_user" time="0.074" /><testcase classname="tests.test_iteration80_stability.TestCategories" name="test_list_categories" time="0.103" /><testcase classname="tests.test_iteration80_stability.TestCategories" name="test_create_category" time="0.094" /><testcase classname="tests.test_iteration80_stability.TestCategories" name="test_update_category" time="0.111" /><testcase classname="tests.test_iteration80_stability.TestSearch" name="test_search_endpoint" time="15.303" /><testcase classname="tests.test_iteration80_stability.TestSearch" name="test_search_engines_status" time="0.097"><failure message="assert 404 == 200&#10; +  where 404 = &lt;Response [404]&gt;.status_code">tests/test_iteration80_stability.py:187: in test_search_engines_status
    assert response.status_code == 200
E   assert 404 == 200
E    +  where 404 = &lt;Response [404]&gt;.status_code</failure></testcase><testcase classname="tests.test_iteration80_stability.TestAIFeatures" name="test_ai_news_headlines" time="9.355" /><testcase classname="tests.test_iteration80_stability.TestAIFeatures" name="test_ai_smart_suggestions" time="3.338" /><testcase classname="tests.test_iteration80_stability.TestAIFeatures" name="test_ai_protocol_recommendations" time="8.506" /><testcase classname="tests.test_iteration80_stability.TestAIFeatures" name="test_ai_suggestions" time="0.110" /><testcase classname="tests.test_iteration80_stability.TestABTesting" name="test_track_recommendation_view" time="0.075" /><testcase classname="tests.test_iteration80_stability.TestABTesting" name="test_track_recommendation_copy" time="0.072" /><testcase classname="tests.test_iteration80_stability.TestABTesting" name="test_track_recommendation_create" time="0.073" /><testcase classname="tests.test_iteration80_stability.TestABTesting" name="test_track_recommendation_purchase" time="0.072" /><testcase classname="tests.test_iteration80_stability.TestABTesting" name="test_recommendation_analytics" time="0.075" /><testcase classname="tests.test_iteration80_stability.TestRevenueDashboard" name="test_revenue_dashboard_7d" time="0.080" /><testcase classname="tests.test_iteration80_stability.TestRevenueDashboard" name="test_revenue_dashboard_30d" time="0.084" /><testcase classname="tests.test_iteration80_stability.TestRevenueDashboard" name="test_revenue_dashboard_90d" time="0.080" /><testcase classname="tests.test_iteration80_stability.TestRevenueDashboard" name="test_revenue_dashboard_365d" time="0.076" /><testcase classname="tests.test_iteration80_stability.TestMarketplace" name="test_browse_marketplace" time="0.068"><failure message="assert 404 == 200&#10; +  where 404 = &lt;Response [404]&gt;.status_code">tests/test_iteration80_stability.py:386: in test_browse_marketplace
    assert response.status_code == 200
E   assert 404 == 200
E    +  where 404 = &lt;Response [404]&gt;.status_code</failure></testcase><testcase classname="tests.test_iteration80_stability.TestMarketplace" name="test_marketplace_featured" time="0.074" /><testcase classname="tests.test_iteration80_stability.TestChat" name="test_list_chat_rooms" time="0.071" /><testcase classname="tests.test_iteration80_stability.TestAdminFeatures" name="test_admin_settings" time="0.077" /><testcase classname="tests.test_iteration80_stability.TestAdminFeatures" name="test_admin_statistics" time="0.077" /><testcase classname="tests.test_iteration80_stability.TestABTestDashboard" name="test_ab_test_list" time="0.116" /><testcase classname="tests.test_iteration80_stability.TestABTestDashboard" name="test_ab_test_analytics" time="0.070"><failure message="assert 404 == 200&#10; +  where 404 = &lt;Response [404]&gt;.status_code">tests/test_iteration80_stability.py:488: in test_ab_test_analytics
    assert response.status_code == 200
E   assert 404 == 200
E    +  where 404 = &lt;Response [404]&gt;.status_code</failure></testcase></testsuite></testsuites>