<?xml version="1.0" encoding="utf-8"?><testsuites name="pytest tests"><testsuite name="pytest" errors="0" failures="3" skipped="0" tests="24" time="1.307" timestamp="2026-01-16T00:03:39.287080+00:00" hostname="agent-env-d5b9e722-72fc-45d6-8e03-441a960ba255"><testcase classname="tests.test_iteration37_daily_laugh_goal.TestHealthAndBasics" name="test_health_endpoint" time="0.072" /><testcase classname="tests.test_iteration37_daily_laugh_goal.TestAuthentication" name="test_admin_login" time="0.041"><failure message="AssertionError: assert None == True&#10; +  where None = &lt;built-in method get of dict object at 0xfc1a0a7fe7c0&gt;('is_admin')&#10; +    where &lt;built-in method get of dict object at 0xfc1a0a7fe7c0&gt; = {'token': 'XPdEJtbtb3yV5k0GDt4MTQh57Lqdxi0YKwuKN-__r8g', 'user': {'callsign': 'JJ Pilot', 'email': 'jjspilot24@gmail.com', 'id': '6963c7215bba9611d96b2416', 'is_admin': True, ...}}.get">tests/test_iteration37_daily_laugh_goal.py:42: in test_admin_login
    assert data.get("is_admin") == True
E   AssertionError: assert None == True
E    +  where None = &lt;built-in method get of dict object at 0xfc1a0a7fe7c0&gt;('is_admin')
E    +    where &lt;built-in method get of dict object at 0xfc1a0a7fe7c0&gt; = {'token': 'XPdEJtbtb3yV5k0GDt4MTQh57Lqdxi0YKwuKN-__r8g', 'user': {'callsign': 'JJ Pilot', 'email': 'jjspilot24@gmail.com', 'id': '6963c7215bba9611d96b2416', 'is_admin': True, ...}}.get</failure></testcase><testcase classname="tests.test_iteration37_daily_laugh_goal.TestDailyLaughGoalEndpoints" name="test_get_daily_laugh_goal" time="0.097" /><testcase classname="tests.test_iteration37_daily_laugh_goal.TestDailyLaughGoalEndpoints" name="test_set_daily_laugh_goal" time="0.123" /><testcase classname="tests.test_iteration37_daily_laugh_goal.TestDailyLaughGoalEndpoints" name="test_set_daily_laugh_goal_validation" time="0.117" /><testcase classname="tests.test_iteration37_daily_laugh_goal.TestDailyLaughGoalEndpoints" name="test_record_daily_laugh_progress" time="0.111" /><testcase classname="tests.test_iteration37_daily_laugh_goal.TestDailyLaughGoalEndpoints" name="test_daily_laugh_goal_leaderboard" time="0.067" /><testcase classname="tests.test_iteration37_daily_laugh_goal.TestDailyLaughGoalEndpoints" name="test_daily_laugh_goal_requires_auth" time="0.033" /><testcase classname="tests.test_iteration37_daily_laugh_goal.TestStreakBonusesInCode" name="test_streak_bonuses_defined" time="0.000" /><testcase classname="tests.test_iteration37_daily_laugh_goal.TestNewsletterSchedulerTimes" name="test_newsletter_times_in_code" time="0.000" /><testcase classname="tests.test_iteration37_daily_laugh_goal.TestNewsletterSchedulerTimes" name="test_newsletter_scheduler_job_names" time="0.000" /><testcase classname="tests.test_iteration37_daily_laugh_goal.TestAdminNewsletterSettings" name="test_admin_settings_endpoint" time="0.082" /><testcase classname="tests.test_iteration37_daily_laugh_goal.TestAdminNewsletterSettings" name="test_admin_settings_init" time="0.095"><failure message="AssertionError: assert ('settings' in {'count': 22, 'message': 'Settings initialized'} or 'success' in {'count': 22, 'message': 'Settings initialized'})">tests/test_iteration37_daily_laugh_goal.py:285: in test_admin_settings_init
    assert "settings" in data or "success" in data
E   AssertionError: assert ('settings' in {'count': 22, 'message': 'Settings initialized'} or 'success' in {'count': 22, 'message': 'Settings initialized'})</failure></testcase><testcase classname="tests.test_iteration37_daily_laugh_goal.TestAdminNewsletterSettings" name="test_newsletter_time_settings_in_admin_code" time="0.002" /><testcase classname="tests.test_iteration37_daily_laugh_goal.TestLaughOMeterEndpoints" name="test_laugh_stats_endpoint" time="0.075" /><testcase classname="tests.test_iteration37_daily_laugh_goal.TestLaughOMeterEndpoints" name="test_record_laugh_endpoint" time="0.079" /><testcase classname="tests.test_iteration37_daily_laugh_goal.TestLaughOMeterEndpoints" name="test_laugh_leaderboard_endpoint" time="0.077" /><testcase classname="tests.test_iteration37_daily_laugh_goal.TestCategoriesWithResultCount" name="test_categories_include_counts" time="0.030"><failure message="assert 401 == 200&#10; +  where 401 = &lt;Response [401]&gt;.status_code">tests/test_iteration37_daily_laugh_goal.py:363: in test_categories_include_counts
    assert response.status_code == 200
E   assert 401 == 200
E    +  where 401 = &lt;Response [401]&gt;.status_code</failure></testcase><testcase classname="tests.test_iteration37_daily_laugh_goal.TestCollationSettings" name="test_collation_limit_default_in_code" time="0.000" /><testcase classname="tests.test_iteration37_daily_laugh_goal.TestCollationSettings" name="test_multiple_categories_enabled_in_code" time="0.000" /><testcase classname="tests.test_iteration37_daily_laugh_goal.TestCollationSettings" name="test_admin_settings_collation" time="0.070" /><testcase classname="tests.test_iteration37_daily_laugh_goal.TestDailyLaughGoalFrontendComponent" name="test_daily_laugh_goal_component_exists" time="0.000" /><testcase classname="tests.test_iteration37_daily_laugh_goal.TestDailyLaughGoalFrontendComponent" name="test_admin_panel_newsletter_settings" time="0.001" /><testcase classname="tests.test_iteration37_daily_laugh_goal.TestFunnyContentLibrary" name="test_funny_content_library_exists" time="0.000" /></testsuite></testsuites>