<?xml version="1.0" encoding="utf-8"?><testsuites name="pytest tests"><testsuite name="pytest" errors="0" failures="2" skipped="0" tests="18" time="1.378" timestamp="2026-01-16T23:00:06.166010+00:00" hostname="agent-env-792883d2-d2a0-4515-bd51-ba9ae8638e8d"><testcase classname="tests.test_iteration69_features.TestHealthAndBasics" name="test_health_endpoint" time="0.077" /><testcase classname="tests.test_iteration69_features.TestHealthAndBasics" name="test_frontend_accessible" time="0.042" /><testcase classname="tests.test_iteration69_features.TestAuthentication" name="test_admin_login" time="0.060" /><testcase classname="tests.test_iteration69_features.TestAuthentication" name="test_test_user_login" time="0.037" /><testcase classname="tests.test_iteration69_features.TestPerformanceInsightsAPI" name="test_performance_insights_requires_auth" time="0.039" /><testcase classname="tests.test_iteration69_features.TestPerformanceInsightsAPI" name="test_performance_insights_with_auth" time="0.083" /><testcase classname="tests.test_iteration69_features.TestPerformanceInsightsAPI" name="test_performance_insights_response_structure" time="0.116" /><testcase classname="tests.test_iteration69_features.TestLeaderboardAPI" name="test_leaderboard_endpoint" time="0.038" /><testcase classname="tests.test_iteration69_features.TestLeaderboardAPI" name="test_leaderboard_with_time_range" time="0.114" /><testcase classname="tests.test_iteration69_features.TestMarketplaceProtocols" name="test_marketplace_protocols_list" time="0.037" /><testcase classname="tests.test_iteration69_features.TestMarketplaceProtocols" name="test_marketplace_protocols_sorting" time="0.175" /><testcase classname="tests.test_iteration69_features.TestMarketplaceCategories" name="test_marketplace_categories" time="0.039" /><testcase classname="tests.test_iteration69_features.TestContentQualityScoring" name="test_collate_returns_content_quality_score" time="0.125"><failure message="AttributeError: 'list' object has no attribute 'get'">tests/test_iteration69_features.py:237: in test_collate_returns_content_quality_score
    categories = categories_response.json().get("categories", [])
                 ^^^^^^^^^^^^^^^^^^^^^^^^^^^^^^
E   AttributeError: 'list' object has no attribute 'get'</failure></testcase><testcase classname="tests.test_iteration69_features.TestContentQualityScoring" name="test_search_results_have_quality_score" time="0.072" /><testcase classname="tests.test_iteration69_features.TestSellerDashboard" name="test_seller_dashboard_requires_auth" time="0.037" /><testcase classname="tests.test_iteration69_features.TestSellerDashboard" name="test_seller_dashboard_with_auth" time="0.072" /><testcase classname="tests.test_iteration69_features.TestMyProtocols" name="test_my_protocols_requires_auth" time="0.037" /><testcase classname="tests.test_iteration69_features.TestMyProtocols" name="test_my_protocols_with_auth" time="0.071"><failure message="AssertionError: assert 'protocols' in [{'category': 'Science &amp; Research', 'created_at': '2026-01-11T16:04:04.324000', 'description': 'Comprehensive protocol for finding peer-reviewed climate science articles, IPCC reports, and environmental data. Perfect for researchers and students studying climate change impacts.', 'id': '6963c9f406d50c75b07bf0fb', ...}, {'category': 'History &amp; Politics', 'created_at': '2026-01-15T11:18:48.084000', 'description': 'Comprehensive protocol for finding articles about President George H.W. Bush and George W. Bush - their presidencies, aviation careers, Gulf War leadership, and political legacy. The ULTIMATE resource for Bush family history!', 'id': '6968cd186330733c1a3f118c', ...}, {'category': 'History &amp; Military', 'created_at': '2026-01-15T11:18:48.097000', 'description': 'Discover the heroic story of General William C. Gamble, the Irish-born Union cavalry commander who played a crucial role at Gettysburg. This protocol finds articles about his legendary military career during the U.S. Civil War.', 'id': '6968cd186330733c1a3f118d', ...}, {'category': 'Aviation &amp; Military', 'created_at': '2026-01-15T11:18:48.101000', 'description': 'Honor the memory of Richard J. Selman, an extraordinary A-4 Skyhawk pilot, Vietnam veteran, and aviation world record holder. Father of John J. Selman, his legacy lives on through this protocol that finds articles about his remarkable aviation career.', 'id': '6968cd186330733c1a3f118e', ...}, {'category': 'Education', 'created_at': '2026-01-15T11:42:43.063000', 'description': 'A FREE protocol to get you started! No cost, just pure search power! Copy it right now!', 'id': '6968d2b3f6b7025792ddc333', ...}, {'category': 'General', 'created_at': '2026-01-15T11:45:58.993000', 'description': 'A test FREE protocol for testing', 'id': '6968d3769f4e66e575a61318', ...}, ...]">tests/test_iteration69_features.py:322: in test_my_protocols_with_auth
    assert "protocols" in data
E   AssertionError: assert 'protocols' in [{'category': 'Science &amp; Research', 'created_at': '2026-01-11T16:04:04.324000', 'description': 'Comprehensive protocol for finding peer-reviewed climate science articles, IPCC reports, and environmental data. Perfect for researchers and students studying climate change impacts.', 'id': '6963c9f406d50c75b07bf0fb', ...}, {'category': 'History &amp; Politics', 'created_at': '2026-01-15T11:18:48.084000', 'description': 'Comprehensive protocol for finding articles about President George H.W. Bush and George W. Bush - their presidencies, aviation careers, Gulf War leadership, and political legacy. The ULTIMATE resource for Bush family history!', 'id': '6968cd186330733c1a3f118c', ...}, {'category': 'History &amp; Military', 'created_at': '2026-01-15T11:18:48.097000', 'description': 'Discover the heroic story of General William C. Gamble, the Irish-born Union cavalry commander who played a crucial role at Gettysburg. This protocol finds articles about his legendary military career during the U.S. Civil War.', 'id': '6968cd186330733c1a3f118d', ...}, {'category': 'Aviation &amp; Military', 'created_at': '2026-01-15T11:18:48.101000', 'description': 'Honor the memory of Richard J. Selman, an extraordinary A-4 Skyhawk pilot, Vietnam veteran, and aviation world record holder. Father of John J. Selman, his legacy lives on through this protocol that finds articles about his remarkable aviation career.', 'id': '6968cd186330733c1a3f118e', ...}, {'category': 'Education', 'created_at': '2026-01-15T11:42:43.063000', 'description': 'A FREE protocol to get you started! No cost, just pure search power! Copy it right now!', 'id': '6968d2b3f6b7025792ddc333', ...}, {'category': 'General', 'created_at': '2026-01-15T11:45:58.993000', 'description': 'A test FREE protocol for testing', 'id': '6968d3769f4e66e575a61318', ...}, ...]</failure></testcase></testsuite></testsuites>