<?xml version="1.0" encoding="utf-8"?><testsuites name="pytest tests"><testsuite name="pytest" errors="0" failures="0" skipped="0" tests="21" time="29.185" timestamp="2026-01-15T08:37:40.481192+00:00" hostname="agent-env-eead0a44-7f56-4861-8a55-fddfef12aa37"><testcase classname="tests.test_iteration12_features.TestHealthCheck" name="test_health_endpoint" time="0.076" /><testcase classname="tests.test_iteration12_features.TestAdminLogin" name="test_admin_login_success" time="0.041" /><testcase classname="tests.test_iteration12_features.TestAdminLogin" name="test_admin_login_wrong_password" time="0.034" /><testcase classname="tests.test_iteration12_features.TestAdminLogin" name="test_regular_user_login" time="0.035" /><testcase classname="tests.test_iteration12_features.TestCategoryOperations" name="test_get_categories" time="0.073" /><testcase classname="tests.test_iteration12_features.TestCategoryOperations" name="test_category_update_name_and_protocol" time="0.187" /><testcase classname="tests.test_iteration12_features.TestCategoryOperations" name="test_category_update_visibility" time="0.155" /><testcase classname="tests.test_iteration12_features.TestMarketplace" name="test_marketplace_categories" time="0.033" /><testcase classname="tests.test_iteration12_features.TestMarketplace" name="test_marketplace_protocols" time="0.039" /><testcase classname="tests.test_iteration12_features.TestSearchAndCollate" name="test_search_endpoint" time="4.801" /><testcase classname="tests.test_iteration12_features.TestSearchAndCollate" name="test_collate_endpoint" time="22.986" /><testcase classname="tests.test_iteration12_features.TestSearchAndCollate" name="test_ultimate_search_results" time="0.103" /><testcase classname="tests.test_iteration12_features.TestPromotionalContent" name="test_book_promo_endpoint" time="0.038" /><testcase classname="tests.test_iteration12_features.TestPromotionalContent" name="test_quotes_gallery" time="0.038" /><testcase classname="tests.test_iteration12_features.TestGamification" name="test_badges_endpoint" time="0.035" /><testcase classname="tests.test_iteration12_features.TestGamification" name="test_leaderboard_endpoint" time="0.036" /><testcase classname="tests.test_iteration12_features.TestAdminEndpoints" name="test_admin_stats_with_admin" time="0.111" /><testcase classname="tests.test_iteration12_features.TestAdminEndpoints" name="test_admin_stats_with_regular_user" time="0.069" /><testcase classname="tests.test_iteration12_features.TestAdminEndpoints" name="test_admin_settings_with_admin" time="0.066" /><testcase classname="tests.test_iteration12_features.TestProtocolValidation" name="test_valid_protocol" time="0.034" /><testcase classname="tests.test_iteration12_features.TestProtocolValidation" name="test_protocol_with_include_all" time="0.076" /></testsuite></testsuites>