<?xml version="1.0" encoding="utf-8"?><testsuites name="pytest tests"><testsuite name="pytest" errors="0" failures="3" skipped="0" tests="19" time="3.259" timestamp="2026-01-15T11:45:33.049782+00:00" hostname="agent-env-f9de2c45-b613-42f0-8c3b-b3b10519268f"><testcase classname="tests.test_iteration17_free_protocols.TestFreeProtocols" name="test_marketplace_protocols_list" time="0.100" /><testcase classname="tests.test_iteration17_free_protocols.TestFreeProtocols" name="test_free_protocol_exists" time="0.041" /><testcase classname="tests.test_iteration17_free_protocols.TestFreeProtocols" name="test_free_protocol_has_correct_fields" time="0.038" /><testcase classname="tests.test_iteration17_free_protocols.TestFreeProtocols" name="test_copy_free_protocol_without_auth" time="0.072" /><testcase classname="tests.test_iteration17_free_protocols.TestFreeProtocols" name="test_copy_paid_protocol_without_auth_fails" time="0.076" /><testcase classname="tests.test_iteration17_free_protocols.TestCreateFreeProtocol" name="test_create_free_protocol" time="0.072"><failure message="AssertionError: Create failed: {&quot;detail&quot;:&quot;Invalid protocol: Protocol must contain at least one group: (word1 or word2)&quot;}&#10;assert 400 == 200&#10; +  where 400 = &lt;Response [400]&gt;.status_code">tests/test_iteration17_free_protocols.py:147: in test_create_free_protocol
    assert response.status_code == 200, f"Create failed: {response.text}"
E   AssertionError: Create failed: {"detail":"Invalid protocol: Protocol must contain at least one group: (word1 or word2)"}
E   assert 400 == 200
E    +  where 400 = &lt;Response [400]&gt;.status_code</failure></testcase><testcase classname="tests.test_iteration17_free_protocols.TestCreateFreeProtocol" name="test_price_validation_allows_zero" time="0.032"><failure message="AssertionError: Zero price should be allowed: {&quot;detail&quot;:&quot;Invalid protocol: Protocol must contain at least one group: (word1 or word2)&quot;}&#10;assert 400 == 200&#10; +  where 400 = &lt;Response [400]&gt;.status_code">tests/test_iteration17_free_protocols.py:172: in test_price_validation_allows_zero
    assert response.status_code == 200, f"Zero price should be allowed: {response.text}"
E   AssertionError: Zero price should be allowed: {"detail":"Invalid protocol: Protocol must contain at least one group: (word1 or word2)"}
E   assert 400 == 200
E    +  where 400 = &lt;Response [400]&gt;.status_code</failure></testcase><testcase classname="tests.test_iteration17_free_protocols.TestCreateFreeProtocol" name="test_price_validation_max_limit" time="0.035"><failure message="AssertionError: Price over $99.99 should be rejected&#10;assert 422 == 400&#10; +  where 422 = &lt;Response [422]&gt;.status_code">tests/test_iteration17_free_protocols.py:192: in test_price_validation_max_limit
    assert response.status_code == 400, "Price over $99.99 should be rejected"
E   AssertionError: Price over $99.99 should be rejected
E   assert 422 == 400
E    +  where 422 = &lt;Response [422]&gt;.status_code</failure></testcase><testcase classname="tests.test_iteration17_free_protocols.TestStatisticsDashboard" name="test_statistics_dashboard_endpoint" time="0.039" /><testcase classname="tests.test_iteration17_free_protocols.TestStatisticsDashboard" name="test_statistics_overview_endpoint" time="0.038" /><testcase classname="tests.test_iteration17_free_protocols.TestStatisticsDashboard" name="test_statistics_countries_endpoint" time="0.034" /><testcase classname="tests.test_iteration17_free_protocols.TestStatisticsDashboard" name="test_statistics_us_states_endpoint" time="0.033" /><testcase classname="tests.test_iteration17_free_protocols.TestLeaderboard" name="test_leaderboard_sales_endpoint" time="0.033" /><testcase classname="tests.test_iteration17_free_protocols.TestLeaderboard" name="test_leaderboard_revenue_endpoint" time="0.041" /><testcase classname="tests.test_iteration17_free_protocols.TestLeaderboard" name="test_leaderboard_has_funny_titles" time="0.031" /><testcase classname="tests.test_iteration17_free_protocols.TestNewsletterGeneration" name="test_newsletter_generate_endpoint" time="2.325" /><testcase classname="tests.test_iteration17_free_protocols.TestNewsletterGeneration" name="test_newsletter_requires_admin" time="0.031" /><testcase classname="tests.test_iteration17_free_protocols.TestMarketplaceProtocolsComplete" name="test_all_protocols_present" time="0.036" /><testcase classname="tests.test_iteration17_free_protocols.TestMarketplaceProtocolsComplete" name="test_protocol_price_range" time="0.039" /></testsuite></testsuites>