<?xml version="1.0" encoding="utf-8"?><testsuites name="pytest tests"><testsuite name="pytest" errors="0" failures="1" skipped="0" tests="21" time="3.003" timestamp="2026-01-16T02:50:19.352080+00:00" hostname="agent-env-9af4f854-fbec-4055-840a-f5090085a01c"><testcase classname="tests.test_iteration43_stability.TestHealthAndBasicEndpoints" name="test_health_endpoint" time="0.097" /><testcase classname="tests.test_iteration43_stability.TestHealthAndBasicEndpoints" name="test_search_engines_endpoint" time="0.043" /><testcase classname="tests.test_iteration43_stability.TestHealthAndBasicEndpoints" name="test_legal_user_agreement" time="0.039" /><testcase classname="tests.test_iteration43_stability.TestHealthAndBasicEndpoints" name="test_legal_privacy_policy" time="0.040" /><testcase classname="tests.test_iteration43_stability.TestAuthentication" name="test_admin_login" time="0.039" /><testcase classname="tests.test_iteration43_stability.TestAuthentication" name="test_invalid_login" time="0.035" /><testcase classname="tests.test_iteration43_stability.TestAuthentication" name="test_session_token_validation" time="0.074" /><testcase classname="tests.test_iteration43_stability.TestAuthentication" name="test_invalid_token_rejected" time="0.038" /><testcase classname="tests.test_iteration43_stability.TestGroupsAndModeration" name="test_get_groups_with_moderation_fields" time="0.072" /><testcase classname="tests.test_iteration43_stability.TestGroupsAndModeration" name="test_create_and_get_group_details" time="0.117" /><testcase classname="tests.test_iteration43_stability.TestPagesAndModeration" name="test_get_pages_with_moderation_fields" time="0.075" /><testcase classname="tests.test_iteration43_stability.TestModerationEndpoints" name="test_group_ban_endpoint_exists" time="0.113" /><testcase classname="tests.test_iteration43_stability.TestModerationEndpoints" name="test_group_mute_endpoint_exists" time="0.109" /><testcase classname="tests.test_iteration43_stability.TestChatWebSocketCleanup" name="test_dm_conversations_endpoint" time="0.077" /><testcase classname="tests.test_iteration43_stability.TestChatWebSocketCleanup" name="test_unified_chat_overview_endpoint" time="0.067"><failure message="assert 404 == 200&#10; +  where 404 = &lt;Response [404]&gt;.status_code">tests/test_iteration43_stability.py:262: in test_unified_chat_overview_endpoint
    assert response.status_code == 200
E   assert 404 == 200
E    +  where 404 = &lt;Response [404]&gt;.status_code</failure></testcase><testcase classname="tests.test_iteration43_stability.TestChatWebSocketCleanup" name="test_chat_rooms_endpoint" time="0.073" /><testcase classname="tests.test_iteration43_stability.TestServicesExceptionHandling" name="test_search_with_empty_query" time="0.486" /><testcase classname="tests.test_iteration43_stability.TestServicesExceptionHandling" name="test_ai_search_with_invalid_mode" time="1.118" /><testcase classname="tests.test_iteration43_stability.TestAdminPanel" name="test_admin_settings_endpoint" time="0.069" /><testcase classname="tests.test_iteration43_stability.TestAdminPanel" name="test_admin_users_endpoint" time="0.071" /><testcase classname="tests.test_iteration43_stability.TestLegalEndpoints" name="test_terms_summary_endpoint" time="0.031" /></testsuite></testsuites>