<?xml version="1.0" encoding="utf-8"?><testsuites name="pytest tests"><testsuite name="pytest" errors="0" failures="0" skipped="0" tests="20" time="3.755" timestamp="2026-01-16T05:08:01.978670+00:00" hostname="agent-env-0645763a-e694-46c4-a4fc-3c5116d5e2be"><testcase classname="tests.test_iteration48_features.TestArticleTypesEndpoint" name="test_article_types_returns_13_types" time="0.067" /><testcase classname="tests.test_iteration48_features.TestArticleTypesEndpoint" name="test_article_types_have_required_fields" time="0.040" /><testcase classname="tests.test_iteration48_features.TestSearchEnginesEndpoint" name="test_search_engines_returns_status" time="0.037" /><testcase classname="tests.test_iteration48_features.TestAuthenticationAndCategories" name="test_login_success" time="0.041" /><testcase classname="tests.test_iteration48_features.TestAuthenticationAndCategories" name="test_get_categories" time="0.089" /><testcase classname="tests.test_iteration48_features.TestAuthenticationAndCategories" name="test_create_category" time="0.035" /><testcase classname="tests.test_iteration48_features.TestAuthenticationAndCategories" name="test_update_category" time="0.114" /><testcase classname="tests.test_iteration48_features.TestAuthenticationAndCategories" name="test_delete_category" time="0.074" /><testcase classname="tests.test_iteration48_features.TestAuthenticationAndCategories" name="test_cascade_delete_category" time="0.205" /><testcase classname="tests.test_iteration48_features.TestUltimateSearchEndpoints" name="test_ultimate_search_get" time="0.072" /><testcase classname="tests.test_iteration48_features.TestUltimateSearchEndpoints" name="test_ultimate_search_with_category_filter" time="0.090" /><testcase classname="tests.test_iteration48_features.TestUltimateSearchEndpoints" name="test_ultimate_search_stats" time="0.041" /><testcase classname="tests.test_iteration48_features.TestUltimateSearchEndpoints" name="test_ultimate_search_batches" time="0.045" /><testcase classname="tests.test_iteration48_features.TestAdminEndpoints" name="test_admin_settings" time="0.063" /><testcase classname="tests.test_iteration48_features.TestAdminEndpoints" name="test_admin_stats" time="0.047" /><testcase classname="tests.test_iteration48_features.TestAdminEndpoints" name="test_admin_users_list" time="0.035" /><testcase classname="tests.test_iteration48_features.TestAdminEndpoints" name="test_admin_moderation_actions" time="0.032" /><testcase classname="tests.test_iteration48_features.TestSearchFunctionality" name="test_search_endpoint" time="2.373" /><testcase classname="tests.test_iteration48_features.TestSearchFunctionality" name="test_database_search_endpoint" time="0.046" /><testcase classname="tests.test_iteration48_features.TestCleanup" name="test_cleanup_test_categories" time="0.125" /></testsuite></testsuites>