<?xml version="1.0" encoding="utf-8"?><testsuites name="pytest tests"><testsuite name="pytest" errors="0" failures="2" skipped="0" tests="25" time="1.139" timestamp="2026-01-15T23:04:45.327741+00:00" hostname="agent-env-d5b9e722-72fc-45d6-8e03-441a960ba255"><testcase classname="tests.test_iteration34_features.TestHealthAndBasics" name="test_health_endpoint" time="0.077" /><testcase classname="tests.test_iteration34_features.TestProtocolBundles" name="test_list_bundles_returns_empty_or_array" time="0.041" /><testcase classname="tests.test_iteration34_features.TestProtocolBundles" name="test_list_bundles_with_sort" time="0.178" /><testcase classname="tests.test_iteration34_features.TestProtocolBundles" name="test_create_bundle_requires_auth" time="0.052" /><testcase classname="tests.test_iteration34_features.TestProtocolBundles" name="test_create_bundle_requires_valid_protocols" time="0.083"><failure message="assert 520 in [400, 422]&#10; +  where 520 = &lt;Response [520]&gt;.status_code">tests/test_iteration34_features.py:97: in test_create_bundle_requires_valid_protocols
    assert response.status_code in [400, 422]
E   assert 520 in [400, 422]
E    +  where 520 = &lt;Response [520]&gt;.status_code</failure></testcase><testcase classname="tests.test_iteration34_features.TestProtocolBundles" name="test_get_bundle_not_found" time="0.040" /><testcase classname="tests.test_iteration34_features.TestProtocolBundles" name="test_purchase_bundle_requires_auth" time="0.033" /><testcase classname="tests.test_iteration34_features.TestProtocolBundles" name="test_my_bundle_purchases_requires_auth" time="0.037" /><testcase classname="tests.test_iteration34_features.TestProtocolBundles" name="test_my_bundle_purchases_with_auth" time="0.039" /><testcase classname="tests.test_iteration34_features.TestTriweeklyNewsletter" name="test_newsletter_subscribers_endpoint" time="0.040" /><testcase classname="tests.test_iteration34_features.TestTriweeklyNewsletter" name="test_newsletter_history_endpoint" time="0.040"><failure message="assert 520 == 200&#10; +  where 520 = &lt;Response [520]&gt;.status_code">tests/test_iteration34_features.py:146: in test_newsletter_history_endpoint
    assert response.status_code == 200
E   assert 520 == 200
E    +  where 520 = &lt;Response [520]&gt;.status_code</failure></testcase><testcase classname="tests.test_iteration34_features.TestMapAutoRefresh" name="test_ultimate_search_endpoint" time="0.039" /><testcase classname="tests.test_iteration34_features.TestMapAutoRefresh" name="test_map_data_endpoint" time="0.079" /><testcase classname="tests.test_iteration34_features.TestMarketplaceProtocols" name="test_marketplace_protocols_list" time="0.038" /><testcase classname="tests.test_iteration34_features.TestMarketplaceProtocols" name="test_free_protocols_exist" time="0.034" /><testcase classname="tests.test_iteration34_features.TestMarketplaceProtocols" name="test_protocol_has_required_fields" time="0.034" /><testcase classname="tests.test_iteration34_features.TestMarketplaceCategories" name="test_marketplace_categories" time="0.037" /><testcase classname="tests.test_iteration34_features.TestSellerDashboard" name="test_seller_dashboard_requires_auth" time="0.033" /><testcase classname="tests.test_iteration34_features.TestSellerDashboard" name="test_seller_dashboard_with_auth" time="0.036" /><testcase classname="tests.test_iteration34_features.TestProtocolAnalytics" name="test_my_protocols_analytics" time="0.039" /><testcase classname="tests.test_iteration34_features.TestCodeQuality" name="test_bundles_router_exists" time="0.000" /><testcase classname="tests.test_iteration34_features.TestCodeQuality" name="test_triweekly_newsletter_service_exists" time="0.000" /><testcase classname="tests.test_iteration34_features.TestCodeQuality" name="test_protocol_bundles_section_exists" time="0.000" /><testcase classname="tests.test_iteration34_features.TestCodeQuality" name="test_map_page_has_auto_refresh" time="0.000" /><testcase classname="tests.test_iteration34_features.TestCodeQuality" name="test_marketplace_has_bundles_tab" time="0.001" /></testsuite></testsuites>