<?xml version="1.0" encoding="utf-8"?><testsuites name="pytest tests"><testsuite name="pytest" errors="0" failures="0" skipped="0" tests="15" time="2.213" timestamp="2026-01-16T17:00:03.415520+00:00" hostname="agent-env-5ca1e1d7-cb6d-4cba-a8bb-c389649d33b4"><testcase classname="tests.test_iteration58_clean_category.TestCleanCategoryFeature" name="test_01_health_check" time="0.066" /><testcase classname="tests.test_iteration58_clean_category.TestCleanCategoryFeature" name="test_02_admin_login" time="0.042" /><testcase classname="tests.test_iteration58_clean_category.TestCleanCategoryFeature" name="test_03_get_categories" time="0.078" /><testcase classname="tests.test_iteration58_clean_category.TestCleanCategoryFeature" name="test_04_get_category_results_count" time="0.087" /><testcase classname="tests.test_iteration58_clean_category.TestCleanCategoryFeature" name="test_05_results_count_invalid_category" time="0.094" /><testcase classname="tests.test_iteration58_clean_category.TestCleanCategoryFeature" name="test_06_clean_category_invalid_mode" time="0.087" /><testcase classname="tests.test_iteration58_clean_category.TestCleanCategoryFeature" name="test_07_clean_category_remove_mode_structure" time="0.449" /><testcase classname="tests.test_iteration58_clean_category.TestCleanCategoryFeature" name="test_08_clean_category_delete_mode_structure" time="0.492" /><testcase classname="tests.test_iteration58_clean_category.TestCleanCategoryFeature" name="test_09_clean_category_delete_all_mode_structure" time="0.278" /><testcase classname="tests.test_iteration58_clean_category.TestCleanCategoryFeature" name="test_10_clean_category_unauthorized" time="0.108" /><testcase classname="tests.test_iteration58_clean_category.TestCleanCategoryFeature" name="test_11_results_count_unauthorized" time="0.113" /><testcase classname="tests.test_iteration58_clean_category.TestCleanCategoryFeature" name="test_12_verify_first_category_counts" time="0.115" /><testcase classname="tests.test_iteration58_clean_category.TestCleanCategoryEdgeCases" name="test_clean_invalid_category_id" time="0.046" /><testcase classname="tests.test_iteration58_clean_category.TestCleanCategoryEdgeCases" name="test_clean_malformed_category_id" time="0.039" /><testcase classname="tests.test_iteration58_clean_category.TestCleanCategoryEdgeCases" name="test_results_count_malformed_category_id" time="0.044" /></testsuite></testsuites>