<?xml version="1.0" encoding="utf-8"?><testsuites name="pytest tests"><testsuite name="pytest" errors="0" failures="0" skipped="0" tests="15" time="50.788" timestamp="2026-02-19T21:20:30.400683+00:00" hostname="agent-env-8f2d9206-d251-46c9-a9c9-01fa9a274d90"><testcase classname="backend.tests.test_iteration89_features.TestAINewsEndpoint" name="test_ai_news_returns_articles" time="16.049" /><testcase classname="backend.tests.test_iteration89_features.TestAINewsEndpoint" name="test_ai_news_has_ai_powered_flag" time="17.356" /><testcase classname="backend.tests.test_iteration89_features.TestAuthentication" name="test_login_success" time="0.248" /><testcase classname="backend.tests.test_iteration89_features.TestPriceValidation" name="test_price_validation_rejects_over_24_97" time="0.766" /><testcase classname="backend.tests.test_iteration89_features.TestPriceValidation" name="test_price_validation_rejects_25_dollars" time="0.669" /><testcase classname="backend.tests.test_iteration89_features.TestPriceValidation" name="test_price_validation_accepts_24_97" time="0.745" /><testcase classname="backend.tests.test_iteration89_features.TestPriceValidation" name="test_price_validation_accepts_lower_prices" time="0.753" /><testcase classname="backend.tests.test_iteration89_features.TestPriceValidation" name="test_price_validation_rejects_negative" time="0.624" /><testcase classname="backend.tests.test_iteration89_features.TestStripePricing" name="test_stripe_config_enabled" time="0.207" /><testcase classname="backend.tests.test_iteration89_features.TestStripePricing" name="test_stripe_prices_max_24_97" time="0.142" /><testcase classname="backend.tests.test_iteration89_features.TestFreeAccess" name="test_health_endpoint_public" time="0.119" /><testcase classname="backend.tests.test_iteration89_features.TestFreeAccess" name="test_ai_news_public" time="12.238" /><testcase classname="backend.tests.test_iteration89_features.TestFreeAccess" name="test_marketplace_public" time="0.147" /><testcase classname="backend.tests.test_iteration89_features.TestFreeAccess" name="test_statistics_overview_public" time="0.194" /><testcase classname="backend.tests.test_iteration89_features.TestCategoryCRUD" name="test_create_category_with_valid_price" time="0.461" /></testsuite></testsuites>