<?xml version="1.0" encoding="utf-8"?><testsuites name="pytest tests"><testsuite name="pytest" errors="0" failures="5" skipped="0" tests="20" time="22.426" timestamp="2026-01-16T02:48:51.226551+00:00" hostname="agent-env-9af4f854-fbec-4055-840a-f5090085a01c"><testcase classname="tests.test_iteration43_stability.TestHealthAndBasicEndpoints" name="test_health_endpoint" time="0.063" /><testcase classname="tests.test_iteration43_stability.TestHealthAndBasicEndpoints" name="test_search_engines_endpoint" time="0.037" /><testcase classname="tests.test_iteration43_stability.TestHealthAndBasicEndpoints" name="test_legal_user_agreement" time="0.040" /><testcase classname="tests.test_iteration43_stability.TestHealthAndBasicEndpoints" name="test_legal_privacy_policy" time="0.039" /><testcase classname="tests.test_iteration43_stability.TestAuthentication" name="test_admin_login" time="0.045" /><testcase classname="tests.test_iteration43_stability.TestAuthentication" name="test_invalid_login" time="0.036" /><testcase classname="tests.test_iteration43_stability.TestAuthentication" name="test_session_token_validation" time="0.077" /><testcase classname="tests.test_iteration43_stability.TestAuthentication" name="test_invalid_token_rejected" time="0.036"><failure message="assert 200 == 401&#10; +  where 200 = &lt;Response [200]&gt;.status_code">tests/test_iteration43_stability.py:107: in test_invalid_token_rejected
    assert response.status_code == 401
E   assert 200 == 401
E    +  where 200 = &lt;Response [200]&gt;.status_code</failure></testcase><testcase classname="tests.test_iteration43_stability.TestGroupsAndModeration" name="test_get_groups_with_moderation_fields" time="0.079" /><testcase classname="tests.test_iteration43_stability.TestGroupsAndModeration" name="test_create_and_get_group_details" time="0.152" /><testcase classname="tests.test_iteration43_stability.TestPagesAndModeration" name="test_get_pages_with_moderation_fields" time="0.079" /><testcase classname="tests.test_iteration43_stability.TestModerationEndpoints" name="test_group_ban_endpoint_exists" time="0.108"><failure message="assert 200 in [400, 404, 422]&#10; +  where 200 = &lt;Response [200]&gt;.status_code">tests/test_iteration43_stability.py:215: in test_group_ban_endpoint_exists
    assert response.status_code in [400, 404, 422]
E   assert 200 in [400, 404, 422]
E    +  where 200 = &lt;Response [200]&gt;.status_code</failure></testcase><testcase classname="tests.test_iteration43_stability.TestModerationEndpoints" name="test_group_mute_endpoint_exists" time="0.109"><failure message="assert 200 in [400, 404, 422]&#10; +  where 200 = &lt;Response [200]&gt;.status_code">tests/test_iteration43_stability.py:228: in test_group_mute_endpoint_exists
    assert response.status_code in [400, 404, 422]
E   assert 200 in [400, 404, 422]
E    +  where 200 = &lt;Response [200]&gt;.status_code</failure></testcase><testcase classname="tests.test_iteration43_stability.TestChatWebSocketCleanup" name="test_chat_conversations_endpoint" time="0.079"><failure message="assert 404 == 200&#10; +  where 404 = &lt;Response [404]&gt;.status_code">tests/test_iteration43_stability.py:248: in test_chat_conversations_endpoint
    assert response.status_code == 200
E   assert 404 == 200
E    +  where 404 = &lt;Response [404]&gt;.status_code</failure></testcase><testcase classname="tests.test_iteration43_stability.TestChatWebSocketCleanup" name="test_messages_endpoint" time="0.072"><failure message="assert 405 == 200&#10; +  where 405 = &lt;Response [405]&gt;.status_code">tests/test_iteration43_stability.py:254: in test_messages_endpoint
    assert response.status_code == 200
E   assert 405 == 200
E    +  where 405 = &lt;Response [405]&gt;.status_code</failure></testcase><testcase classname="tests.test_iteration43_stability.TestServicesExceptionHandling" name="test_search_with_empty_query" time="0.526" /><testcase classname="tests.test_iteration43_stability.TestServicesExceptionHandling" name="test_ai_search_with_invalid_mode" time="20.479" /><testcase classname="tests.test_iteration43_stability.TestAdminPanel" name="test_admin_settings_endpoint" time="0.094" /><testcase classname="tests.test_iteration43_stability.TestAdminPanel" name="test_admin_users_endpoint" time="0.073" /><testcase classname="tests.test_iteration43_stability.TestLegalEndpoints" name="test_terms_summary_endpoint" time="0.081" /></testsuite></testsuites>