<?xml version="1.0" encoding="utf-8"?><testsuites name="pytest tests"><testsuite name="pytest" errors="0" failures="0" skipped="0" tests="17" time="163.347" timestamp="2026-01-17T02:01:41.115717+00:00" hostname="agent-env-01a23756-c301-49f4-b8ae-1b79170e418a"><testcase classname="tests.test_iteration77_features.TestAuthentication" name="test_admin_login_success" time="0.073" /><testcase classname="tests.test_iteration77_features.TestAuthentication" name="test_login_invalid_credentials" time="0.037" /><testcase classname="tests.test_iteration77_features.TestAINewsAPI" name="test_ai_news_endpoint_returns_articles" time="12.204" /><testcase classname="tests.test_iteration77_features.TestAINewsAPI" name="test_ai_news_articles_have_required_fields" time="11.433" /><testcase classname="tests.test_iteration77_features.TestAINewsAPI" name="test_ai_news_different_topics" time="12.319" /><testcase classname="tests.test_iteration77_features.TestAINewsAPI" name="test_ai_news_excludes_entertainment" time="13.988" /><testcase classname="tests.test_iteration77_features.TestAINewsAPI" name="test_ai_news_without_auth" time="13.456" /><testcase classname="tests.test_iteration77_features.TestAIProtocolRecommendations" name="test_protocol_recommendations_trending" time="13.585" /><testcase classname="tests.test_iteration77_features.TestAIProtocolRecommendations" name="test_protocol_recommendations_all_categories" time="58.481" /><testcase classname="tests.test_iteration77_features.TestAIHashtagsGeneration" name="test_generate_hashtags_basic" time="0.885" /><testcase classname="tests.test_iteration77_features.TestAIHashtagsGeneration" name="test_generate_hashtags_with_category" time="1.196" /><testcase classname="tests.test_iteration77_features.TestSearchAPI" name="test_search_endpoint" time="25.172" /><testcase classname="tests.test_iteration77_features.TestCategoriesAPI" name="test_get_categories" time="0.135" /><testcase classname="tests.test_iteration77_features.TestCategoriesAPI" name="test_create_and_delete_category" time="0.112" /><testcase classname="tests.test_iteration77_features.TestAISuggestionsAPI" name="test_ai_suggestions" time="0.073" /><testcase classname="tests.test_iteration77_features.TestAISuggestionsAPI" name="test_ai_suggestions_refresh" time="0.079" /><testcase classname="tests.test_iteration77_features.TestHealthAndStatus" name="test_health_endpoint" time="0.033" /></testsuite></testsuites>