<?xml version="1.0" encoding="utf-8"?><testsuites name="pytest tests"><testsuite name="pytest" errors="0" failures="3" skipped="0" tests="19" time="1.612" timestamp="2026-01-16T23:11:25.541820+00:00" hostname="agent-env-792883d2-d2a0-4515-bd51-ba9ae8638e8d"><testcase classname="tests.test_iteration70_stability.TestHealthAndAuth" name="test_health_endpoint" time="0.085" /><testcase classname="tests.test_iteration70_stability.TestHealthAndAuth" name="test_admin_login" time="0.039" /><testcase classname="tests.test_iteration70_stability.TestMarketplaceAPIs" name="test_leaderboard_api" time="0.040" /><testcase classname="tests.test_iteration70_stability.TestMarketplaceAPIs" name="test_performance_insights_api" time="0.125" /><testcase classname="tests.test_iteration70_stability.TestMarketplaceAPIs" name="test_marketplace_protocols" time="0.077" /><testcase classname="tests.test_iteration70_stability.TestMarketplaceAPIs" name="test_marketplace_categories" time="0.122"><failure message="AssertionError: assert False&#10; +  where False = isinstance({'categories': [{'count': 3, 'name': 'Education'}, {'count': 2, 'name': 'Business &amp; Finance'}, {'count': 2, 'name': 'General'}, {'count': 1, 'name': 'Entertainment'}, {'count': 1, 'name': 'Science &amp; Research'}, {'count': 1, 'name': 'History &amp; Military'}, ...]}, list)">tests/test_iteration70_stability.py:121: in test_marketplace_categories
    assert isinstance(data, list)
E   AssertionError: assert False
E    +  where False = isinstance({'categories': [{'count': 3, 'name': 'Education'}, {'count': 2, 'name': 'Business &amp; Finance'}, {'count': 2, 'name': 'General'}, {'count': 1, 'name': 'Entertainment'}, {'count': 1, 'name': 'Science &amp; Research'}, {'count': 1, 'name': 'History &amp; Military'}, ...]}, list)</failure></testcase><testcase classname="tests.test_iteration70_stability.TestAdminPanelAPIs" name="test_admin_settings" time="0.077" /><testcase classname="tests.test_iteration70_stability.TestAdminPanelAPIs" name="test_newsletter_history" time="0.081"><failure message="assert 520 == 200&#10; +  where 520 = &lt;Response [520]&gt;.status_code">tests/test_iteration70_stability.py:150: in test_newsletter_history
    assert response.status_code == 200
E   assert 520 == 200
E    +  where 520 = &lt;Response [520]&gt;.status_code</failure></testcase><testcase classname="tests.test_iteration70_stability.TestAdminPanelAPIs" name="test_newsletter_schedule" time="0.081" /><testcase classname="tests.test_iteration70_stability.TestAdminPanelAPIs" name="test_email_reports_status" time="0.076" /><testcase classname="tests.test_iteration70_stability.TestAdminPanelAPIs" name="test_email_reports_history" time="0.078" /><testcase classname="tests.test_iteration70_stability.TestContentQualityScoring" name="test_search_results_endpoint" time="0.072"><failure message="assert 404 == 200&#10; +  where 404 = &lt;Response [404]&gt;.status_code">tests/test_iteration70_stability.py:203: in test_search_results_endpoint
    assert response.status_code == 200
E   assert 404 == 200
E    +  where 404 = &lt;Response [404]&gt;.status_code</failure></testcase><testcase classname="tests.test_iteration70_stability.TestContentQualityScoring" name="test_categories_endpoint" time="0.100" /><testcase classname="tests.test_iteration70_stability.TestDataFlowAndStability" name="test_notifications_endpoint" time="0.073" /><testcase classname="tests.test_iteration70_stability.TestDataFlowAndStability" name="test_ai_suggestions_endpoint" time="0.080" /><testcase classname="tests.test_iteration70_stability.TestDataFlowAndStability" name="test_seller_dashboard" time="0.074" /><testcase classname="tests.test_iteration70_stability.TestDataFlowAndStability" name="test_bundles_featured" time="0.068" /><testcase classname="tests.test_iteration70_stability.TestDataFlowAndStability" name="test_unread_count" time="0.074" /><testcase classname="tests.test_iteration70_stability.TestABTestingAndAnalytics" name="test_ab_testing_event" time="0.078" /></testsuite></testsuites>