<?xml version="1.0" encoding="utf-8"?><testsuites name="pytest tests"><testsuite name="pytest" errors="0" failures="1" skipped="1" tests="19" time="2.083" timestamp="2026-01-16T23:47:05.503760+00:00" hostname="agent-env-792883d2-d2a0-4515-bd51-ba9ae8638e8d"><testcase classname="tests.test_iteration72_quality_analytics.TestHealthAndBasics" name="test_health_endpoint" time="0.063" /><testcase classname="tests.test_iteration72_quality_analytics.TestAuthentication" name="test_admin_login" time="0.043" /><testcase classname="tests.test_iteration72_quality_analytics.TestQualityScoreAnalyticsAPI" name="test_quality_scores_endpoint_exists" time="0.129" /><testcase classname="tests.test_iteration72_quality_analytics.TestQualityScoreAnalyticsAPI" name="test_quality_scores_response_structure" time="0.095" /><testcase classname="tests.test_iteration72_quality_analytics.TestQualityScoreAnalyticsAPI" name="test_quality_scores_distribution_structure" time="0.169" /><testcase classname="tests.test_iteration72_quality_analytics.TestQualityScoreAnalyticsAPI" name="test_quality_scores_distribution_ranges" time="0.091" /><testcase classname="tests.test_iteration72_quality_analytics.TestQualityScoreAnalyticsAPI" name="test_quality_scores_average_score" time="0.092" /><testcase classname="tests.test_iteration72_quality_analytics.TestQualityScoreAnalyticsAPI" name="test_quality_scores_top_domains_structure" time="0.128" /><testcase classname="tests.test_iteration72_quality_analytics.TestQualityScoreAnalyticsAPI" name="test_quality_scores_improvement_opportunities" time="0.087" /><testcase classname="tests.test_iteration72_quality_analytics.TestQualityScoreAnalyticsAPI" name="test_quality_scores_article_type_quality" time="0.084" /><testcase classname="tests.test_iteration72_quality_analytics.TestQualityScoreAnalyticsAPI" name="test_quality_scores_insights" time="0.164" /><testcase classname="tests.test_iteration72_quality_analytics.TestQualityScoreAnalyticsAPI" name="test_quality_scores_requires_admin" time="0.036" /><testcase classname="tests.test_iteration72_quality_analytics.TestQualityScoreAnalyticsAPI" name="test_quality_scores_non_admin_forbidden" time="0.079"><skipped type="pytest.skip" message="Test user login failed - user may not exist">/app/tests/test_iteration72_quality_analytics.py:269: Test user login failed - user may not exist</skipped></testcase><testcase classname="tests.test_iteration72_quality_analytics.TestAdminPanelTabs" name="test_admin_settings_endpoint" time="0.276" /><testcase classname="tests.test_iteration72_quality_analytics.TestAdminPanelTabs" name="test_admin_stats_endpoint" time="0.073" /><testcase classname="tests.test_iteration72_quality_analytics.TestPreviousFeaturesStability" name="test_categories_endpoint" time="0.105" /><testcase classname="tests.test_iteration72_quality_analytics.TestPreviousFeaturesStability" name="test_marketplace_leaderboard" time="0.075" /><testcase classname="tests.test_iteration72_quality_analytics.TestPreviousFeaturesStability" name="test_newsletter_history" time="0.070" /><testcase classname="tests.test_iteration72_quality_analytics.TestPreviousFeaturesStability" name="test_category_analytics" time="0.110"><failure message="assert 404 == 200&#10; +  where 404 = &lt;Response [404]&gt;.status_code">tests/test_iteration72_quality_analytics.py:362: in test_category_analytics
    assert response.status_code == 200
E   assert 404 == 200
E    +  where 404 = &lt;Response [404]&gt;.status_code</failure></testcase></testsuite></testsuites>