<?xml version="1.0" encoding="utf-8"?><testsuites name="pytest tests"><testsuite name="pytest" errors="0" failures="1" skipped="0" tests="21" time="85.940" timestamp="2026-01-17T02:34:43.301411+00:00" hostname="agent-env-01a23756-c301-49f4-b8ae-1b79170e418a"><testcase classname="tests.test_iteration78_features.TestHealthAndBasics" name="test_health_endpoint" time="0.060" /><testcase classname="tests.test_iteration78_features.TestAuthentication" name="test_admin_login" time="0.041" /><testcase classname="tests.test_iteration78_features.TestAINewsAPI" name="test_ai_news_returns_10_articles" time="8.526" /><testcase classname="tests.test_iteration78_features.TestAINewsAPI" name="test_ai_news_different_topics" time="13.925" /><testcase classname="tests.test_iteration78_features.TestAINewsAPI" name="test_ai_news_no_entertainment" time="12.514" /><testcase classname="tests.test_iteration78_features.TestAINewsAPI" name="test_ai_news_article_structure" time="11.239" /><testcase classname="tests.test_iteration78_features.TestAISmartSuggestions" name="test_smart_suggestions_endpoint" time="4.045" /><testcase classname="tests.test_iteration78_features.TestAISmartSuggestions" name="test_smart_suggestions_with_empty_query" time="4.914" /><testcase classname="tests.test_iteration78_features.TestAISmartSuggestions" name="test_smart_suggestions_structure" time="4.023" /><testcase classname="tests.test_iteration78_features.TestAIRecommendationsTracking" name="test_track_recommendation_view" time="0.098" /><testcase classname="tests.test_iteration78_features.TestAIRecommendationsTracking" name="test_track_recommendation_copy" time="0.112" /><testcase classname="tests.test_iteration78_features.TestAIRecommendationsTracking" name="test_track_recommendation_create" time="0.075" /><testcase classname="tests.test_iteration78_features.TestAIRecommendationsTracking" name="test_track_recommendation_purchase" time="0.082" /><testcase classname="tests.test_iteration78_features.TestAIRecommendationsAnalytics" name="test_analytics_admin_access" time="0.073" /><testcase classname="tests.test_iteration78_features.TestAIRecommendationsAnalytics" name="test_analytics_non_admin_denied" time="0.072" /><testcase classname="tests.test_iteration78_features.TestCategoriesAPI" name="test_get_categories" time="0.101" /><testcase classname="tests.test_iteration78_features.TestCategoriesAPI" name="test_create_category" time="0.114" /><testcase classname="tests.test_iteration78_features.TestSearchAPI" name="test_search_endpoint" time="0.075"><failure message="assert 405 in [200, 404]&#10; +  where 405 = &lt;Response [405]&gt;.status_code">tests/test_iteration78_features.py:329: in test_search_endpoint
    assert response.status_code in [200, 404]
E   assert 405 in [200, 404]
E    +  where 405 = &lt;Response [405]&gt;.status_code</failure></testcase><testcase classname="tests.test_iteration78_features.TestSearchAPI" name="test_ultimate_search_endpoint" time="0.087" /><testcase classname="tests.test_iteration78_features.TestAIProtocolRecommendations" name="test_protocol_recommendations_trending" time="9.959" /><testcase classname="tests.test_iteration78_features.TestAIProtocolRecommendations" name="test_protocol_recommendations_gaps" time="15.694" /></testsuite></testsuites>