<?xml version="1.0" encoding="utf-8"?><testsuites name="pytest tests"><testsuite name="pytest" errors="0" failures="11" skipped="0" tests="11" time="1.127" timestamp="2026-01-15T12:52:03.355434+00:00" hostname="agent-env-459730b0-e55a-4de1-93a5-c5f44d0438ea"><testcase classname="tests.test_iteration19_category_filtering.TestCategoryFilteringBackend" name="test_ultimate_search_no_filter" time="0.138"><failure message="AssertionError: Response should contain 'count' key&#10;assert 'count' in {'page': 1, 'pages': 2, 'results': [{'article_type': 'News Article', 'categories': ['William Gamble Civil War'], 'created_at': '2026-01-15T08:58:00.906000', 'id': '6968ac18a7a5046b1bea2a80', ...}, {'article_type': 'News Article', 'categories': ['William Gamble Civil War'], 'created_at': '2026-01-15T08:58:00.902000', 'id': '6968ac18a7a5046b1bea2a7f', ...}, {'article_type': 'News Article', 'categories': ['William Gamble Civil War'], 'created_at': '2026-01-15T08:58:00.901000', 'id': '6968ac18a7a5046b1bea2a7e', ...}, {'article_type': 'News Article', 'categories': ['William Gamble Civil War'], 'created_at': '2026-01-15T08:38:09.048000', 'id': '6968a7716138fd0a0a5f3012', ...}, {'article_type': 'News Article', 'categories': ['William Gamble Civil War'], 'created_at': '2026-01-15T08:38:09.047000', 'id': '6968a7716138fd0a0a5f3011', ...}, {'article_type': 'News Article', 'categories': ['William Gamble Civil War'], 'created_at': '2026-01-15T08:38:09.045000', 'id': '6968a7716138fd0a0a5f3010', ...}, ...], 'total': 286}">tests/test_iteration19_category_filtering.py:55: in test_ultimate_search_no_filter
    assert "count" in data, "Response should contain 'count' key"
E   AssertionError: Response should contain 'count' key
E   assert 'count' in {'page': 1, 'pages': 2, 'results': [{'article_type': 'News Article', 'categories': ['William Gamble Civil War'], 'created_at': '2026-01-15T08:58:00.906000', 'id': '6968ac18a7a5046b1bea2a80', ...}, {'article_type': 'News Article', 'categories': ['William Gamble Civil War'], 'created_at': '2026-01-15T08:58:00.902000', 'id': '6968ac18a7a5046b1bea2a7f', ...}, {'article_type': 'News Article', 'categories': ['William Gamble Civil War'], 'created_at': '2026-01-15T08:58:00.901000', 'id': '6968ac18a7a5046b1bea2a7e', ...}, {'article_type': 'News Article', 'categories': ['William Gamble Civil War'], 'created_at': '2026-01-15T08:38:09.048000', 'id': '6968a7716138fd0a0a5f3012', ...}, {'article_type': 'News Article', 'categories': ['William Gamble Civil War'], 'created_at': '2026-01-15T08:38:09.047000', 'id': '6968a7716138fd0a0a5f3011', ...}, {'article_type': 'News Article', 'categories': ['William Gamble Civil War'], 'created_at': '2026-01-15T08:38:09.045000', 'id': '6968a7716138fd0a0a5f3010', ...}, ...], 'total': 286}</failure></testcase><testcase classname="tests.test_iteration19_category_filtering.TestCategoryFilteringBackend" name="test_ultimate_search_single_category_filter" time="0.095"><failure message="KeyError: 'filter_applied'">tests/test_iteration19_category_filtering.py:74: in test_ultimate_search_single_category_filter
    assert data["filter_applied"] == True, "filter_applied should be True when category is selected"
           ^^^^^^^^^^^^^^^^^^^^^^
E   KeyError: 'filter_applied'</failure></testcase><testcase classname="tests.test_iteration19_category_filtering.TestCategoryFilteringBackend" name="test_ultimate_search_multiple_categories_or" time="0.099"><failure message="KeyError: 'filter_applied'">tests/test_iteration19_category_filtering.py:94: in test_ultimate_search_multiple_categories_or
    assert data["filter_applied"] == True, "filter_applied should be True"
           ^^^^^^^^^^^^^^^^^^^^^^
E   KeyError: 'filter_applied'</failure></testcase><testcase classname="tests.test_iteration19_category_filtering.TestCategoryFilteringBackend" name="test_ultimate_search_multiple_categories_and" time="0.103"><failure message="KeyError: 'filter_applied'">tests/test_iteration19_category_filtering.py:109: in test_ultimate_search_multiple_categories_and
    assert data["filter_applied"] == True, "filter_applied should be True"
           ^^^^^^^^^^^^^^^^^^^^^^
E   KeyError: 'filter_applied'</failure></testcase><testcase classname="tests.test_iteration19_category_filtering.TestCategoryFilteringBackend" name="test_ultimate_search_multiple_categories_and_or" time="0.100"><failure message="KeyError: 'filter_applied'">tests/test_iteration19_category_filtering.py:125: in test_ultimate_search_multiple_categories_and_or
    assert data["filter_applied"] == True, "filter_applied should be True"
           ^^^^^^^^^^^^^^^^^^^^^^
E   KeyError: 'filter_applied'</failure></testcase><testcase classname="tests.test_iteration19_category_filtering.TestCategoryFilteringBackend" name="test_aggregation_logic_comparison" time="0.156"><failure message="KeyError: 'count'">tests/test_iteration19_category_filtering.py:147: in test_aggregation_logic_comparison
    assert and_data["count"] &lt;= or_data["count"], \
           ^^^^^^^^^^^^^^^^^
E   KeyError: 'count'</failure></testcase><testcase classname="tests.test_iteration19_category_filtering.TestCategoryFilteringBackend" name="test_categories_endpoint" time="0.043"><failure message="AssertionError: Expected 200, got 401&#10;assert 401 == 200&#10; +  where 401 = &lt;Response [401]&gt;.status_code">tests/test_iteration19_category_filtering.py:156: in test_categories_endpoint
    assert response.status_code == 200, f"Expected 200, got {response.status_code}"
E   AssertionError: Expected 200, got 401
E   assert 401 == 200
E    +  where 401 = &lt;Response [401]&gt;.status_code</failure></testcase><testcase classname="tests.test_iteration19_category_filtering.TestCategoryFilteringBackend" name="test_result_structure" time="0.043"><failure message="KeyError: 'count'">tests/test_iteration19_category_filtering.py:176: in test_result_structure
    if data["count"] &gt; 0:
       ^^^^^^^^^^^^^
E   KeyError: 'count'</failure></testcase><testcase classname="tests.test_iteration19_category_filtering.TestCategoryFilteringBackend" name="test_empty_category_ids" time="0.094"><failure message="KeyError: 'filter_applied'">tests/test_iteration19_category_filtering.py:206: in test_empty_category_ids
    assert data["filter_applied"] == False, "Empty category_ids should not apply filter"
           ^^^^^^^^^^^^^^^^^^^^^^
E   KeyError: 'filter_applied'</failure></testcase><testcase classname="tests.test_iteration19_category_filtering.TestCategoryFilteringBackend" name="test_invalid_category_id" time="0.103"><failure message="KeyError: 'count'">tests/test_iteration19_category_filtering.py:220: in test_invalid_category_id
    print(f"✅ Invalid category ID handled: {data['count']} results")
                                            ^^^^^^^^^^^^^
E   KeyError: 'count'</failure></testcase><testcase classname="tests.test_iteration19_category_filtering.TestCategoryFilteringWithoutAuth" name="test_ultimate_search_no_auth" time="0.037"><failure message="KeyError: 'count'">tests/test_iteration19_category_filtering.py:235: in test_ultimate_search_no_auth
    print(f"✅ Public access allowed: {data['count']} results")
                                      ^^^^^^^^^^^^^
E   KeyError: 'count'</failure></testcase></testsuite></testsuites>