<?xml version="1.0" encoding="utf-8"?><testsuites name="pytest tests"><testsuite name="pytest" errors="0" failures="0" skipped="0" tests="22" time="1.653" timestamp="2026-01-15T09:17:46.360717+00:00" hostname="agent-env-eead0a44-7f56-4861-8a55-fddfef12aa37"><testcase classname="tests.test_iteration14_features.TestHealthAndBasicEndpoints" name="test_health_endpoint" time="0.059" /><testcase classname="tests.test_iteration14_features.TestHealthAndBasicEndpoints" name="test_root_endpoint" time="0.032" /><testcase classname="tests.test_iteration14_features.TestAuthentication" name="test_admin_login" time="0.040" /><testcase classname="tests.test_iteration14_features.TestChatAPI" name="test_chat_rooms_endpoint_exists" time="0.114" /><testcase classname="tests.test_iteration14_features.TestChatAPI" name="test_chat_online_users_endpoint" time="0.070" /><testcase classname="tests.test_iteration14_features.TestChatAPI" name="test_create_chat_room" time="0.072" /><testcase classname="tests.test_iteration14_features.TestProtocolBundlesAPI" name="test_bundles_endpoint_exists" time="0.036" /><testcase classname="tests.test_iteration14_features.TestProtocolBundlesAPI" name="test_bundles_with_category_filter" time="0.033" /><testcase classname="tests.test_iteration14_features.TestProtocolBundlesAPI" name="test_bundles_with_sort" time="0.212" /><testcase classname="tests.test_iteration14_features.TestPushNotificationsAPI" name="test_vapid_key_endpoint_exists" time="0.033" /><testcase classname="tests.test_iteration14_features.TestPushNotificationsAPI" name="test_push_subscribe_requires_auth" time="0.059" /><testcase classname="tests.test_iteration14_features.TestPushNotificationsAPI" name="test_push_stats_requires_admin" time="0.071" /><testcase classname="tests.test_iteration14_features.TestAdvancedAnalytics" name="test_admin_analytics_endpoint" time="0.066" /><testcase classname="tests.test_iteration14_features.TestAdvancedAnalytics" name="test_admin_analytics_with_range" time="0.178" /><testcase classname="tests.test_iteration14_features.TestAdminEndpoints" name="test_admin_stats" time="0.071" /><testcase classname="tests.test_iteration14_features.TestAdminEndpoints" name="test_admin_users" time="0.078" /><testcase classname="tests.test_iteration14_features.TestMarketplaceEndpoints" name="test_marketplace_protocols" time="0.071" /><testcase classname="tests.test_iteration14_features.TestMarketplaceEndpoints" name="test_marketplace_categories" time="0.067" /><testcase classname="tests.test_iteration14_features.TestPromotionalContent" name="test_book_promo_endpoint" time="0.033" /><testcase classname="tests.test_iteration14_features.TestGamification" name="test_gamification_badges" time="0.033" /><testcase classname="tests.test_iteration14_features.TestGamification" name="test_gamification_leaderboard" time="0.077" /><testcase classname="tests.test_iteration14_features.TestGamification" name="test_gamification_profile" time="0.073" /></testsuite></testsuites>