<?xml version="1.0" encoding="utf-8"?><testsuites name="pytest tests"><testsuite name="pytest" errors="0" failures="0" skipped="0" tests="19" time="1.239" timestamp="2026-01-15T12:09:43.315257+00:00" hostname="agent-env-f9de2c45-b613-42f0-8c3b-b3b10519268f"><testcase classname="tests.test_iteration18_gamification.TestGamificationAchievements" name="test_get_all_achievements" time="0.061" /><testcase classname="tests.test_iteration18_gamification.TestGamificationAchievements" name="test_achievements_by_category" time="0.035" /><testcase classname="tests.test_iteration18_gamification.TestGamificationAchievements" name="test_search_achievements" time="0.034" /><testcase classname="tests.test_iteration18_gamification.TestGamificationAchievements" name="test_marketplace_achievements" time="0.031" /><testcase classname="tests.test_iteration18_gamification.TestGamificationLeaderboards" name="test_weekly_leaderboard" time="0.034" /><testcase classname="tests.test_iteration18_gamification.TestGamificationLeaderboards" name="test_all_time_leaderboard" time="0.037" /><testcase classname="tests.test_iteration18_gamification.TestAuthenticatedGamification" name="test_my_achievements" time="0.070" /><testcase classname="tests.test_iteration18_gamification.TestAuthenticatedGamification" name="test_check_achievements" time="0.117" /><testcase classname="tests.test_iteration18_gamification.TestAuthenticatedGamification" name="test_share_achievement_earned" time="0.152" /><testcase classname="tests.test_iteration18_gamification.TestAuthenticatedGamification" name="test_share_achievement_not_earned" time="0.101" /><testcase classname="tests.test_iteration18_gamification.TestAuthenticatedGamification" name="test_share_achievement_invalid" time="0.116" /><testcase classname="tests.test_iteration18_gamification.TestAuthenticatedGamification" name="test_my_achievements_without_auth" time="0.037" /><testcase classname="tests.test_iteration18_gamification.TestProtocolParserAbbreviations" name="test_protocol_parser_william_c_gamble" time="0.037" /><testcase classname="tests.test_iteration18_gamification.TestProtocolParserAbbreviations" name="test_protocol_parser_john_j_s" time="0.036" /><testcase classname="tests.test_iteration18_gamification.TestProtocolParserAbbreviations" name="test_protocol_parser_nm_location" time="0.035" /><testcase classname="tests.test_iteration18_gamification.TestProtocolParserAbbreviations" name="test_protocol_parser_ger_country" time="0.031" /><testcase classname="tests.test_iteration18_gamification.TestLevelSystem" name="test_level_names_in_leaderboard" time="0.036" /><testcase classname="tests.test_iteration18_gamification.TestFreeProtocolsWithBadge" name="test_marketplace_has_free_protocols" time="0.035" /><testcase classname="tests.test_iteration18_gamification.TestUserAchievementsProfile" name="test_get_user_achievements_by_id" time="0.146" /></testsuite></testsuites>