<?xml version="1.0" encoding="utf-8"?><testsuites name="pytest tests"><testsuite name="pytest" errors="0" failures="0" skipped="5" tests="21" time="1.287" timestamp="2026-01-15T17:23:30.638487+00:00" hostname="agent-env-91c1e3c0-935e-4984-a6f9-b87123039a12"><testcase classname="tests.test_iteration24_features.TestAuthentication" name="test_admin_login" time="0.099" /><testcase classname="tests.test_iteration24_features.TestAuthentication" name="test_regular_user_login_or_register" time="0.087"><skipped type="pytest.skip" message="Could not login or register test user">/app/tests/test_iteration24_features.py:58: Could not login or register test user</skipped></testcase><testcase classname="tests.test_iteration24_features.TestAISuggestions" name="test_ai_suggestions_requires_auth" time="0.037" /><testcase classname="tests.test_iteration24_features.TestAISuggestions" name="test_ai_suggestions_returns_data" time="0.084" /><testcase classname="tests.test_iteration24_features.TestAISuggestions" name="test_ai_suggestions_with_limit" time="0.039" /><testcase classname="tests.test_iteration24_features.TestAISuggestions" name="test_ai_suggestions_refresh" time="0.078" /><testcase classname="tests.test_iteration24_features.TestUserPollStatistics" name="test_user_poll_stats_requires_auth" time="0.036" /><testcase classname="tests.test_iteration24_features.TestUserPollStatistics" name="test_user_poll_stats_returns_data" time="0.035" /><testcase classname="tests.test_iteration24_features.TestAdminPollStatistics" name="test_admin_poll_stats_requires_auth" time="0.042" /><testcase classname="tests.test_iteration24_features.TestAdminPollStatistics" name="test_admin_poll_stats_requires_admin" time="0.067"><skipped type="pytest.skip" message="Could not get user token">/app/tests/test_iteration24_features.py:181: Could not get user token</skipped></testcase><testcase classname="tests.test_iteration24_features.TestAdminPollStatistics" name="test_admin_poll_stats_returns_data" time="0.044" /><testcase classname="tests.test_iteration24_features.TestAdminPollList" name="test_admin_poll_list_requires_auth" time="0.036" /><testcase classname="tests.test_iteration24_features.TestAdminPollList" name="test_admin_poll_list_requires_admin" time="0.000"><skipped type="pytest.skip" message="Could not get user token">/app/tests/test_iteration24_features.py:219: Could not get user token</skipped></testcase><testcase classname="tests.test_iteration24_features.TestAdminPollList" name="test_admin_poll_list_returns_data" time="0.038" /><testcase classname="tests.test_iteration24_features.TestAdminPollList" name="test_admin_poll_list_pagination" time="0.043" /><testcase classname="tests.test_iteration24_features.TestAdminPollList" name="test_admin_poll_list_status_filter" time="0.110" /><testcase classname="tests.test_iteration24_features.TestAdminPollManagement" name="test_admin_poll_update_requires_admin" time="0.000"><skipped type="pytest.skip" message="Could not get user token">/app/tests/test_iteration24_features.py:308: Could not get user token</skipped></testcase><testcase classname="tests.test_iteration24_features.TestAdminPollManagement" name="test_admin_poll_update" time="0.199" /><testcase classname="tests.test_iteration24_features.TestAdminPollManagement" name="test_admin_poll_delete_requires_admin" time="0.000"><skipped type="pytest.skip" message="Could not get user token">/app/tests/test_iteration24_features.py:332: Could not get user token</skipped></testcase><testcase classname="tests.test_iteration24_features.TestExistingPollEndpoints" name="test_get_poll_by_id" time="0.086" /><testcase classname="tests.test_iteration24_features.TestBookPromoBanner" name="test_book_promo_endpoint" time="0.033" /></testsuite></testsuites>