<?xml version="1.0" encoding="utf-8"?><testsuites name="pytest tests"><testsuite name="pytest" errors="0" failures="0" skipped="3" tests="16" time="1.786" timestamp="2026-01-16T04:19:54.971047+00:00" hostname="agent-env-9af4f854-fbec-4055-840a-f5090085a01c"><testcase classname="tests.test_iteration46_features.TestHealthCheck" name="test_api_health" time="0.108" /><testcase classname="tests.test_iteration46_features.TestLegalDocuments" name="test_get_user_agreement" time="0.047" /><testcase classname="tests.test_iteration46_features.TestLegalDocuments" name="test_get_privacy_policy" time="0.041" /><testcase classname="tests.test_iteration46_features.TestLegalDocuments" name="test_get_terms_summary" time="0.037" /><testcase classname="tests.test_iteration46_features.TestAdminSettings" name="test_get_admin_settings" time="0.078" /><testcase classname="tests.test_iteration46_features.TestAdminSettings" name="test_init_settings_includes_promo" time="0.115" /><testcase classname="tests.test_iteration46_features.TestAdminSettings" name="test_update_promo_title" time="0.193" /><testcase classname="tests.test_iteration46_features.TestAdminSettings" name="test_update_search_collate_limit" time="0.151" /><testcase classname="tests.test_iteration46_features.TestAdminModeration" name="test_ban_user_with_reason_and_note" time="0.167" /><testcase classname="tests.test_iteration46_features.TestAdminModeration" name="test_mute_user_with_duration_and_note" time="0.187" /><testcase classname="tests.test_iteration46_features.TestAdminModeration" name="test_get_moderation_actions" time="0.144" /><testcase classname="tests.test_iteration46_features.TestAdminModeration" name="test_moderation_requires_admin" time="0.145" /><testcase classname="tests.test_iteration46_features.TestProtocolParser" name="test_protocol_debug_with_and_operator" time="0.111"><skipped type="pytest.skip" message="Protocol debug endpoint not available">/app/tests/test_iteration46_features.py:372: Protocol debug endpoint not available</skipped></testcase><testcase classname="tests.test_iteration46_features.TestProtocolParser" name="test_protocol_with_ampersand" time="0.066"><skipped type="pytest.skip" message="Protocol debug endpoint not available">/app/tests/test_iteration46_features.py:390: Protocol debug endpoint not available</skipped></testcase><testcase classname="tests.test_iteration46_features.TestProtocolParser" name="test_protocol_case_insensitive_and" time="0.074"><skipped type="pytest.skip" message="Protocol debug endpoint not available">/app/tests/test_iteration46_features.py:412: Protocol debug endpoint not available</skipped></testcase><testcase classname="tests.test_iteration46_features.TestAdminSettingsPublicAccess" name="test_settings_accessible_without_auth" time="0.033" /></testsuite></testsuites>