<?xml version="1.0" encoding="utf-8"?><testsuites name="pytest tests"><testsuite name="pytest" errors="0" failures="1" skipped="0" tests="17" time="2.138" timestamp="2026-01-16T07:04:20.694908+00:00" hostname="agent-env-eba54299-dd08-493f-9e33-cadb7f267a9e"><testcase classname="tests.test_iteration53_features.TestHealthAndBasics" name="test_health_endpoint" time="0.076" /><testcase classname="tests.test_iteration53_features.TestHealthAndBasics" name="test_article_types_endpoint" time="0.036" /><testcase classname="tests.test_iteration53_features.TestAuthentication" name="test_admin_login" time="0.041" /><testcase classname="tests.test_iteration53_features.TestAuthentication" name="test_invalid_login_rejected" time="0.038" /><testcase classname="tests.test_iteration53_features.TestGlobalPriceControls" name="test_get_global_price_controls" time="0.088" /><testcase classname="tests.test_iteration53_features.TestGlobalPriceControls" name="test_update_global_price_controls" time="0.207" /><testcase classname="tests.test_iteration53_features.TestDoctypeSettings" name="test_get_doctype_settings" time="0.078" /><testcase classname="tests.test_iteration53_features.TestDoctypeSettings" name="test_update_doctype_settings" time="0.260" /><testcase classname="tests.test_iteration53_features.TestPersonalReportsCRUD" name="test_create_personal_report" time="0.152" /><testcase classname="tests.test_iteration53_features.TestPersonalReportsCRUD" name="test_get_personal_reports_list" time="0.081" /><testcase classname="tests.test_iteration53_features.TestPersonalReportsCRUD" name="test_get_specific_personal_report" time="0.150" /><testcase classname="tests.test_iteration53_features.TestPersonalReportsCRUD" name="test_update_personal_report" time="0.236" /><testcase classname="tests.test_iteration53_features.TestPersonalReportsCRUD" name="test_delete_personal_report" time="0.140" /><testcase classname="tests.test_iteration53_features.TestAdminSettings" name="test_admin_settings_values" time="0.186" /><testcase classname="tests.test_iteration53_features.TestUnpaidPriceControls" name="test_get_unpaid_price_controls" time="0.070" /><testcase classname="tests.test_iteration53_features.TestCategoriesAndSearch" name="test_get_categories" time="0.101"><failure message="AssertionError: assert 'categories' in [{'created_at': '2026-01-11T04:56:49.140000', 'id': '69632d91b13005975c5f61b4', 'is_public': True, 'level': 0, ...}, {'created_at': '2026-01-11T12:04:31.329000', 'id': '696391cf98449e11c8ab38f5', 'is_public': True, 'level': 0, ...}, {'created_at': '2026-01-11T12:08:47.344000', 'id': '696392cf5a09dfb1e6552851', 'is_public': True, 'level': 0, ...}, {'created_at': '2026-01-11T12:20:39.598000', 'id': '696395975a09dfb1e655285e', 'is_public': True, 'level': 0, ...}, {'created_at': '2026-01-11T12:50:48.421000', 'id': '69639ca8ac642de590353093', 'is_public': True, 'level': 0, ...}, {'created_at': '2026-01-11T12:53:52.566000', 'id': '69639d60ac642de590353099', 'is_public': True, 'level': 0, ...}, ...]">tests/test_iteration53_features.py:499: in test_get_categories
    assert "categories" in data
E   AssertionError: assert 'categories' in [{'created_at': '2026-01-11T04:56:49.140000', 'id': '69632d91b13005975c5f61b4', 'is_public': True, 'level': 0, ...}, {'created_at': '2026-01-11T12:04:31.329000', 'id': '696391cf98449e11c8ab38f5', 'is_public': True, 'level': 0, ...}, {'created_at': '2026-01-11T12:08:47.344000', 'id': '696392cf5a09dfb1e6552851', 'is_public': True, 'level': 0, ...}, {'created_at': '2026-01-11T12:20:39.598000', 'id': '696395975a09dfb1e655285e', 'is_public': True, 'level': 0, ...}, {'created_at': '2026-01-11T12:50:48.421000', 'id': '69639ca8ac642de590353093', 'is_public': True, 'level': 0, ...}, {'created_at': '2026-01-11T12:53:52.566000', 'id': '69639d60ac642de590353099', 'is_public': True, 'level': 0, ...}, ...]</failure></testcase><testcase classname="tests.test_iteration53_features.TestCategoriesAndSearch" name="test_ultimate_search_stats" time="0.084" /></testsuite></testsuites>