<?xml version="1.0" encoding="utf-8"?><testsuites name="pytest tests"><testsuite name="pytest" errors="0" failures="1" skipped="0" tests="22" time="1.272" timestamp="2026-01-16T18:34:04.504599+00:00" hostname="agent-env-f767c0c8-1fb3-429c-acb3-153c33001201"><testcase classname="tests.test_iteration61_features.TestHealthAndAuth" name="test_health_endpoint" time="0.067" /><testcase classname="tests.test_iteration61_features.TestHealthAndAuth" name="test_admin_login" time="0.039" /><testcase classname="tests.test_iteration61_features.TestThemeAndDarkMode" name="test_theme_context_exists" time="0.000" /><testcase classname="tests.test_iteration61_features.TestPersonalReports" name="test_get_personal_reports" time="0.088" /><testcase classname="tests.test_iteration61_features.TestPersonalReports" name="test_create_personal_report" time="0.073" /><testcase classname="tests.test_iteration61_features.TestEasterEggStatistics" name="test_easter_egg_global_stats" time="0.037" /><testcase classname="tests.test_iteration61_features.TestEasterEggStatistics" name="test_easter_egg_leaderboard" time="0.036" /><testcase classname="tests.test_iteration61_features.TestEasterEggStatistics" name="test_user_easter_egg_discoveries" time="0.072" /><testcase classname="tests.test_iteration61_features.TestPayPalWallet" name="test_get_my_earnings" time="0.071" /><testcase classname="tests.test_iteration61_features.TestPayPalWallet" name="test_paypal_config" time="0.036" /><testcase classname="tests.test_iteration61_features.TestMarketplace" name="test_list_marketplace_protocols" time="0.037" /><testcase classname="tests.test_iteration61_features.TestMarketplace" name="test_marketplace_categories" time="0.037" /><testcase classname="tests.test_iteration61_features.TestMarketplace" name="test_seller_dashboard" time="0.078" /><testcase classname="tests.test_iteration61_features.TestMarketplace" name="test_leaderboard_sales" time="0.036" /><testcase classname="tests.test_iteration61_features.TestMarketplace" name="test_leaderboard_revenue" time="0.040" /><testcase classname="tests.test_iteration61_features.TestStatistics" name="test_statistics_dashboard" time="0.043" /><testcase classname="tests.test_iteration61_features.TestStatistics" name="test_most_copied_protocols" time="0.034" /><testcase classname="tests.test_iteration61_features.TestChat" name="test_unified_chat_overview" time="0.081" /><testcase classname="tests.test_iteration61_features.TestChat" name="test_chat_stats" time="0.072" /><testcase classname="tests.test_iteration61_features.TestCategories" name="test_get_categories" time="0.098" /><testcase classname="tests.test_iteration61_features.TestAdminFeatures" name="test_admin_paypal_wallets" time="0.067" /><testcase classname="tests.test_iteration61_features.TestAdminFeatures" name="test_admin_settings_public" time="0.032"><failure message="assert 405 in [200, 404]&#10; +  where 405 = &lt;Response [405]&gt;.status_code">tests/test_iteration61_features.py:349: in test_admin_settings_public
    assert response.status_code in [200, 404]
E   assert 405 in [200, 404]
E    +  where 405 = &lt;Response [405]&gt;.status_code</failure></testcase></testsuite></testsuites>