<?xml version="1.0" encoding="utf-8"?><testsuites name="pytest tests"><testsuite name="pytest" errors="0" failures="0" skipped="0" tests="15" time="2.273" timestamp="2026-01-17T10:45:29.413172+00:00" hostname="agent-env-8f2d9206-d251-46c9-a9c9-01fa9a274d90"><testcase classname="tests.test_iteration85_p0_bugs.TestCategoryPUTEndpoint" name="test_create_category_success" time="0.140" /><testcase classname="tests.test_iteration85_p0_bugs.TestCategoryPUTEndpoint" name="test_update_category_name_success" time="0.217" /><testcase classname="tests.test_iteration85_p0_bugs.TestCategoryPUTEndpoint" name="test_update_category_protocol_success" time="0.144" /><testcase classname="tests.test_iteration85_p0_bugs.TestCategoryPUTEndpoint" name="test_update_category_is_public_success" time="0.151" /><testcase classname="tests.test_iteration85_p0_bugs.TestCategoryPUTEndpoint" name="test_update_category_all_fields_success" time="0.142" /><testcase classname="tests.test_iteration85_p0_bugs.TestCategoryPUTEndpoint" name="test_update_category_invalid_id" time="0.065" /><testcase classname="tests.test_iteration85_p0_bugs.TestCategoryPUTEndpoint" name="test_update_category_not_found" time="0.068" /><testcase classname="tests.test_iteration85_p0_bugs.TestCategoryPUTEndpoint" name="test_update_category_invalid_protocol" time="0.179" /><testcase classname="tests.test_iteration85_p0_bugs.TestCategoryFiltering" name="test_get_categories_with_counts" time="0.110" /><testcase classname="tests.test_iteration85_p0_bugs.TestCategoryFiltering" name="test_ultimate_search_with_category_filter" time="0.137" /><testcase classname="tests.test_iteration85_p0_bugs.TestMapEndpoints" name="test_worldwide_map_endpoint" time="0.111" /><testcase classname="tests.test_iteration85_p0_bugs.TestMapEndpoints" name="test_personal_map_data" time="0.080" /><testcase classname="tests.test_iteration85_p0_bugs.TestProtocolValidation" name="test_validate_valid_protocol" time="0.031" /><testcase classname="tests.test_iteration85_p0_bugs.TestProtocolValidation" name="test_validate_invalid_protocol" time="0.034" /><testcase classname="tests.test_iteration85_p0_bugs.TestCleanupTestData" name="test_cleanup_test_categories" time="0.582" /></testsuite></testsuites>