<?xml version="1.0" encoding="utf-8"?><testsuites name="pytest tests"><testsuite name="pytest" errors="0" failures="0" skipped="0" tests="26" time="1.482" timestamp="2026-01-15T18:12:32.232088+00:00" hostname="agent-env-91c1e3c0-935e-4984-a6f9-b87123039a12"><testcase classname="tests.test_iteration26_ab_testing.TestABTestingPublicEndpoints" name="test_get_active_tests" time="0.102" /><testcase classname="tests.test_iteration26_ab_testing.TestABTestingPublicEndpoints" name="test_get_variant_book_promo_headline" time="0.045" /><testcase classname="tests.test_iteration26_ab_testing.TestABTestingPublicEndpoints" name="test_get_variant_book_promo_cta" time="0.040" /><testcase classname="tests.test_iteration26_ab_testing.TestABTestingPublicEndpoints" name="test_get_variant_consistency" time="0.127" /><testcase classname="tests.test_iteration26_ab_testing.TestABTestingPublicEndpoints" name="test_get_variant_not_found" time="0.081" /><testcase classname="tests.test_iteration26_ab_testing.TestABTestingPublicEndpoints" name="test_get_batch_variants" time="0.042" /><testcase classname="tests.test_iteration26_ab_testing.TestABTestingPublicEndpoints" name="test_get_batch_variants_partial" time="0.038" /><testcase classname="tests.test_iteration26_ab_testing.TestABTestingEventTracking" name="test_track_impression_event" time="0.039" /><testcase classname="tests.test_iteration26_ab_testing.TestABTestingEventTracking" name="test_track_click_event" time="0.039" /><testcase classname="tests.test_iteration26_ab_testing.TestABTestingEventTracking" name="test_track_conversion_event" time="0.079" /><testcase classname="tests.test_iteration26_ab_testing.TestABTestingEventTracking" name="test_track_hover_event" time="0.034" /><testcase classname="tests.test_iteration26_ab_testing.TestABTestingEventTracking" name="test_track_invalid_event_type" time="0.037" /><testcase classname="tests.test_iteration26_ab_testing.TestABTestingAdminEndpoints" name="test_get_results_requires_auth" time="0.036" /><testcase classname="tests.test_iteration26_ab_testing.TestABTestingAdminEndpoints" name="test_get_results_requires_admin" time="0.080" /><testcase classname="tests.test_iteration26_ab_testing.TestABTestingAdminEndpoints" name="test_get_results_not_found" time="0.083" /><testcase classname="tests.test_iteration26_ab_testing.TestABTestingAdminEndpoints" name="test_get_dashboard_requires_auth" time="0.036" /><testcase classname="tests.test_iteration26_ab_testing.TestABTestingAdminEndpoints" name="test_get_dashboard" time="0.046" /><testcase classname="tests.test_iteration26_ab_testing.TestABTestingAdminEndpoints" name="test_get_dashboard_different_periods" time="0.129" /><testcase classname="tests.test_iteration26_ab_testing.TestDocumentationFiles" name="test_webstore_submission_guide_exists" time="0.000" /><testcase classname="tests.test_iteration26_ab_testing.TestDocumentationFiles" name="test_mobile_build_guide_exists" time="0.000" /><testcase classname="tests.test_iteration26_ab_testing.TestDefaultABTests" name="test_all_default_tests_exist" time="0.042" /><testcase classname="tests.test_iteration26_ab_testing.TestDefaultABTests" name="test_book_promo_headline_variants" time="0.078" /><testcase classname="tests.test_iteration26_ab_testing.TestDefaultABTests" name="test_book_promo_cta_variants" time="0.035" /><testcase classname="tests.test_iteration26_ab_testing.TestDefaultABTests" name="test_search_cta_style_variants" time="0.033" /><testcase classname="tests.test_iteration26_ab_testing.TestDefaultABTests" name="test_marketplace_cta_variants" time="0.038" /><testcase classname="tests.test_iteration26_ab_testing.TestDefaultABTests" name="test_signup_incentive_variants" time="0.032" /></testsuite></testsuites>