<?xml version="1.0" encoding="utf-8"?><testsuites name="pytest tests"><testsuite name="pytest" errors="0" failures="0" skipped="0" tests="14" time="1.357" timestamp="2026-01-15T16:22:51.675051+00:00" hostname="agent-env-72c40ba1-a164-43d2-a905-c542b2771d0e"><testcase classname="tests.test_iteration22_features.TestTutorialsAPI" name="test_get_tutorials_returns_10_tutorials" time="0.084" /><testcase classname="tests.test_iteration22_features.TestTutorialsAPI" name="test_tutorials_categories_exist" time="0.037" /><testcase classname="tests.test_iteration22_features.TestMostCopiedLeaderboard" name="test_most_copied_returns_leaderboard" time="0.036" /><testcase classname="tests.test_iteration22_features.TestMostCopiedLeaderboard" name="test_most_copied_stats_structure" time="0.037" /><testcase classname="tests.test_iteration22_features.TestWebhooksAPI" name="test_webhook_event_types" time="0.038" /><testcase classname="tests.test_iteration22_features.TestRateLimitingAPI" name="test_rate_limit_status_requires_auth" time="0.074" /><testcase classname="tests.test_iteration22_features.TestRateLimitingAPI" name="test_rate_limit_status_with_auth" time="0.073" /><testcase classname="tests.test_iteration22_features.TestPartialAdminRoles" name="test_add_group_moderator_endpoint_exists" time="0.250" /><testcase classname="tests.test_iteration22_features.TestPartialAdminRoles" name="test_add_page_admin_endpoint_exists" time="0.200" /><testcase classname="tests.test_iteration22_features.TestPartialAdminRoles" name="test_remove_group_moderator_endpoint_exists" time="0.185" /><testcase classname="tests.test_iteration22_features.TestPartialAdminRoles" name="test_remove_page_admin_endpoint_exists" time="0.151" /><testcase classname="tests.test_iteration22_features.TestCopyToClipboardAPI" name="test_marketplace_protocols_have_copy_tracking" time="0.035" /><testcase classname="tests.test_iteration22_features.TestStatisticsOverview" name="test_statistics_overview" time="0.040" /><testcase classname="tests.test_iteration22_features.TestBrowserExtensionSupport" name="test_health_endpoint" time="0.040" /></testsuite></testsuites>