<?xml version="1.0" encoding="utf-8"?><testsuites name="pytest tests"><testsuite name="pytest" errors="0" failures="1" skipped="0" tests="11" time="0.602" timestamp="2026-01-15T12:55:41.999730+00:00" hostname="agent-env-459730b0-e55a-4de1-93a5-c5f44d0438ea"><testcase classname="tests.test_iteration19_category_filtering.TestCategoryFilteringBackend" name="test_ultimate_search_no_filter" time="0.076" /><testcase classname="tests.test_iteration19_category_filtering.TestCategoryFilteringBackend" name="test_ultimate_search_single_category_filter" time="0.049" /><testcase classname="tests.test_iteration19_category_filtering.TestCategoryFilteringBackend" name="test_ultimate_search_multiple_categories_or" time="0.044" /><testcase classname="tests.test_iteration19_category_filtering.TestCategoryFilteringBackend" name="test_ultimate_search_multiple_categories_and" time="0.048" /><testcase classname="tests.test_iteration19_category_filtering.TestCategoryFilteringBackend" name="test_ultimate_search_multiple_categories_and_or" time="0.050" /><testcase classname="tests.test_iteration19_category_filtering.TestCategoryFilteringBackend" name="test_aggregation_logic_comparison" time="0.049" /><testcase classname="tests.test_iteration19_category_filtering.TestCategoryFilteringBackend" name="test_categories_endpoint" time="0.047"><failure message="AssertionError: Token should be set from login&#10;assert None is not None&#10; +  where None = &lt;tests.test_iteration19_category_filtering.TestCategoryFilteringBackend object at 0xfce6be002810&gt;.token">tests/test_iteration19_category_filtering.py:165: in test_categories_endpoint
    assert self.token is not None, "Token should be set from login"
E   AssertionError: Token should be set from login
E   assert None is not None
E    +  where None = &lt;tests.test_iteration19_category_filtering.TestCategoryFilteringBackend object at 0xfce6be002810&gt;.token</failure></testcase><testcase classname="tests.test_iteration19_category_filtering.TestCategoryFilteringBackend" name="test_result_structure" time="0.043" /><testcase classname="tests.test_iteration19_category_filtering.TestCategoryFilteringBackend" name="test_empty_category_ids" time="0.044" /><testcase classname="tests.test_iteration19_category_filtering.TestCategoryFilteringBackend" name="test_invalid_category_id" time="0.042" /><testcase classname="tests.test_iteration19_category_filtering.TestCategoryFilteringWithoutAuth" name="test_ultimate_search_no_auth" time="0.035" /></testsuite></testsuites>