<?xml version="1.0" encoding="utf-8"?><testsuites name="pytest tests"><testsuite name="pytest" errors="0" failures="0" skipped="0" tests="27" time="2.128" timestamp="2026-01-16T05:53:12.493358+00:00" hostname="agent-env-0645763a-e694-46c4-a4fc-3c5116d5e2be"><testcase classname="tests.test_iteration51_features.TestHealthAndBasics" name="test_health_endpoint" time="0.067" /><testcase classname="tests.test_iteration51_features.TestHealthAndBasics" name="test_article_types_endpoint" time="0.033" /><testcase classname="tests.test_iteration51_features.TestAuthentication" name="test_admin_login_success" time="0.041" /><testcase classname="tests.test_iteration51_features.TestAuthentication" name="test_invalid_login_rejected" time="0.032" /><testcase classname="tests.test_iteration51_features.TestUnpaidPriceControls" name="test_get_unpaid_price_controls" time="0.067" /><testcase classname="tests.test_iteration51_features.TestUnpaidPriceControls" name="test_update_unpaid_price_controls" time="0.147" /><testcase classname="tests.test_iteration51_features.TestUnpaidPriceControls" name="test_unpaid_price_controls_validation" time="0.102" /><testcase classname="tests.test_iteration51_features.TestUnpaidPriceControls" name="test_unpaid_price_controls_unauthorized" time="0.064" /><testcase classname="tests.test_iteration51_features.TestCategoryAnalytics" name="test_get_category_analytics" time="0.073" /><testcase classname="tests.test_iteration51_features.TestCategoryAnalytics" name="test_get_category_analytics_with_days_param" time="0.069" /><testcase classname="tests.test_iteration51_features.TestCategoryAnalytics" name="test_get_category_trends" time="0.076" /><testcase classname="tests.test_iteration51_features.TestCategoryAnalytics" name="test_get_category_trends_with_days_param" time="0.070" /><testcase classname="tests.test_iteration51_features.TestCategoryAnalytics" name="test_category_analytics_unauthorized" time="0.067" /><testcase classname="tests.test_iteration51_features.TestCategoryAnalytics" name="test_category_trends_unauthorized" time="0.069" /><testcase classname="tests.test_iteration51_features.TestSettingsDefaultValues" name="test_settings_init_includes_price_controls" time="0.075" /><testcase classname="tests.test_iteration51_features.TestSettingsDefaultValues" name="test_get_settings_includes_price_controls" time="0.068" /><testcase classname="tests.test_iteration51_features.TestPreviousFeaturesStillWorking" name="test_admin_stats" time="0.067" /><testcase classname="tests.test_iteration51_features.TestPreviousFeaturesStillWorking" name="test_marketplace_protocols" time="0.110" /><testcase classname="tests.test_iteration51_features.TestPreviousFeaturesStillWorking" name="test_marketplace_categories" time="0.067" /><testcase classname="tests.test_iteration51_features.TestPreviousFeaturesStillWorking" name="test_category_templates" time="0.065" /><testcase classname="tests.test_iteration51_features.TestPreviousFeaturesStillWorking" name="test_category_export" time="0.109" /><testcase classname="tests.test_iteration51_features.TestPreviousFeaturesStillWorking" name="test_batch_payout" time="0.073" /><testcase classname="tests.test_iteration51_features.TestPreviousFeaturesStillWorking" name="test_payout_settings" time="0.108" /><testcase classname="tests.test_iteration51_features.TestPreviousFeaturesStillWorking" name="test_moderation_actions" time="0.067" /><testcase classname="tests.test_iteration51_features.TestPreviousFeaturesStillWorking" name="test_search_engines" time="0.067" /><testcase classname="tests.test_iteration51_features.TestPreviousFeaturesStillWorking" name="test_ultimate_search_stats" time="0.079" /><testcase classname="tests.test_iteration51_features.TestMarketplacePriceValidation" name="test_marketplace_protocol_creation_valid_price" time="0.102" /></testsuite></testsuites>