<?xml version="1.0" encoding="utf-8"?><testsuites name="pytest tests"><testsuite name="pytest" errors="0" failures="0" skipped="0" tests="36" time="1.447" timestamp="2026-01-15T11:28:46.554295+00:00" hostname="agent-env-f9de2c45-b613-42f0-8c3b-b3b10519268f"><testcase classname="tests.test_iteration16_statistics.TestStatisticsOverview" name="test_statistics_overview_returns_200" time="0.081" /><testcase classname="tests.test_iteration16_statistics.TestStatisticsOverview" name="test_statistics_overview_has_required_fields" time="0.043" /><testcase classname="tests.test_iteration16_statistics.TestStatisticsOverview" name="test_statistics_overview_values_are_valid" time="0.036" /><testcase classname="tests.test_iteration16_statistics.TestStatisticsDashboard" name="test_dashboard_returns_200" time="0.044" /><testcase classname="tests.test_iteration16_statistics.TestStatisticsDashboard" name="test_dashboard_has_all_sections" time="0.042" /><testcase classname="tests.test_iteration16_statistics.TestStatisticsDashboard" name="test_dashboard_funny_fact_exists" time="0.042" /><testcase classname="tests.test_iteration16_statistics.TestCountriesStatistics" name="test_countries_returns_200" time="0.034" /><testcase classname="tests.test_iteration16_statistics.TestCountriesStatistics" name="test_countries_has_correct_structure" time="0.033" /><testcase classname="tests.test_iteration16_statistics.TestCountriesStatistics" name="test_countries_includes_usa" time="0.038" /><testcase classname="tests.test_iteration16_statistics.TestCountriesStatistics" name="test_countries_have_required_fields" time="0.032" /><testcase classname="tests.test_iteration16_statistics.TestUSStatesStatistics" name="test_us_states_returns_200" time="0.033" /><testcase classname="tests.test_iteration16_statistics.TestUSStatesStatistics" name="test_us_states_has_correct_structure" time="0.033" /><testcase classname="tests.test_iteration16_statistics.TestUSStatesStatistics" name="test_us_states_includes_maine" time="0.031" /><testcase classname="tests.test_iteration16_statistics.TestDocumentTypesStatistics" name="test_document_types_returns_200" time="0.031" /><testcase classname="tests.test_iteration16_statistics.TestDocumentTypesStatistics" name="test_document_types_has_correct_structure" time="0.036" /><testcase classname="tests.test_iteration16_statistics.TestDocumentTypesStatistics" name="test_document_types_have_colors" time="0.035" /><testcase classname="tests.test_iteration16_statistics.TestTopWordsStatistics" name="test_top_words_returns_200" time="0.033" /><testcase classname="tests.test_iteration16_statistics.TestTopWordsStatistics" name="test_top_words_has_correct_structure" time="0.074" /><testcase classname="tests.test_iteration16_statistics.TestTopWordsStatistics" name="test_top_words_have_ranks" time="0.040" /><testcase classname="tests.test_iteration16_statistics.TestLeaderboardBySales" name="test_leaderboard_sales_returns_200" time="0.037" /><testcase classname="tests.test_iteration16_statistics.TestLeaderboardBySales" name="test_leaderboard_sales_has_correct_structure" time="0.036" /><testcase classname="tests.test_iteration16_statistics.TestLeaderboardBySales" name="test_leaderboard_sales_has_funny_titles" time="0.031" /><testcase classname="tests.test_iteration16_statistics.TestLeaderboardBySales" name="test_leaderboard_sales_entries_have_required_fields" time="0.034" /><testcase classname="tests.test_iteration16_statistics.TestLeaderboardByRevenue" name="test_leaderboard_revenue_returns_200" time="0.038" /><testcase classname="tests.test_iteration16_statistics.TestLeaderboardByRevenue" name="test_leaderboard_revenue_has_correct_structure" time="0.036" /><testcase classname="tests.test_iteration16_statistics.TestLeaderboardByRevenue" name="test_leaderboard_revenue_has_funny_titles" time="0.034" /><testcase classname="tests.test_iteration16_statistics.TestLeaderboardByRevenue" name="test_leaderboard_revenue_entries_have_required_fields" time="0.033" /><testcase classname="tests.test_iteration16_statistics.TestMarketplaceProtocols" name="test_marketplace_has_11_protocols" time="0.032" /><testcase classname="tests.test_iteration16_statistics.TestMarketplaceProtocols" name="test_george_bush_protocol_exists" time="0.037" /><testcase classname="tests.test_iteration16_statistics.TestMarketplaceProtocols" name="test_william_c_gamble_protocol_exists" time="0.036" /><testcase classname="tests.test_iteration16_statistics.TestMarketplaceProtocols" name="test_richard_j_selman_protocol_exists" time="0.035" /><testcase classname="tests.test_iteration16_statistics.TestAdditionalStatisticsEndpoints" name="test_top_protocol_phrases_returns_200" time="0.034" /><testcase classname="tests.test_iteration16_statistics.TestAdditionalStatisticsEndpoints" name="test_category_breakdown_returns_200" time="0.032" /><testcase classname="tests.test_iteration16_statistics.TestAdditionalStatisticsEndpoints" name="test_user_growth_time_series_returns_200" time="0.031" /><testcase classname="tests.test_iteration16_statistics.TestAdditionalStatisticsEndpoints" name="test_revenue_time_series_returns_200" time="0.032" /><testcase classname="tests.test_iteration16_statistics.TestAdditionalStatisticsEndpoints" name="test_clipboard_copy_stats_returns_200" time="0.038" /></testsuite></testsuites>