<?xml version="1.0" encoding="utf-8"?><testsuites name="pytest tests"><testsuite name="pytest" errors="0" failures="1" skipped="0" tests="24" time="1.462" timestamp="2026-01-15T23:52:09.578888+00:00" hostname="agent-env-d5b9e722-72fc-45d6-8e03-441a960ba255"><testcase classname="tests.test_iteration36_features.TestHealthAndBasics" name="test_health_endpoint" time="0.115" /><testcase classname="tests.test_iteration36_features.TestAuthentication" name="test_admin_login" time="0.045" /><testcase classname="tests.test_iteration36_features.TestAuthentication" name="test_user_login" time="0.048" /><testcase classname="tests.test_iteration36_features.TestLaughOMeterEndpoints" name="test_laugh_stats_endpoint" time="0.116" /><testcase classname="tests.test_iteration36_features.TestLaughOMeterEndpoints" name="test_record_laugh_endpoint" time="0.095" /><testcase classname="tests.test_iteration36_features.TestLaughOMeterEndpoints" name="test_laugh_leaderboard_endpoint" time="0.044" /><testcase classname="tests.test_iteration36_features.TestLaughOMeterEndpoints" name="test_record_easter_egg_endpoint" time="0.135" /><testcase classname="tests.test_iteration36_features.TestLaughOMeterEndpoints" name="test_laugh_stats_requires_auth" time="0.035" /><testcase classname="tests.test_iteration36_features.TestCrossSellEndpoint" name="test_cross_sell_endpoint_structure" time="0.085" /><testcase classname="tests.test_iteration36_features.TestCrossSellEndpoint" name="test_cross_sell_invalid_protocol" time="0.038" /><testcase classname="tests.test_iteration36_features.TestBundlesFeaturedEndpoint" name="test_featured_bundle_endpoint" time="0.040" /><testcase classname="tests.test_iteration36_features.TestBundlesFeaturedEndpoint" name="test_featured_returns_null_when_no_bundles" time="0.043" /><testcase classname="tests.test_iteration36_features.TestCategoriesWithCounts" name="test_categories_includes_counts" time="0.109"><failure message="AttributeError: 'list' object has no attribute 'get'">tests/test_iteration36_features.py:271: in test_categories_includes_counts
    categories = data.get("categories", [])
                 ^^^^^^^^
E   AttributeError: 'list' object has no attribute 'get'</failure></testcase><testcase classname="tests.test_iteration36_features.TestBundlesTab" name="test_bundles_list_endpoint" time="0.043" /><testcase classname="tests.test_iteration36_features.TestBundlesTab" name="test_bundles_with_sort" time="0.196" /><testcase classname="tests.test_iteration36_features.TestNewsletterScheduler" name="test_newsletter_scheduler_times_in_code" time="0.000" /><testcase classname="tests.test_iteration36_features.TestAdminCollationSettings" name="test_admin_settings_endpoint" time="0.084" /><testcase classname="tests.test_iteration36_features.TestMapsAreFree" name="test_maps_free_in_marketplace" time="0.036" /><testcase classname="tests.test_iteration36_features.TestGamificationAchievements" name="test_achievements_list" time="0.037" /><testcase classname="tests.test_iteration36_features.TestCodeQuality" name="test_laugh_o_meter_component_exists" time="0.000" /><testcase classname="tests.test_iteration36_features.TestCodeQuality" name="test_cross_sell_component_exists" time="0.000" /><testcase classname="tests.test_iteration36_features.TestCodeQuality" name="test_letters_to_evelyn_component_exists" time="0.000" /><testcase classname="tests.test_iteration36_features.TestCodeQuality" name="test_gamification_routes_exist" time="0.000" /><testcase classname="tests.test_iteration36_features.TestCodeQuality" name="test_bundles_routes_exist" time="0.000" /></testsuite></testsuites>