<?xml version="1.0" encoding="utf-8"?><testsuites name="pytest tests"><testsuite name="pytest" errors="0" failures="0" skipped="0" tests="11" time="0.797" timestamp="2026-01-16T07:17:07.058405+00:00" hostname="agent-env-eba54299-dd08-493f-9e33-cadb7f267a9e"><testcase classname="tests.test_iteration54_features.TestIteration54Features" name="test_01_health_endpoint" time="0.056" /><testcase classname="tests.test_iteration54_features.TestIteration54Features" name="test_02_admin_login" time="0.038" /><testcase classname="tests.test_iteration54_features.TestIteration54Features" name="test_03_invalid_login_rejected" time="0.037" /><testcase classname="tests.test_iteration54_features.TestIteration54Features" name="test_04_global_price_controls_get" time="0.050" /><testcase classname="tests.test_iteration54_features.TestIteration54Features" name="test_05_global_price_controls_put" time="0.097" /><testcase classname="tests.test_iteration54_features.TestIteration54Features" name="test_06_doctype_settings_get" time="0.092" /><testcase classname="tests.test_iteration54_features.TestIteration54Features" name="test_07_doctype_settings_put" time="0.114" /><testcase classname="tests.test_iteration54_features.TestIteration54Features" name="test_08_personal_reports_get" time="0.091" /><testcase classname="tests.test_iteration54_features.TestIteration54Features" name="test_09_unpaid_price_controls_get" time="0.082" /><testcase classname="tests.test_iteration54_features.TestIteration54Features" name="test_10_admin_settings_get" time="0.043" /><testcase classname="tests.test_iteration54_features.TestIteration54Features" name="test_11_article_types_get" time="0.031" /></testsuite></testsuites>