<?xml version="1.0" encoding="utf-8"?><testsuites name="pytest tests"><testsuite name="pytest" errors="0" failures="0" skipped="0" tests="17" time="1.069" timestamp="2026-01-16T21:52:15.479670+00:00" hostname="agent-env-792883d2-d2a0-4515-bd51-ba9ae8638e8d"><testcase classname="tests.test_iteration68_features.TestHealthAndBasics" name="test_health_endpoint" time="0.074" /><testcase classname="tests.test_iteration68_features.TestAuthentication" name="test_admin_login" time="0.038" /><testcase classname="tests.test_iteration68_features.TestMarketplaceLeaderboard" name="test_leaderboard_all_time" time="0.041" /><testcase classname="tests.test_iteration68_features.TestMarketplaceLeaderboard" name="test_leaderboard_month" time="0.040" /><testcase classname="tests.test_iteration68_features.TestMarketplaceLeaderboard" name="test_leaderboard_week" time="0.041" /><testcase classname="tests.test_iteration68_features.TestMarketplaceSalesLeaderboard" name="test_sales_leaderboard" time="0.038" /><testcase classname="tests.test_iteration68_features.TestMarketplaceRevenueLeaderboard" name="test_revenue_leaderboard" time="0.036" /><testcase classname="tests.test_iteration68_features.TestMarketplaceProtocols" name="test_get_protocols" time="0.037" /><testcase classname="tests.test_iteration68_features.TestMarketplaceProtocols" name="test_get_categories" time="0.041" /><testcase classname="tests.test_iteration68_features.TestMarketplaceAuthenticatedEndpoints" name="test_seller_dashboard" time="0.113" /><testcase classname="tests.test_iteration68_features.TestMarketplaceAuthenticatedEndpoints" name="test_purchases" time="0.119" /><testcase classname="tests.test_iteration68_features.TestMarketplaceAuthenticatedEndpoints" name="test_admin_revenue_settings" time="0.076" /><testcase classname="tests.test_iteration68_features.TestBundlesEndpoints" name="test_featured_bundles" time="0.075" /><testcase classname="tests.test_iteration68_features.TestAISuggestions" name="test_ai_suggestions" time="0.080" /><testcase classname="tests.test_iteration68_features.TestGamificationLeaderboards" name="test_xp_leaderboard" time="0.038" /><testcase classname="tests.test_iteration68_features.TestGamificationLeaderboards" name="test_weekly_leaderboard" time="0.041" /><testcase classname="tests.test_iteration68_features.TestGamificationLeaderboards" name="test_monthly_leaderboard" time="0.052" /></testsuite></testsuites>