<?xml version="1.0" encoding="utf-8"?><testsuites name="pytest tests"><testsuite name="pytest" errors="0" failures="3" skipped="0" tests="20" time="21.856" timestamp="2026-01-15T08:57:07.006028+00:00" hostname="agent-env-eead0a44-7f56-4861-8a55-fddfef12aa37"><testcase classname="tests.test_iteration13_features.TestHealthCheck" name="test_health_endpoint" time="0.081" /><testcase classname="tests.test_iteration13_features.TestAdminLogin" name="test_admin_login_with_password" time="0.043" /><testcase classname="tests.test_iteration13_features.TestAdminLogin" name="test_regular_user_login" time="0.044" /><testcase classname="tests.test_iteration13_features.TestAdminLogin" name="test_admin_login_wrong_password" time="0.038" /><testcase classname="tests.test_iteration13_features.TestGoogleOAuthEndpoint" name="test_google_auth_endpoint_exists" time="0.040" /><testcase classname="tests.test_iteration13_features.TestGoogleOAuthEndpoint" name="test_google_auth_for_existing_admin" time="0.034" /><testcase classname="tests.test_iteration13_features.TestMarketplaceEndpoints" name="test_marketplace_categories" time="0.035" /><testcase classname="tests.test_iteration13_features.TestMarketplaceEndpoints" name="test_marketplace_protocols" time="0.041" /><testcase classname="tests.test_iteration13_features.TestCategoryEndpoints" name="test_get_categories" time="0.077"><failure message="AssertionError: Categories not in response&#10;assert 'categories' in [{'created_at': '2026-01-11T04:56:49.140000', 'id': '69632d91b13005975c5f61b4', 'is_public': True, 'level': 0, ...}, {'created_at': '2026-01-11T12:04:31.329000', 'id': '696391cf98449e11c8ab38f5', 'is_public': True, 'level': 0, ...}, {'created_at': '2026-01-11T12:08:47.344000', 'id': '696392cf5a09dfb1e6552851', 'is_public': True, 'level': 0, ...}, {'created_at': '2026-01-11T12:19:04.113000', 'id': '696395385a09dfb1e655285b', 'is_public': True, 'level': 0, ...}, {'created_at': '2026-01-11T12:20:39.598000', 'id': '696395975a09dfb1e655285e', 'is_public': True, 'level': 0, ...}, {'created_at': '2026-01-11T12:50:48.421000', 'id': '69639ca8ac642de590353093', 'is_public': True, 'level': 0, ...}, ...]">tests/test_iteration13_features.py:189: in test_get_categories
    assert "categories" in data, "Categories not in response"
E   AssertionError: Categories not in response
E   assert 'categories' in [{'created_at': '2026-01-11T04:56:49.140000', 'id': '69632d91b13005975c5f61b4', 'is_public': True, 'level': 0, ...}, {'created_at': '2026-01-11T12:04:31.329000', 'id': '696391cf98449e11c8ab38f5', 'is_public': True, 'level': 0, ...}, {'created_at': '2026-01-11T12:08:47.344000', 'id': '696392cf5a09dfb1e6552851', 'is_public': True, 'level': 0, ...}, {'created_at': '2026-01-11T12:19:04.113000', 'id': '696395385a09dfb1e655285b', 'is_public': True, 'level': 0, ...}, {'created_at': '2026-01-11T12:20:39.598000', 'id': '696395975a09dfb1e655285e', 'is_public': True, 'level': 0, ...}, {'created_at': '2026-01-11T12:50:48.421000', 'id': '69639ca8ac642de590353093', 'is_public': True, 'level': 0, ...}, ...]</failure></testcase><testcase classname="tests.test_iteration13_features.TestCategoryEndpoints" name="test_update_category" time="0.072"><failure message="AttributeError: 'list' object has no attribute 'get'">tests/test_iteration13_features.py:201: in test_update_category
    categories = response.json().get("categories", [])
                 ^^^^^^^^^^^^^^^^^^^
E   AttributeError: 'list' object has no attribute 'get'</failure></testcase><testcase classname="tests.test_iteration13_features.TestCollateEndpoint" name="test_collate_endpoint" time="0.081"><failure message="AttributeError: 'list' object has no attribute 'get'">tests/test_iteration13_features.py:247: in test_collate_endpoint
    categories = response.json().get("categories", [])
                 ^^^^^^^^^^^^^^^^^^^
E   AttributeError: 'list' object has no attribute 'get'</failure></testcase><testcase classname="tests.test_iteration13_features.TestSearchEndpoint" name="test_search_endpoint" time="20.727" /><testcase classname="tests.test_iteration13_features.TestBookPromoEndpoint" name="test_book_promo_endpoint" time="0.054" /><testcase classname="tests.test_iteration13_features.TestGamificationEndpoints" name="test_badges_endpoint" time="0.033" /><testcase classname="tests.test_iteration13_features.TestGamificationEndpoints" name="test_leaderboard_endpoint" time="0.035" /><testcase classname="tests.test_iteration13_features.TestAdminEndpoints" name="test_admin_stats" time="0.135" /><testcase classname="tests.test_iteration13_features.TestAdminEndpoints" name="test_admin_settings" time="0.072" /><testcase classname="tests.test_iteration13_features.TestAdminEndpoints" name="test_admin_stats_unauthorized" time="0.033" /><testcase classname="tests.test_iteration13_features.TestProtocolValidation" name="test_protocol_validate" time="0.037" /><testcase classname="tests.test_iteration13_features.TestQuotesEndpoint" name="test_quotes_gallery" time="0.034" /></testsuite></testsuites>