<?xml version="1.0" encoding="utf-8"?><testsuites name="pytest tests"><testsuite name="pytest" errors="0" failures="0" skipped="0" tests="19" time="1.146" timestamp="2026-01-15T21:11:21.863702+00:00" hostname="agent-env-5d433e5d-11c5-4d48-97dd-c06f19b889bd"><testcase classname="tests.test_iteration30_ab_optimizer.TestABOptimizerAPI" name="test_optimizer_status_endpoint" time="0.079" /><testcase classname="tests.test_iteration30_ab_optimizer.TestABOptimizerAPI" name="test_analyze_all_endpoint" time="0.084" /><testcase classname="tests.test_iteration30_ab_optimizer.TestABOptimizerAPI" name="test_enable_optimizer" time="0.099" /><testcase classname="tests.test_iteration30_ab_optimizer.TestABOptimizerAPI" name="test_disable_optimizer" time="0.099" /><testcase classname="tests.test_iteration30_ab_optimizer.TestABOptimizerAPI" name="test_optimizer_config_update" time="0.055" /><testcase classname="tests.test_iteration30_ab_optimizer.TestABOptimizerAPI" name="test_optimizer_history" time="0.085" /><testcase classname="tests.test_iteration30_ab_optimizer.TestABOptimizerAPI" name="test_run_optimizer_preview" time="0.048" /><testcase classname="tests.test_iteration30_ab_optimizer.TestABOptimizerAPI" name="test_optimizer_requires_admin" time="0.067" /><testcase classname="tests.test_iteration30_ab_optimizer.TestAdminPanelTabs" name="test_admin_panel_tabs_count" time="0.000" /><testcase classname="tests.test_iteration30_ab_optimizer.TestAdminPanelTabs" name="test_optimizer_tab_renders_component" time="0.000" /><testcase classname="tests.test_iteration30_ab_optimizer.TestABOptimizerService" name="test_optimizer_service_exists" time="0.000" /><testcase classname="tests.test_iteration30_ab_optimizer.TestABOptimizerService" name="test_optimizer_uses_gpt52" time="0.000" /><testcase classname="tests.test_iteration30_ab_optimizer.TestABOptimizerService" name="test_optimizer_routes_exist" time="0.000" /><testcase classname="tests.test_iteration30_ab_optimizer.TestRegressionBasicEndpoints" name="test_health_endpoint" time="0.085" /><testcase classname="tests.test_iteration30_ab_optimizer.TestRegressionBasicEndpoints" name="test_auth_login" time="0.072" /><testcase classname="tests.test_iteration30_ab_optimizer.TestRegressionBasicEndpoints" name="test_admin_settings" time="0.044" /><testcase classname="tests.test_iteration30_ab_optimizer.TestRegressionBasicEndpoints" name="test_ab_tests_endpoint" time="0.124" /><testcase classname="tests.test_iteration30_ab_optimizer.TestRegressionBasicEndpoints" name="test_tutorials_endpoint" time="0.068" /><testcase classname="tests.test_iteration30_ab_optimizer.TestRegressionBasicEndpoints" name="test_email_reports_status" time="0.053" /></testsuite></testsuites>