<?xml version="1.0" encoding="utf-8"?><testsuites name="pytest tests"><testsuite name="pytest" errors="0" failures="18" skipped="0" tests="34" time="2.060" timestamp="2026-01-17T09:48:16.462486+00:00" hostname="agent-env-72555148-700d-4013-9cad-0e3870fb96bc"><testcase classname="tests.test_iteration84_features.TestAuthentication" name="test_login_success" time="0.077" /><testcase classname="tests.test_iteration84_features.TestAdminPanel" name="test_admin_settings" time="0.074" /><testcase classname="tests.test_iteration84_features.TestAdminPanel" name="test_admin_users" time="0.040" /><testcase classname="tests.test_iteration84_features.TestAdminPanel" name="test_admin_banned_words" time="0.039" /><testcase classname="tests.test_iteration84_features.TestAdminPanel" name="test_admin_quality_report" time="0.038" /><testcase classname="tests.test_iteration84_features.TestAdminPanel" name="test_admin_alerts" time="0.035"><failure message="AssertionError: assert False&#10; +  where False = isinstance({'alerts': [], 'count': 0}, list)">tests/test_iteration84_features.py:124: in test_admin_alerts
    assert isinstance(data, list)
E   AssertionError: assert False
E    +  where False = isinstance({'alerts': [], 'count': 0}, list)</failure></testcase><testcase classname="tests.test_iteration84_features.TestAdminPanel" name="test_admin_polls" time="0.036"><failure message="assert 405 == 200&#10; +  where 405 = &lt;Response [405]&gt;.status_code">tests/test_iteration84_features.py:133: in test_admin_polls
    assert response.status_code == 200
E   assert 405 == 200
E    +  where 405 = &lt;Response [405]&gt;.status_code</failure></testcase><testcase classname="tests.test_iteration84_features.TestAdminPanel" name="test_admin_ab_tests" time="0.031"><failure message="assert 404 == 200&#10; +  where 404 = &lt;Response [404]&gt;.status_code">tests/test_iteration84_features.py:144: in test_admin_ab_tests
    assert response.status_code == 200
E   assert 404 == 200
E    +  where 404 = &lt;Response [404]&gt;.status_code</failure></testcase><testcase classname="tests.test_iteration84_features.TestAdminPanel" name="test_admin_optimizer" time="0.072"><failure message="assert 404 == 200&#10; +  where 404 = &lt;Response [404]&gt;.status_code">tests/test_iteration84_features.py:155: in test_admin_optimizer
    assert response.status_code == 200
E   assert 404 == 200
E    +  where 404 = &lt;Response [404]&gt;.status_code</failure></testcase><testcase classname="tests.test_iteration84_features.TestAdminPanel" name="test_admin_revenue_forecast" time="0.033"><failure message="assert 404 == 200&#10; +  where 404 = &lt;Response [404]&gt;.status_code">tests/test_iteration84_features.py:166: in test_admin_revenue_forecast
    assert response.status_code == 200
E   assert 404 == 200
E    +  where 404 = &lt;Response [404]&gt;.status_code</failure></testcase><testcase classname="tests.test_iteration84_features.TestAdminPanel" name="test_admin_email_reports" time="0.031"><failure message="assert 405 == 200&#10; +  where 405 = &lt;Response [405]&gt;.status_code">tests/test_iteration84_features.py:177: in test_admin_email_reports
    assert response.status_code == 200
E   assert 405 == 200
E    +  where 405 = &lt;Response [405]&gt;.status_code</failure></testcase><testcase classname="tests.test_iteration84_features.TestAdminPanel" name="test_admin_tutorials" time="0.038" /><testcase classname="tests.test_iteration84_features.TestUltimateSearch" name="test_categories_list" time="0.116" /><testcase classname="tests.test_iteration84_features.TestUltimateSearch" name="test_search_results" time="0.034"><failure message="assert 404 == 200&#10; +  where 404 = &lt;Response [404]&gt;.status_code">tests/test_iteration84_features.py:223: in test_search_results
    assert response.status_code == 200
E   assert 404 == 200
E    +  where 404 = &lt;Response [404]&gt;.status_code</failure></testcase><testcase classname="tests.test_iteration84_features.TestMapView" name="test_map_locations_worldwide" time="0.109"><failure message="assert 404 == 200&#10; +  where 404 = &lt;Response [404]&gt;.status_code">tests/test_iteration84_features.py:247: in test_map_locations_worldwide
    assert response.status_code == 200
E   assert 404 == 200
E    +  where 404 = &lt;Response [404]&gt;.status_code</failure></testcase><testcase classname="tests.test_iteration84_features.TestMapView" name="test_map_locations_personal" time="0.045"><failure message="assert 404 == 200&#10; +  where 404 = &lt;Response [404]&gt;.status_code">tests/test_iteration84_features.py:258: in test_map_locations_personal
    assert response.status_code == 200
E   assert 404 == 200
E    +  where 404 = &lt;Response [404]&gt;.status_code</failure></testcase><testcase classname="tests.test_iteration84_features.TestStatistics" name="test_statistics_worldwide" time="0.072"><failure message="assert 404 == 200&#10; +  where 404 = &lt;Response [404]&gt;.status_code">tests/test_iteration84_features.py:282: in test_statistics_worldwide
    assert response.status_code == 200
E   assert 404 == 200
E    +  where 404 = &lt;Response [404]&gt;.status_code</failure></testcase><testcase classname="tests.test_iteration84_features.TestStatistics" name="test_statistics_personal" time="0.037"><failure message="assert 404 == 200&#10; +  where 404 = &lt;Response [404]&gt;.status_code">tests/test_iteration84_features.py:292: in test_statistics_personal
    assert response.status_code == 200
E   assert 404 == 200
E    +  where 404 = &lt;Response [404]&gt;.status_code</failure></testcase><testcase classname="tests.test_iteration84_features.TestMarketplace" name="test_marketplace_browse_free" time="0.074" /><testcase classname="tests.test_iteration84_features.TestMarketplace" name="test_marketplace_browse_all" time="0.039" /><testcase classname="tests.test_iteration84_features.TestMarketplace" name="test_marketplace_my_purchases" time="0.037" /><testcase classname="tests.test_iteration84_features.TestMarketplace" name="test_marketplace_my_earnings" time="0.076"><failure message="assert 404 == 200&#10; +  where 404 = &lt;Response [404]&gt;.status_code">tests/test_iteration84_features.py:348: in test_marketplace_my_earnings
    assert response.status_code == 200
E   assert 404 == 200
E    +  where 404 = &lt;Response [404]&gt;.status_code</failure></testcase><testcase classname="tests.test_iteration84_features.TestMarketplace" name="test_marketplace_analytics" time="0.031"><failure message="assert 404 == 200&#10; +  where 404 = &lt;Response [404]&gt;.status_code">tests/test_iteration84_features.py:359: in test_marketplace_analytics
    assert response.status_code == 200
E   assert 404 == 200
E    +  where 404 = &lt;Response [404]&gt;.status_code</failure></testcase><testcase classname="tests.test_iteration84_features.TestSocial" name="test_friends_list" time="0.108"><failure message="assert 404 == 200&#10; +  where 404 = &lt;Response [404]&gt;.status_code">tests/test_iteration84_features.py:382: in test_friends_list
    assert response.status_code == 200
E   assert 404 == 200
E    +  where 404 = &lt;Response [404]&gt;.status_code</failure></testcase><testcase classname="tests.test_iteration84_features.TestSocial" name="test_groups_list" time="0.033"><failure message="assert 404 == 200&#10; +  where 404 = &lt;Response [404]&gt;.status_code">tests/test_iteration84_features.py:393: in test_groups_list
    assert response.status_code == 200
E   assert 404 == 200
E    +  where 404 = &lt;Response [404]&gt;.status_code</failure></testcase><testcase classname="tests.test_iteration84_features.TestSocial" name="test_pages_list" time="0.039"><failure message="assert 404 == 200&#10; +  where 404 = &lt;Response [404]&gt;.status_code">tests/test_iteration84_features.py:404: in test_pages_list
    assert response.status_code == 200
E   assert 404 == 200
E    +  where 404 = &lt;Response [404]&gt;.status_code</failure></testcase><testcase classname="tests.test_iteration84_features.TestSocial" name="test_messages_list" time="0.030"><failure message="assert 405 == 200&#10; +  where 405 = &lt;Response [405]&gt;.status_code">tests/test_iteration84_features.py:415: in test_messages_list
    assert response.status_code == 200
E   assert 405 == 200
E    +  where 405 = &lt;Response [405]&gt;.status_code</failure></testcase><testcase classname="tests.test_iteration84_features.TestSettings" name="test_user_profile" time="0.069" /><testcase classname="tests.test_iteration84_features.TestGamification" name="test_gamification_profile" time="0.065"><failure message="AssertionError: assert 'points' in {'badges': [], 'level': 1, 'login_streak': 0, 'progress': 0, ...}">tests/test_iteration84_features.py:466: in test_gamification_profile
    assert "points" in data
E   AssertionError: assert 'points' in {'badges': [], 'level': 1, 'login_streak': 0, 'progress': 0, ...}</failure></testcase><testcase classname="tests.test_iteration84_features.TestGamification" name="test_gamification_leaderboard" time="0.038" /><testcase classname="tests.test_iteration84_features.TestLegalPages" name="test_user_agreement" time="0.032" /><testcase classname="tests.test_iteration84_features.TestLegalPages" name="test_privacy_policy" time="0.035" /><testcase classname="tests.test_iteration84_features.TestTutorials" name="test_tutorials_list" time="0.034" /><testcase classname="tests.test_iteration84_features.TestCategoryClean" name="test_clean_category_endpoint_exists" time="0.146" /></testsuite></testsuites>