<?xml version="1.0" encoding="utf-8"?><testsuites name="pytest tests"><testsuite name="pytest" errors="0" failures="0" skipped="0" tests="21" time="5.211" timestamp="2026-01-16T02:35:57.043857+00:00" hostname="agent-env-9af4f854-fbec-4055-840a-f5090085a01c"><testcase classname="tests.test_iteration42_moderation.TestHealthAndBasicEndpoints" name="test_api_health" time="0.062" /><testcase classname="tests.test_iteration42_moderation.TestHealthAndBasicEndpoints" name="test_search_engines_endpoint" time="0.011" /><testcase classname="tests.test_iteration42_moderation.TestLegalEndpoints" name="test_user_agreement" time="0.010" /><testcase classname="tests.test_iteration42_moderation.TestLegalEndpoints" name="test_privacy_policy" time="0.008" /><testcase classname="tests.test_iteration42_moderation.TestLegalEndpoints" name="test_terms_summary" time="0.048" /><testcase classname="tests.test_iteration42_moderation.TestGroupsEndpoints" name="test_get_groups_with_moderation_fields" time="0.027" /><testcase classname="tests.test_iteration42_moderation.TestGroupsEndpoints" name="test_create_group_for_moderation" time="0.011" /><testcase classname="tests.test_iteration42_moderation.TestGroupsEndpoints" name="test_get_group_details_with_members" time="0.022" /><testcase classname="tests.test_iteration42_moderation.TestPagesEndpoints" name="test_get_pages_with_moderation_fields" time="0.010" /><testcase classname="tests.test_iteration42_moderation.TestPagesEndpoints" name="test_create_page_for_moderation" time="0.009" /><testcase classname="tests.test_iteration42_moderation.TestPagesEndpoints" name="test_get_page_details_with_members" time="0.059" /><testcase classname="tests.test_iteration42_moderation.TestGroupModerationEndpoints" name="test_ban_endpoint_exists" time="0.009" /><testcase classname="tests.test_iteration42_moderation.TestGroupModerationEndpoints" name="test_unban_endpoint_exists" time="0.049" /><testcase classname="tests.test_iteration42_moderation.TestGroupModerationEndpoints" name="test_mute_endpoint_exists" time="0.008" /><testcase classname="tests.test_iteration42_moderation.TestGroupModerationEndpoints" name="test_unmute_endpoint_exists" time="0.008" /><testcase classname="tests.test_iteration42_moderation.TestPageModerationEndpoints" name="test_page_ban_endpoint_exists" time="0.008" /><testcase classname="tests.test_iteration42_moderation.TestPageModerationEndpoints" name="test_page_unban_endpoint_exists" time="0.008" /><testcase classname="tests.test_iteration42_moderation.TestSearchFeatures" name="test_auto_categorize_endpoint" time="1.157" /><testcase classname="tests.test_iteration42_moderation.TestSearchFeatures" name="test_ai_search_endpoint" time="3.607" /><testcase classname="tests.test_iteration42_moderation.TestAdminPanel" name="test_admin_settings" time="0.009" /><testcase classname="tests.test_iteration42_moderation.TestAdminPanel" name="test_admin_users" time="0.010" /></testsuite></testsuites>