<?xml version="1.0" encoding="utf-8"?><testsuites name="pytest tests"><testsuite name="pytest" errors="0" failures="0" skipped="0" tests="15" time="351.785" timestamp="2026-01-11T18:50:37.275855+00:00" hostname="agent-env-8a5addae-2a27-4ab2-928b-68272d1f6363"><testcase classname="tests.test_newsletter_and_refactoring.TestHealthAndBasicEndpoints" name="test_health_endpoint" time="0.080" /><testcase classname="tests.test_newsletter_and_refactoring.TestHealthAndBasicEndpoints" name="test_api_base_accessible" time="0.039" /><testcase classname="tests.test_newsletter_and_refactoring.TestAuthentication" name="test_login_admin_success" time="0.041" /><testcase classname="tests.test_newsletter_and_refactoring.TestAuthentication" name="test_login_invalid_credentials" time="0.040" /><testcase classname="tests.test_newsletter_and_refactoring.TestAuthentication" name="test_auth_me_with_valid_token" time="0.074" /><testcase classname="tests.test_newsletter_and_refactoring.TestAuthentication" name="test_auth_me_without_token" time="0.034" /><testcase classname="tests.test_newsletter_and_refactoring.TestNewsletterEndpoints" name="test_newsletter_preview_returns_content" time="0.071" /><testcase classname="tests.test_newsletter_and_refactoring.TestNewsletterEndpoints" name="test_newsletter_preview_requires_auth" time="0.036" /><testcase classname="tests.test_newsletter_and_refactoring.TestNewsletterEndpoints" name="test_newsletter_generate_creates_content" time="14.791" /><testcase classname="tests.test_newsletter_and_refactoring.TestNewsletterEndpoints" name="test_newsletter_generate_requires_admin" time="0.056" /><testcase classname="tests.test_newsletter_and_refactoring.TestManuscriptContentIntegration" name="test_newsletter_contains_manuscript_elements" time="12.435" /><testcase classname="tests.test_newsletter_and_refactoring.TestAdminSettings" name="test_get_admin_settings" time="0.099" /><testcase classname="tests.test_newsletter_and_refactoring.TestAdminSettings" name="test_admin_settings_requires_auth" time="0.032" /><testcase classname="tests.test_newsletter_and_refactoring.TestSearchEndpoints" name="test_search_endpoint" time="323.792" /><testcase classname="tests.test_newsletter_and_refactoring.TestSearchEndpoints" name="test_categories_endpoint" time="0.105" /></testsuite></testsuites>