<?xml version="1.0" encoding="utf-8"?><testsuites name="pytest tests"><testsuite name="pytest" errors="0" failures="0" skipped="0" tests="20" time="15.326" timestamp="2026-01-24T13:03:31.585032+00:00" hostname="agent-env-50ca6e77-8783-4cac-9a64-2529787607c2"><testcase classname="backend.tests.test_iteration12_features.TestHealthAndCORS" name="test_health_endpoint" time="0.066" /><testcase classname="backend.tests.test_iteration12_features.TestHealthAndCORS" name="test_cors_headers_present" time="0.033" /><testcase classname="backend.tests.test_iteration12_features.TestHealthAndCORS" name="test_cors_not_wildcard" time="0.073" /><testcase classname="backend.tests.test_iteration12_features.TestAuthSession" name="test_auth_me_with_valid_token" time="0.039" /><testcase classname="backend.tests.test_iteration12_features.TestAuthSession" name="test_auth_me_without_token" time="0.034" /><testcase classname="backend.tests.test_iteration12_features.TestAuthSession" name="test_auth_session_endpoint_exists" time="0.127" /><testcase classname="backend.tests.test_iteration12_features.TestCategoryCreation" name="test_create_first_category" time="0.035" /><testcase classname="backend.tests.test_iteration12_features.TestCategoryCreation" name="test_create_second_category" time="0.037" /><testcase classname="backend.tests.test_iteration12_features.TestCategoryCreation" name="test_create_third_category" time="0.039" /><testcase classname="backend.tests.test_iteration12_features.TestCategoryCreation" name="test_get_user_categories" time="0.042" /><testcase classname="backend.tests.test_iteration12_features.TestMapDataAPI" name="test_map_data_detailed_endpoint" time="0.037" /><testcase classname="backend.tests.test_iteration12_features.TestMapDataAPI" name="test_map_data_structure" time="0.040" /><testcase classname="backend.tests.test_iteration12_features.TestStripeConfiguration" name="test_stripe_key_is_live_mode" time="0.000" /><testcase classname="backend.tests.test_iteration12_features.TestStripeConfiguration" name="test_payment_packages_endpoint" time="0.033" /><testcase classname="backend.tests.test_iteration12_features.TestLocationExtraction" name="test_search_collate_with_location" time="6.684" /><testcase classname="backend.tests.test_iteration12_features.TestLocationExtraction" name="test_deep_content_scan_parameter" time="7.779" /><testcase classname="backend.tests.test_iteration12_features.TestDocumentTypes" name="test_document_types_endpoint" time="0.050" /><testcase classname="backend.tests.test_iteration12_features.TestPublicEndpoints" name="test_branding_info" time="0.037" /><testcase classname="backend.tests.test_iteration12_features.TestPublicEndpoints" name="test_marketplace_headlines" time="0.035" /><testcase classname="backend.tests.test_iteration12_features.TestPublicEndpoints" name="test_public_categories" time="0.036" /></testsuite></testsuites>