<?xml version="1.0" encoding="utf-8"?><testsuites name="pytest tests"><testsuite name="pytest" errors="0" failures="2" skipped="0" tests="20" time="12.987" timestamp="2026-01-24T13:00:34.651536+00:00" hostname="agent-env-50ca6e77-8783-4cac-9a64-2529787607c2"><testcase classname="backend.tests.test_iteration12_features.TestHealthAndCORS" name="test_health_endpoint" time="0.072" /><testcase classname="backend.tests.test_iteration12_features.TestHealthAndCORS" name="test_cors_headers_present" time="0.038" /><testcase classname="backend.tests.test_iteration12_features.TestHealthAndCORS" name="test_cors_not_wildcard" time="0.037" /><testcase classname="backend.tests.test_iteration12_features.TestAuthSession" name="test_auth_me_with_valid_token" time="0.034" /><testcase classname="backend.tests.test_iteration12_features.TestAuthSession" name="test_auth_me_without_token" time="0.036" /><testcase classname="backend.tests.test_iteration12_features.TestAuthSession" name="test_auth_session_endpoint_exists" time="0.138" /><testcase classname="backend.tests.test_iteration12_features.TestCategoryCreation" name="test_create_first_category" time="0.043" /><testcase classname="backend.tests.test_iteration12_features.TestCategoryCreation" name="test_create_second_category" time="0.041" /><testcase classname="backend.tests.test_iteration12_features.TestCategoryCreation" name="test_create_third_category" time="0.034" /><testcase classname="backend.tests.test_iteration12_features.TestCategoryCreation" name="test_get_user_categories" time="0.036" /><testcase classname="backend.tests.test_iteration12_features.TestMapDataAPI" name="test_map_data_detailed_endpoint" time="0.066" /><testcase classname="backend.tests.test_iteration12_features.TestMapDataAPI" name="test_map_data_structure" time="0.036" /><testcase classname="backend.tests.test_iteration12_features.TestStripeConfiguration" name="test_stripe_key_is_live_mode" time="0.000"><failure message="AssertionError: Stripe key should be live mode (sk_live_), got: sk_test_emergen...&#10;assert False&#10; +  where False = &lt;built-in method startswith of str object at 0xfbac9c85d700&gt;('sk_live_')&#10; +    where &lt;built-in method startswith of str object at 0xfbac9c85d700&gt; = 'sk_test_emergent'.startswith">backend/tests/test_iteration12_features.py:230: in test_stripe_key_is_live_mode
    assert stripe_key.startswith("sk_live_"), f"Stripe key should be live mode (sk_live_), got: {stripe_key[:15]}..."
E   AssertionError: Stripe key should be live mode (sk_live_), got: sk_test_emergen...
E   assert False
E    +  where False = &lt;built-in method startswith of str object at 0xfbac9c85d700&gt;('sk_live_')
E    +    where &lt;built-in method startswith of str object at 0xfbac9c85d700&gt; = 'sk_test_emergent'.startswith</failure></testcase><testcase classname="backend.tests.test_iteration12_features.TestStripeConfiguration" name="test_payment_config_endpoint" time="0.054"><failure message="assert 404 == 200&#10; +  where 404 = &lt;Response [404]&gt;.status_code">backend/tests/test_iteration12_features.py:239: in test_payment_config_endpoint
    assert response.status_code == 200
E   assert 404 == 200
E    +  where 404 = &lt;Response [404]&gt;.status_code</failure></testcase><testcase classname="backend.tests.test_iteration12_features.TestLocationExtraction" name="test_search_collate_with_location" time="6.730" /><testcase classname="backend.tests.test_iteration12_features.TestLocationExtraction" name="test_deep_content_scan_parameter" time="5.287" /><testcase classname="backend.tests.test_iteration12_features.TestDocumentTypes" name="test_document_types_endpoint" time="0.055" /><testcase classname="backend.tests.test_iteration12_features.TestPublicEndpoints" name="test_branding_info" time="0.039" /><testcase classname="backend.tests.test_iteration12_features.TestPublicEndpoints" name="test_marketplace_headlines" time="0.038" /><testcase classname="backend.tests.test_iteration12_features.TestPublicEndpoints" name="test_public_categories" time="0.038" /></testsuite></testsuites>