<?xml version="1.0" encoding="utf-8"?><testsuites name="pytest tests"><testsuite name="pytest" errors="0" failures="15" skipped="0" tests="45" time="12.754" timestamp="2026-01-10T07:25:21.173398+00:00" hostname="agent-env-e28954ce-8eb1-4265-af27-57f68cc2e6d3"><testcase classname="tests.test_pre_paypal_iteration11.TestHealthAndBasics" name="test_health_check" time="0.102" /><testcase classname="tests.test_pre_paypal_iteration11.TestHealthAndBasics" name="test_root_endpoint" time="0.037" /><testcase classname="tests.test_pre_paypal_iteration11.TestAuthentication" name="test_login_admin_user" time="0.266" /><testcase classname="tests.test_pre_paypal_iteration11.TestAuthentication" name="test_login_invalid_credentials" time="0.038" /><testcase classname="tests.test_pre_paypal_iteration11.TestAuthentication" name="test_register_new_user" time="0.271" /><testcase classname="tests.test_pre_paypal_iteration11.TestAuthentication" name="test_get_current_user" time="0.297" /><testcase classname="tests.test_pre_paypal_iteration11.TestCategories" name="test_list_categories" time="0.303"><failure message="AssertionError: assert 'categories' in [{'created_at': '2026-01-04T11:35:09.382967Z', 'id': '90681735-a2b2-424f-b342-1401d63b2177', 'is_public': True, 'level': 0, ...}, {'created_at': '2026-01-04T16:02:20.247459Z', 'id': '565c5a2a-0222-4bc9-abbc-aaa627403b42', 'is_public': True, 'level': 0, ...}, {'created_at': '2026-01-05T00:03:55.700088Z', 'id': 'cec26a9f-446a-4b17-ab56-703372f3f498', 'is_public': True, 'level': 0, ...}, {'created_at': '2026-01-05T00:14:50.612257Z', 'id': '26210747-fa89-4e9e-9761-aa0c3be45f38', 'is_public': True, 'level': 0, ...}, {'created_at': '2026-01-05T00:19:34.727558Z', 'id': '72dfdf56-a855-43b9-9c24-e1e4ca3711dc', 'is_public': True, 'level': 0, ...}, {'created_at': '2026-01-05T00:20:22.744334Z', 'id': 'e3bd3cd2-ca21-4e42-8f73-809b6b5c2c55', 'is_public': True, 'level': 0, ...}, ...]">tests/test_pre_paypal_iteration11.py:133: in test_list_categories
    assert "categories" in data
E   AssertionError: assert 'categories' in [{'created_at': '2026-01-04T11:35:09.382967Z', 'id': '90681735-a2b2-424f-b342-1401d63b2177', 'is_public': True, 'level': 0, ...}, {'created_at': '2026-01-04T16:02:20.247459Z', 'id': '565c5a2a-0222-4bc9-abbc-aaa627403b42', 'is_public': True, 'level': 0, ...}, {'created_at': '2026-01-05T00:03:55.700088Z', 'id': 'cec26a9f-446a-4b17-ab56-703372f3f498', 'is_public': True, 'level': 0, ...}, {'created_at': '2026-01-05T00:14:50.612257Z', 'id': '26210747-fa89-4e9e-9761-aa0c3be45f38', 'is_public': True, 'level': 0, ...}, {'created_at': '2026-01-05T00:19:34.727558Z', 'id': '72dfdf56-a855-43b9-9c24-e1e4ca3711dc', 'is_public': True, 'level': 0, ...}, {'created_at': '2026-01-05T00:20:22.744334Z', 'id': 'e3bd3cd2-ca21-4e42-8f73-809b6b5c2c55', 'is_public': True, 'level': 0, ...}, ...]</failure></testcase><testcase classname="tests.test_pre_paypal_iteration11.TestCategories" name="test_create_category" time="0.295"><failure message="AssertionError: assert 'category' in {'created_at': '2026-01-10T07:25:22.887307Z', 'id': '368ff10a-77fc-49f7-8014-b459442b7fd7', 'is_public': True, 'level': 0, ...}">tests/test_pre_paypal_iteration11.py:145: in test_create_category
    assert "category" in data
E   AssertionError: assert 'category' in {'created_at': '2026-01-10T07:25:22.887307Z', 'id': '368ff10a-77fc-49f7-8014-b459442b7fd7', 'is_public': True, 'level': 0, ...}</failure></testcase><testcase classname="tests.test_pre_paypal_iteration11.TestCategories" name="test_get_category_tree" time="0.309"><failure message="AssertionError: assert 'tree' in {'categories': [{'children': [], 'created_at': '2026-01-04T11:35:09.382967+00:00', 'id': '90681735-a2b2-424f-b342-1401d63b2177', 'is_public': True, ...}, {'children': [], 'created_at': '2026-01-10T07:23:53.677923+00:00', 'id': '937eed4c-859c-4317-834a-4d9937af98e6', 'is_public': True, ...}, {'children': [], 'created_at': '2026-01-10T06:24:36.472182+00:00', 'id': 'b908d648-4b5d-4a51-afdb-0366cfb68741', 'is_public': True, ...}, {'children': [], 'created_at': '2026-01-10T06:22:49.158491+00:00', 'id': '193c4a84-514d-48bf-8504-52fd71d4c038', 'is_public': True, ...}, {'children': [], 'created_at': '2026-01-10T07:25:22.887307+00:00', 'id': '368ff10a-77fc-49f7-8014-b459442b7fd7', 'is_public': True, ...}, {'children': [], 'created_at': '2026-01-10T06:22:49.766494+00:00', 'id': '3e2b2e23-778c-4f6c-b5b1-e494a411774d', 'is_public': True, ...}, ...]}">tests/test_pre_paypal_iteration11.py:154: in test_get_category_tree
    assert "tree" in data
E   AssertionError: assert 'tree' in {'categories': [{'children': [], 'created_at': '2026-01-04T11:35:09.382967+00:00', 'id': '90681735-a2b2-424f-b342-1401d63b2177', 'is_public': True, ...}, {'children': [], 'created_at': '2026-01-10T07:23:53.677923+00:00', 'id': '937eed4c-859c-4317-834a-4d9937af98e6', 'is_public': True, ...}, {'children': [], 'created_at': '2026-01-10T06:24:36.472182+00:00', 'id': 'b908d648-4b5d-4a51-afdb-0366cfb68741', 'is_public': True, ...}, {'children': [], 'created_at': '2026-01-10T06:22:49.158491+00:00', 'id': '193c4a84-514d-48bf-8504-52fd71d4c038', 'is_public': True, ...}, {'children': [], 'created_at': '2026-01-10T07:25:22.887307+00:00', 'id': '368ff10a-77fc-49f7-8014-b459442b7fd7', 'is_public': True, ...}, {'children': [], 'created_at': '2026-01-10T06:22:49.766494+00:00', 'id': '3e2b2e23-778c-4f6c-b5b1-e494a411774d', 'is_public': True, ...}, ...]}</failure></testcase><testcase classname="tests.test_pre_paypal_iteration11.TestCategories" name="test_update_category" time="0.292"><failure message="KeyError: 'category'">tests/test_pre_paypal_iteration11.py:165: in test_update_category
    category_id = create_response.json()["category"]["id"]
                  ^^^^^^^^^^^^^^^^^^^^^^^^^^^^^^^^^^
E   KeyError: 'category'</failure></testcase><testcase classname="tests.test_pre_paypal_iteration11.TestCategories" name="test_delete_category" time="0.300"><failure message="KeyError: 'category'">tests/test_pre_paypal_iteration11.py:182: in test_delete_category
    category_id = create_response.json()["category"]["id"]
                  ^^^^^^^^^^^^^^^^^^^^^^^^^^^^^^^^^^
E   KeyError: 'category'</failure></testcase><testcase classname="tests.test_pre_paypal_iteration11.TestCategories" name="test_protocol_recommendations_count" time="0.292"><failure message="KeyError: 'category'">tests/test_pre_paypal_iteration11.py:197: in test_protocol_recommendations_count
    category_id = create_response.json()["category"]["id"]
                  ^^^^^^^^^^^^^^^^^^^^^^^^^^^^^^^^^^
E   KeyError: 'category'</failure></testcase><testcase classname="tests.test_pre_paypal_iteration11.TestGroups" name="test_list_groups" time="0.301"><failure message="AssertionError: assert 'groups' in {'my_groups': [{'admins': ['92bb12ab-38a4-46c7-a770-398dae663561'], 'cover_photo': None, 'created_at': '2026-01-10T03:53:30.582007+00:00', 'description': 'A test public group', ...}, {'admins': ['92bb12ab-38a4-46c7-a770-398dae663561'], 'cover_photo': None, 'created_at': '2026-01-10T03:53:30.644407+00:00', 'description': 'A test private group', ...}, {'admins': ['92bb12ab-38a4-46c7-a770-398dae663561'], 'cover_photo': None, 'created_at': '2026-01-10T03:53:30.690162+00:00', 'description': 'A test secret group', ...}, {'admins': ['92bb12ab-38a4-46c7-a770-398dae663561'], 'cover_photo': None, 'created_at': '2026-01-10T03:54:49.521416+00:00', 'description': 'A test public group', ...}, {'admins': ['92bb12ab-38a4-46c7-a770-398dae663561'], 'cover_photo': None, 'created_at': '2026-01-10T03:54:49.858263+00:00', 'description': 'A test private group', ...}, {'admins': ['92bb12ab-38a4-46c7-a770-398dae663561'], 'cover_photo': None, 'created_at': '2026-01-10T03:54:50.157022+00:00', 'description': 'A test secret group', ...}, ...], 'public_groups': [{'admins': ['92bb12ab-38a4-46c7-a770-398dae663561'], 'cover_photo': None, 'created_at': '2026-01-10T03:53:30.582007+00:00', 'description': 'A test public group', ...}, {'admins': ['92bb12ab-38a4-46c7-a770-398dae663561'], 'cover_photo': None, 'created_at': '2026-01-10T03:54:49.521416+00:00', 'description': 'A test public group', ...}, {'admins': ['92bb12ab-38a4-46c7-a770-398dae663561'], 'cover_photo': None, 'created_at': '2026-01-10T03:54:50.454181+00:00', 'description': 'A test group for detail', ...}, {'admins': ['92bb12ab-38a4-46c7-a770-398dae663561'], 'cover_photo': None, 'created_at': '2026-01-10T03:56:48.740646+00:00', 'description': 'A test public group', ...}, {'admins': ['92bb12ab-38a4-46c7-a770-398dae663561'], 'cover_photo': None, 'created_at': '2026-01-10T03:56:49.624069+00:00', 'description': 'A test group for detail', ...}, {'admins': ['92bb12ab-38a4-46c7-a770-398dae663561'], 'cover_photo': None, 'created_at': '2026-01-10T04:52:17.112300+00:00', 'description': 'A test group for social features', ...}, ...]}">tests/test_pre_paypal_iteration11.py:224: in test_list_groups
    assert "groups" in data
E   AssertionError: assert 'groups' in {'my_groups': [{'admins': ['92bb12ab-38a4-46c7-a770-398dae663561'], 'cover_photo': None, 'created_at': '2026-01-10T03:53:30.582007+00:00', 'description': 'A test public group', ...}, {'admins': ['92bb12ab-38a4-46c7-a770-398dae663561'], 'cover_photo': None, 'created_at': '2026-01-10T03:53:30.644407+00:00', 'description': 'A test private group', ...}, {'admins': ['92bb12ab-38a4-46c7-a770-398dae663561'], 'cover_photo': None, 'created_at': '2026-01-10T03:53:30.690162+00:00', 'description': 'A test secret group', ...}, {'admins': ['92bb12ab-38a4-46c7-a770-398dae663561'], 'cover_photo': None, 'created_at': '2026-01-10T03:54:49.521416+00:00', 'description': 'A test public group', ...}, {'admins': ['92bb12ab-38a4-46c7-a770-398dae663561'], 'cover_photo': None, 'created_at': '2026-01-10T03:54:49.858263+00:00', 'description': 'A test private group', ...}, {'admins': ['92bb12ab-38a4-46c7-a770-398dae663561'], 'cover_photo': None, 'created_at': '2026-01-10T03:54:50.157022+00:00', 'description': 'A test secret group', ...}, ...], 'public_groups': [{'admins': ['92bb12ab-38a4-46c7-a770-398dae663561'], 'cover_photo': None, 'created_at': '2026-01-10T03:53:30.582007+00:00', 'description': 'A test public group', ...}, {'admins': ['92bb12ab-38a4-46c7-a770-398dae663561'], 'cover_photo': None, 'created_at': '2026-01-10T03:54:49.521416+00:00', 'description': 'A test public group', ...}, {'admins': ['92bb12ab-38a4-46c7-a770-398dae663561'], 'cover_photo': None, 'created_at': '2026-01-10T03:54:50.454181+00:00', 'description': 'A test group for detail', ...}, {'admins': ['92bb12ab-38a4-46c7-a770-398dae663561'], 'cover_photo': None, 'created_at': '2026-01-10T03:56:48.740646+00:00', 'description': 'A test public group', ...}, {'admins': ['92bb12ab-38a4-46c7-a770-398dae663561'], 'cover_photo': None, 'created_at': '2026-01-10T03:56:49.624069+00:00', 'description': 'A test group for detail', ...}, {'admins': ['92bb12ab-38a4-46c7-a770-398dae663561'], 'cover_photo': None, 'created_at': '2026-01-10T04:52:17.112300+00:00', 'description': 'A test group for social features', ...}, ...]}</failure></testcase><testcase classname="tests.test_pre_paypal_iteration11.TestGroups" name="test_create_group" time="0.299" /><testcase classname="tests.test_pre_paypal_iteration11.TestGroups" name="test_get_group_details" time="0.335" /><testcase classname="tests.test_pre_paypal_iteration11.TestGroups" name="test_create_group_post" time="0.330" /><testcase classname="tests.test_pre_paypal_iteration11.TestGroups" name="test_group_post_reaction" time="0.374" /><testcase classname="tests.test_pre_paypal_iteration11.TestGroups" name="test_group_post_comment" time="0.372" /><testcase classname="tests.test_pre_paypal_iteration11.TestPages" name="test_list_pages" time="0.316"><failure message="AssertionError: assert 'pages' in {'following': [], 'my_pages': [{'admins': ['92bb12ab-38a4-46c7-a770-398dae663561'], 'category': 'Business', 'cover_photo': None, 'created_at': '2026-01-10T03:53:37.291418+00:00', ...}, {'admins': ['92bb12ab-38a4-46c7-a770-398dae663561'], 'category': 'Community', 'cover_photo': None, 'created_at': '2026-01-10T03:53:37.355172+00:00', ...}, {'admins': ['92bb12ab-38a4-46c7-a770-398dae663561'], 'category': 'Business', 'cover_photo': None, 'created_at': '2026-01-10T03:54:51.145973+00:00', ...}, {'admins': ['92bb12ab-38a4-46c7-a770-398dae663561'], 'category': 'Community', 'cover_photo': None, 'created_at': '2026-01-10T03:54:51.440184+00:00', ...}, {'admins': ['92bb12ab-38a4-46c7-a770-398dae663561'], 'category': 'General', 'cover_photo': None, 'created_at': '2026-01-10T03:54:51.746312+00:00', ...}, {'admins': ['92bb12ab-38a4-46c7-a770-398dae663561'], 'category': 'Business', 'cover_photo': None, 'created_at': '2026-01-10T03:56:50.246974+00:00', ...}, ...], 'popular': [{'admins': ['92bb12ab-38a4-46c7-a770-398dae663561'], 'category': 'General', 'cover_photo': None, 'created_at': '2026-01-10T06:22:53.199915+00:00', ...}, {'admins': ['92bb12ab-38a4-46c7-a770-398dae663561'], 'category': 'Entertainment', 'cover_photo': None, 'created_at': '2026-01-10T04:52:20.499279+00:00', ...}, {'admins': ['92bb12ab-38a4-46c7-a770-398dae663561'], 'category': 'General', 'cover_photo': None, 'created_at': '2026-01-10T03:54:51.746312+00:00', ...}, {'admins': ['92bb12ab-38a4-46c7-a770-398dae663561'], 'category': 'Technology', 'cover_photo': None, 'created_at': '2026-01-10T06:22:52.586478+00:00', ...}, {'admins': ['92bb12ab-38a4-46c7-a770-398dae663561'], 'category': 'Business', 'cover_photo': None, 'created_at': '2026-01-10T04:53:45.165682+00:00', ...}, {'admins': ['92bb12ab-38a4-46c7-a770-398dae663561'], 'category': 'Business', 'cover_photo': None, 'created_at': '2026-01-10T04:52:19.795131+00:00', ...}, ...]}">tests/test_pre_paypal_iteration11.py:341: in test_list_pages
    assert "pages" in data
E   AssertionError: assert 'pages' in {'following': [], 'my_pages': [{'admins': ['92bb12ab-38a4-46c7-a770-398dae663561'], 'category': 'Business', 'cover_photo': None, 'created_at': '2026-01-10T03:53:37.291418+00:00', ...}, {'admins': ['92bb12ab-38a4-46c7-a770-398dae663561'], 'category': 'Community', 'cover_photo': None, 'created_at': '2026-01-10T03:53:37.355172+00:00', ...}, {'admins': ['92bb12ab-38a4-46c7-a770-398dae663561'], 'category': 'Business', 'cover_photo': None, 'created_at': '2026-01-10T03:54:51.145973+00:00', ...}, {'admins': ['92bb12ab-38a4-46c7-a770-398dae663561'], 'category': 'Community', 'cover_photo': None, 'created_at': '2026-01-10T03:54:51.440184+00:00', ...}, {'admins': ['92bb12ab-38a4-46c7-a770-398dae663561'], 'category': 'General', 'cover_photo': None, 'created_at': '2026-01-10T03:54:51.746312+00:00', ...}, {'admins': ['92bb12ab-38a4-46c7-a770-398dae663561'], 'category': 'Business', 'cover_photo': None, 'created_at': '2026-01-10T03:56:50.246974+00:00', ...}, ...], 'popular': [{'admins': ['92bb12ab-38a4-46c7-a770-398dae663561'], 'category': 'General', 'cover_photo': None, 'created_at': '2026-01-10T06:22:53.199915+00:00', ...}, {'admins': ['92bb12ab-38a4-46c7-a770-398dae663561'], 'category': 'Entertainment', 'cover_photo': None, 'created_at': '2026-01-10T04:52:20.499279+00:00', ...}, {'admins': ['92bb12ab-38a4-46c7-a770-398dae663561'], 'category': 'General', 'cover_photo': None, 'created_at': '2026-01-10T03:54:51.746312+00:00', ...}, {'admins': ['92bb12ab-38a4-46c7-a770-398dae663561'], 'category': 'Technology', 'cover_photo': None, 'created_at': '2026-01-10T06:22:52.586478+00:00', ...}, {'admins': ['92bb12ab-38a4-46c7-a770-398dae663561'], 'category': 'Business', 'cover_photo': None, 'created_at': '2026-01-10T04:53:45.165682+00:00', ...}, {'admins': ['92bb12ab-38a4-46c7-a770-398dae663561'], 'category': 'Business', 'cover_photo': None, 'created_at': '2026-01-10T04:52:19.795131+00:00', ...}, ...]}</failure></testcase><testcase classname="tests.test_pre_paypal_iteration11.TestPages" name="test_create_page" time="0.303" /><testcase classname="tests.test_pre_paypal_iteration11.TestPages" name="test_get_page_details" time="0.340" /><testcase classname="tests.test_pre_paypal_iteration11.TestPages" name="test_create_page_post" time="0.346" /><testcase classname="tests.test_pre_paypal_iteration11.TestPages" name="test_page_post_reaction" time="0.369" /><testcase classname="tests.test_pre_paypal_iteration11.TestPages" name="test_page_post_comment" time="0.369" /><testcase classname="tests.test_pre_paypal_iteration11.TestPrivateMessaging" name="test_list_conversations" time="0.299" /><testcase classname="tests.test_pre_paypal_iteration11.TestPrivateMessaging" name="test_search_users" time="0.300" /><testcase classname="tests.test_pre_paypal_iteration11.TestPrivateMessaging" name="test_send_message" time="0.334" /><testcase classname="tests.test_pre_paypal_iteration11.TestUltimateSearch" name="test_get_page_settings" time="0.299" /><testcase classname="tests.test_pre_paypal_iteration11.TestUltimateSearch" name="test_update_page_name" time="0.291" /><testcase classname="tests.test_pre_paypal_iteration11.TestUltimateSearch" name="test_list_updates" time="0.298" /><testcase classname="tests.test_pre_paypal_iteration11.TestUltimateSearch" name="test_create_update" time="0.295" /><testcase classname="tests.test_pre_paypal_iteration11.TestUltimateSearch" name="test_update_reaction" time="0.376" /><testcase classname="tests.test_pre_paypal_iteration11.TestUltimateSearch" name="test_update_comment" time="0.336" /><testcase classname="tests.test_pre_paypal_iteration11.TestUltimateSearch" name="test_get_map_data" time="0.294"><failure message="AssertionError: assert 'locations' in {'categories': {'153e5c02-24f3-4190-922a-bb4fa9c88d17': {'color': '#14b8a6', 'name': 'Delete Test 59aebc'}, '193c4a84-514d-48bf-8504-52fd71d4c038': {'color': '#a855f7', 'name': 'Test Category 80e771'}, '368ff10a-77fc-49f7-8014-b459442b7fd7': {'color': '#8b5cf6', 'name': 'Test Category affc1b'}, '3e2b2e23-778c-4f6c-b5b1-e494a411774d': {'color': '#3b82f6', 'name': 'Updated Category Name'}, ...}, 'markers': [], 'total_markers': 0, 'total_results_with_locations': 0}">tests/test_pre_paypal_iteration11.py:588: in test_get_map_data
    assert "locations" in data
E   AssertionError: assert 'locations' in {'categories': {'153e5c02-24f3-4190-922a-bb4fa9c88d17': {'color': '#14b8a6', 'name': 'Delete Test 59aebc'}, '193c4a84-514d-48bf-8504-52fd71d4c038': {'color': '#a855f7', 'name': 'Test Category 80e771'}, '368ff10a-77fc-49f7-8014-b459442b7fd7': {'color': '#8b5cf6', 'name': 'Test Category affc1b'}, '3e2b2e23-778c-4f6c-b5b1-e494a411774d': {'color': '#3b82f6', 'name': 'Updated Category Name'}, ...}, 'markers': [], 'total_markers': 0, 'total_results_with_locations': 0}</failure></testcase><testcase classname="tests.test_pre_paypal_iteration11.TestLegalPages" name="test_privacy_policy_public" time="0.033" /><testcase classname="tests.test_pre_paypal_iteration11.TestLegalPages" name="test_terms_of_service_public" time="0.036" /><testcase classname="tests.test_pre_paypal_iteration11.TestAdminPanel" name="test_admin_settings" time="0.315" /><testcase classname="tests.test_pre_paypal_iteration11.TestAdminPanel" name="test_admin_users_list" time="0.295"><failure message="AssertionError: assert 'users' in [{'created_at': '2026-01-04T11:34:55.844386+00:00', 'email': 'john@infojet.com', 'friend_count': 10, 'friends': ['232cc957-97d8-4379-bb83-20a5ecd8d1f4', 'b98bb251-068d-42e4-a48c-4bc7e5a6a99c', '15c81680-a0d0-4fec-be38-f2b647337ac3', '9d035db1-ae6e-43cd-9380-d8bcd4285188', '4f6114e2-670c-4ad0-8f59-0d95c9e4d0e1', 'b022e777-62bd-4c6a-a50e-5410195967d3', ...], ...}, {'auth_provider': 'email', 'created_at': '2026-01-04T14:16:04.572236+00:00', 'email': 'test99@example.com', 'friends': [], ...}, {'auth_provider': 'email', 'created_at': '2026-01-04T16:00:10.012855+00:00', 'email': 'JohnSelman34@gmail.com', 'friends': [], ...}, {'auth_provider': 'email', 'created_at': '2026-01-04T16:11:48.033004+00:00', 'email': 'testcheck@example.com', 'friends': [], ...}, {'auth_provider': 'email', 'created_at': '2026-01-04T22:45:20.767122+00:00', 'email': 'testuser1767566720@test.com', 'friends': [], ...}, {'auth_provider': 'email', 'created_at': '2026-01-04T22:46:24.664299+00:00', 'email': 'pilot1767566784@test.com', 'friends': [], ...}, ...]">tests/test_pre_paypal_iteration11.py:637: in test_admin_users_list
    assert "users" in data
E   AssertionError: assert 'users' in [{'created_at': '2026-01-04T11:34:55.844386+00:00', 'email': 'john@infojet.com', 'friend_count': 10, 'friends': ['232cc957-97d8-4379-bb83-20a5ecd8d1f4', 'b98bb251-068d-42e4-a48c-4bc7e5a6a99c', '15c81680-a0d0-4fec-be38-f2b647337ac3', '9d035db1-ae6e-43cd-9380-d8bcd4285188', '4f6114e2-670c-4ad0-8f59-0d95c9e4d0e1', 'b022e777-62bd-4c6a-a50e-5410195967d3', ...], ...}, {'auth_provider': 'email', 'created_at': '2026-01-04T14:16:04.572236+00:00', 'email': 'test99@example.com', 'friends': [], ...}, {'auth_provider': 'email', 'created_at': '2026-01-04T16:00:10.012855+00:00', 'email': 'JohnSelman34@gmail.com', 'friends': [], ...}, {'auth_provider': 'email', 'created_at': '2026-01-04T16:11:48.033004+00:00', 'email': 'testcheck@example.com', 'friends': [], ...}, {'auth_provider': 'email', 'created_at': '2026-01-04T22:45:20.767122+00:00', 'email': 'testuser1767566720@test.com', 'friends': [], ...}, {'auth_provider': 'email', 'created_at': '2026-01-04T22:46:24.664299+00:00', 'email': 'pilot1767566784@test.com', 'friends': [], ...}, ...]</failure></testcase><testcase classname="tests.test_pre_paypal_iteration11.TestAdminPanel" name="test_admin_dashboard_stats" time="0.290"><failure message="assert 404 == 200&#10; +  where 404 = &lt;Response [404]&gt;.status_code">tests/test_pre_paypal_iteration11.py:643: in test_admin_dashboard_stats
    assert response.status_code == 200
E   assert 404 == 200
E    +  where 404 = &lt;Response [404]&gt;.status_code</failure></testcase><testcase classname="tests.test_pre_paypal_iteration11.TestAdminPanel" name="test_update_privacy_policy" time="0.297"><failure message="assert 422 == 200&#10; +  where 422 = &lt;Response [422]&gt;.status_code">tests/test_pre_paypal_iteration11.py:654: in test_update_privacy_policy
    assert response.status_code == 200
E   assert 422 == 200
E    +  where 422 = &lt;Response [422]&gt;.status_code</failure></testcase><testcase classname="tests.test_pre_paypal_iteration11.TestAdminPanel" name="test_update_terms_of_service" time="0.293"><failure message="assert 422 == 200&#10; +  where 422 = &lt;Response [422]&gt;.status_code">tests/test_pre_paypal_iteration11.py:662: in test_update_terms_of_service
    assert response.status_code == 200
E   assert 422 == 200
E    +  where 422 = &lt;Response [422]&gt;.status_code</failure></testcase><testcase classname="tests.test_pre_paypal_iteration11.TestFriends" name="test_list_friends" time="0.335" /><testcase classname="tests.test_pre_paypal_iteration11.TestBookPage" name="test_book_info" time="0.042" /><testcase classname="tests.test_pre_paypal_iteration11.TestGlobalDatabase" name="test_public_categories" time="0.293"><failure message="assert 404 == 200&#10; +  where 404 = &lt;Response [404]&gt;.status_code">tests/test_pre_paypal_iteration11.py:714: in test_public_categories
    assert response.status_code == 200
E   assert 404 == 200
E    +  where 404 = &lt;Response [404]&gt;.status_code</failure></testcase><testcase classname="tests.test_pre_paypal_iteration11.TestStatistics" name="test_categories_with_counts" time="0.291"><failure message="assert 404 == 200&#10; +  where 404 = &lt;Response [404]&gt;.status_code">tests/test_pre_paypal_iteration11.py:735: in test_categories_with_counts
    assert response.status_code == 200
E   assert 404 == 200
E    +  where 404 = &lt;Response [404]&gt;.status_code</failure></testcase></testsuite></testsuites>