<?xml version="1.0" encoding="utf-8"?><testsuites name="pytest tests"><testsuite name="pytest" errors="0" failures="0" skipped="0" tests="15" time="14.743" timestamp="2026-01-24T12:24:53.287861+00:00" hostname="agent-env-a8994a36-07db-4ddf-bacb-d87bd9ef14a4"><testcase classname="tests.test_iteration11_features.TestCategoryCreation" name="test_create_first_category" time="0.079" /><testcase classname="tests.test_iteration11_features.TestCategoryCreation" name="test_create_second_category_in_succession" time="0.038" /><testcase classname="tests.test_iteration11_features.TestCategoryCreation" name="test_create_third_category_in_succession" time="0.037" /><testcase classname="tests.test_iteration11_features.TestCategoryCreation" name="test_list_all_created_categories" time="0.041" /><testcase classname="tests.test_iteration11_features.TestDeepContentScan" name="test_search_with_deep_content_scan_enabled" time="4.142" /><testcase classname="tests.test_iteration11_features.TestDeepContentScan" name="test_search_without_deep_content_scan" time="1.298" /><testcase classname="tests.test_iteration11_features.TestSearchResultsDisplay" name="test_search_results_have_collated_at_timestamp" time="0.055" /><testcase classname="tests.test_iteration11_features.TestSearchResultsDisplay" name="test_search_results_have_locations_array" time="0.035" /><testcase classname="tests.test_iteration11_features.TestMapViewData" name="test_map_data_detailed_endpoint" time="0.043" /><testcase classname="tests.test_iteration11_features.TestLocationExtraction" name="test_virgin_bay_nicaragua_detection" time="8.619" /><testcase classname="tests.test_iteration11_features.TestLandingPageEndpoints" name="test_health_endpoint" time="0.108" /><testcase classname="tests.test_iteration11_features.TestLandingPageEndpoints" name="test_document_types_endpoint" time="0.035" /><testcase classname="tests.test_iteration11_features.TestLandingPageEndpoints" name="test_branding_info_endpoint" time="0.043" /><testcase classname="tests.test_iteration11_features.TestAuthenticationRequired" name="test_categories_requires_auth" time="0.039" /><testcase classname="tests.test_iteration11_features.TestAuthenticationRequired" name="test_search_collate_requires_auth" time="0.034" /></testsuite></testsuites>