<?xml version="1.0" encoding="utf-8"?><testsuites name="pytest tests"><testsuite name="pytest" errors="0" failures="1" skipped="0" tests="24" time="1.207" timestamp="2026-01-18T11:00:21.339176+00:00" hostname="agent-env-cf4372a1-8f76-4958-bcf9-9addc998dc0e"><testcase classname="tests.test_iteration_18_admin_dashboard.TestAdminAuthentication" name="test_admin_login_success" time="0.070" /><testcase classname="tests.test_iteration_18_admin_dashboard.TestAdminAuthentication" name="test_regular_user_login_success" time="0.012" /><testcase classname="tests.test_iteration_18_admin_dashboard.TestAdminSystemStatus" name="test_system_status_requires_admin" time="0.018" /><testcase classname="tests.test_iteration_18_admin_dashboard.TestAdminSystemStatus" name="test_system_status_returns_data" time="0.062" /><testcase classname="tests.test_iteration_18_admin_dashboard.TestAdminSystemStatus" name="test_system_status_services_structure" time="0.053" /><testcase classname="tests.test_iteration_18_admin_dashboard.TestAdminSystemStatus" name="test_system_status_statistics" time="0.013" /><testcase classname="tests.test_iteration_18_admin_dashboard.TestMaintenanceMode" name="test_maintenance_get_requires_admin" time="0.048" /><testcase classname="tests.test_iteration_18_admin_dashboard.TestMaintenanceMode" name="test_maintenance_post_requires_admin" time="0.009" /><testcase classname="tests.test_iteration_18_admin_dashboard.TestMaintenanceMode" name="test_maintenance_get_status" time="0.007" /><testcase classname="tests.test_iteration_18_admin_dashboard.TestMaintenanceMode" name="test_maintenance_enable_disable_cycle" time="0.115" /><testcase classname="tests.test_iteration_18_admin_dashboard.TestPublicMaintenanceStatus" name="test_public_maintenance_status_no_auth" time="0.007" /><testcase classname="tests.test_iteration_18_admin_dashboard.TestHealthCheck" name="test_health_check_requires_admin" time="0.047" /><testcase classname="tests.test_iteration_18_admin_dashboard.TestHealthCheck" name="test_health_check_without_alerts" time="0.011" /><testcase classname="tests.test_iteration_18_admin_dashboard.TestTestAlert" name="test_test_alert_requires_admin" time="0.008" /><testcase classname="tests.test_iteration_18_admin_dashboard.TestTestAlert" name="test_test_alert_sends_email" time="0.254"><failure message="assert 520 == 500&#10; +  where 520 = &lt;Response [520]&gt;.status_code">tests/test_iteration_18_admin_dashboard.py:303: in test_test_alert_sends_email
    assert response.status_code == 500
E   assert 520 == 500
E    +  where 520 = &lt;Response [520]&gt;.status_code</failure></testcase><testcase classname="tests.test_iteration_18_admin_dashboard.TestRecentActivity" name="test_recent_activity_requires_admin" time="0.050" /><testcase classname="tests.test_iteration_18_admin_dashboard.TestRecentActivity" name="test_recent_activity_returns_data" time="0.050" /><testcase classname="tests.test_iteration_18_admin_dashboard.TestAdminSettings" name="test_admin_settings_requires_admin" time="0.009" /><testcase classname="tests.test_iteration_18_admin_dashboard.TestAdminSettings" name="test_admin_settings_get" time="0.047" /><testcase classname="tests.test_iteration_18_admin_dashboard.TestExistingEndpoints" name="test_search_engines_status" time="0.009" /><testcase classname="tests.test_iteration_18_admin_dashboard.TestExistingEndpoints" name="test_marketplace_protocols" time="0.011" /><testcase classname="tests.test_iteration_18_admin_dashboard.TestExistingEndpoints" name="test_chat_rooms" time="0.009" /><testcase classname="tests.test_iteration_18_admin_dashboard.TestExistingEndpoints" name="test_stripe_checkout_requires_auth" time="0.007" /><testcase classname="tests.test_iteration_18_admin_dashboard.TestAccessControl" name="test_all_admin_endpoints_require_admin" time="0.182" /></testsuite></testsuites>