<?xml version="1.0" encoding="utf-8"?><testsuites name="pytest tests"><testsuite name="pytest" errors="0" failures="0" skipped="0" tests="12" time="3.849" timestamp="2026-01-15T12:08:23.418141+00:00" hostname="agent-env-07f54435-610e-4b26-8741-aeaf5cc983a2"><testcase classname="tests.test_iteration23_protocol_parser.TestProtocolParserEnhancements" name="test_protocol_parser_abbreviated_names" time="0.351" /><testcase classname="tests.test_iteration23_protocol_parser.TestProtocolParserEnhancements" name="test_protocol_parser_locations" time="0.315" /><testcase classname="tests.test_iteration23_protocol_parser.TestProtocolParserEnhancements" name="test_protocol_parser_or_capitalization" time="0.498" /><testcase classname="tests.test_iteration23_protocol_parser.TestMarketplaceProtocols" name="test_marketplace_protocols_endpoint" time="0.303" /><testcase classname="tests.test_iteration23_protocol_parser.TestMarketplaceProtocols" name="test_marketplace_shows_user_protocols" time="0.262" /><testcase classname="tests.test_iteration23_protocol_parser.TestMarketplaceProtocols" name="test_free_badge_for_zero_price" time="0.288" /><testcase classname="tests.test_iteration23_protocol_parser.TestMarketplaceProtocols" name="test_price_range_validation" time="0.388" /><testcase classname="tests.test_iteration23_protocol_parser.TestGlobalMarketplaceMap" name="test_global_map_endpoint" time="0.273" /><testcase classname="tests.test_iteration23_protocol_parser.TestGlobalMarketplaceMap" name="test_global_map_marker_structure" time="0.265" /><testcase classname="tests.test_iteration23_protocol_parser.TestTopSellersLeaderboard" name="test_top_sellers_sales_tab" time="0.263" /><testcase classname="tests.test_iteration23_protocol_parser.TestTopSellersLeaderboard" name="test_top_sellers_revenue_tab" time="0.306" /><testcase classname="tests.test_iteration23_protocol_parser.TestMarketplaceStats" name="test_marketplace_stats" time="0.268" /></testsuite></testsuites>