<?xml version="1.0" encoding="utf-8"?><testsuites name="pytest tests"><testsuite name="pytest" errors="0" failures="0" skipped="0" tests="22" time="8.191" timestamp="2026-01-10T04:53:41.678575+00:00" hostname="agent-env-e28954ce-8eb1-4265-af27-57f68cc2e6d3"><testcase classname="tests.test_social_features.TestAuthentication" name="test_login_with_admin_credentials" time="0.308" /><testcase classname="tests.test_social_features.TestGroupsWithReactionsAndComments" name="test_create_group" time="0.306" /><testcase classname="tests.test_social_features.TestGroupsWithReactionsAndComments" name="test_create_post_in_group" time="0.344" /><testcase classname="tests.test_social_features.TestGroupsWithReactionsAndComments" name="test_add_reaction_to_group_post" time="0.377" /><testcase classname="tests.test_social_features.TestGroupsWithReactionsAndComments" name="test_add_all_reaction_types" time="0.563" /><testcase classname="tests.test_social_features.TestGroupsWithReactionsAndComments" name="test_add_comment_to_group_post" time="0.389" /><testcase classname="tests.test_social_features.TestGroupsWithReactionsAndComments" name="test_add_reply_to_comment" time="0.411" /><testcase classname="tests.test_social_features.TestGroupsWithReactionsAndComments" name="test_get_comments_with_nested_structure" time="0.445" /><testcase classname="tests.test_social_features.TestPagesWithReactionsAndComments" name="test_create_page" time="0.298" /><testcase classname="tests.test_social_features.TestPagesWithReactionsAndComments" name="test_create_post_on_page" time="0.332" /><testcase classname="tests.test_social_features.TestPagesWithReactionsAndComments" name="test_add_reaction_to_page_post" time="0.372" /><testcase classname="tests.test_social_features.TestPagesWithReactionsAndComments" name="test_add_comment_to_page_post" time="0.368" /><testcase classname="tests.test_social_features.TestUpdatesSection" name="test_get_updates" time="0.298" /><testcase classname="tests.test_social_features.TestUpdatesSection" name="test_post_update" time="0.317" /><testcase classname="tests.test_social_features.TestUpdatesSection" name="test_add_reaction_to_update" time="0.412" /><testcase classname="tests.test_social_features.TestUpdatesSection" name="test_add_comment_to_update" time="0.370" /><testcase classname="tests.test_social_features.TestUpdatesSection" name="test_delete_update" time="0.379" /><testcase classname="tests.test_social_features.TestUltimateSearchPageRename" name="test_get_page_settings" time="0.340" /><testcase classname="tests.test_social_features.TestUltimateSearchPageRename" name="test_rename_page" time="0.338" /><testcase classname="tests.test_social_features.TestReactionRemoval" name="test_remove_reaction" time="0.405" /><testcase classname="tests.test_social_features.TestCommentDeletion" name="test_delete_comment" time="0.399" /><testcase classname="tests.test_social_features.TestInvalidReactionType" name="test_invalid_reaction_type_rejected" time="0.363" /></testsuite></testsuites>