<?xml version="1.0" encoding="utf-8"?><testsuites name="pytest tests"><testsuite name="pytest" errors="0" failures="0" skipped="0" tests="26" time="8.232" timestamp="2026-01-10T03:31:53.147645+00:00" hostname="agent-env-43268023-399c-4774-99dc-5cbecd2b2783"><testcase classname="tests.test_infopilot_free_app.TestBrandingVerification" name="test_health_returns_infopilot_explorer" time="0.080" /><testcase classname="tests.test_infopilot_free_app.TestBrandingVerification" name="test_root_endpoint_mentions_infopilot_explorer" time="0.042" /><testcase classname="tests.test_infopilot_free_app.TestFreeAppModel" name="test_user_has_full_access" time="0.345" /><testcase classname="tests.test_infopilot_free_app.TestFreeAppModel" name="test_categories_work_without_payment" time="0.385" /><testcase classname="tests.test_infopilot_free_app.TestFreeAppModel" name="test_search_collate_works_without_payment" time="1.638" /><testcase classname="tests.test_infopilot_free_app.TestFreeAppModel" name="test_ultimate_search_works_without_payment" time="0.431" /><testcase classname="tests.test_infopilot_free_app.TestBookPromotion" name="test_book_info_returns_letters_to_evelyn" time="0.035" /><testcase classname="tests.test_infopilot_free_app.TestSafeBrowsingAPI" name="test_safety_status_returns_working" time="0.116" /><testcase classname="tests.test_infopilot_free_app.TestAuthentication" name="test_login_with_admin_credentials" time="0.255" /><testcase classname="tests.test_infopilot_free_app.TestAuthentication" name="test_login_with_invalid_credentials" time="0.263" /><testcase classname="tests.test_infopilot_free_app.TestAuthentication" name="test_login_validation" time="0.070" /><testcase classname="tests.test_infopilot_free_app.TestAuthentication" name="test_registration_endpoint_exists" time="0.258" /><testcase classname="tests.test_infopilot_free_app.TestAuthentication" name="test_get_current_user" time="0.296" /><testcase classname="tests.test_infopilot_free_app.TestAuthentication" name="test_unauthorized_access" time="0.036" /><testcase classname="tests.test_infopilot_free_app.TestCategoryManagement" name="test_get_categories" time="0.295" /><testcase classname="tests.test_infopilot_free_app.TestCategoryManagement" name="test_create_category" time="0.331" /><testcase classname="tests.test_infopilot_free_app.TestCategoryManagement" name="test_update_category" time="0.385" /><testcase classname="tests.test_infopilot_free_app.TestCategoryManagement" name="test_delete_category" time="0.369" /><testcase classname="tests.test_infopilot_free_app.TestUltimateSearch" name="test_get_page_settings" time="0.291" /><testcase classname="tests.test_infopilot_free_app.TestUltimateSearch" name="test_update_page_name" time="0.375" /><testcase classname="tests.test_infopilot_free_app.TestUltimateSearch" name="test_get_map_data" time="0.293" /><testcase classname="tests.test_infopilot_free_app.TestUltimateSearch" name="test_get_filters" time="0.294" /><testcase classname="tests.test_infopilot_free_app.TestUltimateSearch" name="test_get_photos" time="0.333" /><testcase classname="tests.test_infopilot_free_app.TestAdminPanel" name="test_get_admin_settings" time="0.292" /><testcase classname="tests.test_infopilot_free_app.TestNavigationEndpoints" name="test_statistics_endpoint" time="0.301" /><testcase classname="tests.test_infopilot_free_app.TestNavigationEndpoints" name="test_global_database_categories" time="0.339" /></testsuite></testsuites>