<?xml version="1.0" encoding="utf-8"?><testsuites name="pytest tests"><testsuite name="pytest" errors="0" failures="0" skipped="1" tests="15" time="2.158" timestamp="2026-01-18T11:35:50.972208+00:00" hostname="agent-env-cf4372a1-8f76-4958-bcf9-9addc998dc0e"><testcase classname="tests.test_iteration_19_copy_protection.TestCopyProtectionSetup" name="test_admin_login" time="0.075" /><testcase classname="tests.test_iteration_19_copy_protection.TestCopyProtectionSetup" name="test_test_user_login" time="0.033" /><testcase classname="tests.test_iteration_19_copy_protection.TestMyPurchasesEndpoint" name="test_my_purchases_requires_auth" time="0.069" /><testcase classname="tests.test_iteration_19_copy_protection.TestMyPurchasesEndpoint" name="test_my_purchases_returns_structure" time="0.067" /><testcase classname="tests.test_iteration_19_copy_protection.TestCheckPurchaseEndpoint" name="test_check_purchase_requires_auth" time="0.107" /><testcase classname="tests.test_iteration_19_copy_protection.TestCheckPurchaseEndpoint" name="test_check_purchase_returns_structure" time="0.099" /><testcase classname="tests.test_iteration_19_copy_protection.TestCheckPurchaseEndpoint" name="test_check_purchase_invalid_protocol" time="0.096" /><testcase classname="tests.test_iteration_19_copy_protection.TestCopyProtocolEndpoint" name="test_copy_protocol_requires_auth" time="0.139" /><testcase classname="tests.test_iteration_19_copy_protection.TestCopyProtocolEndpoint" name="test_copy_protocol_not_found" time="0.134" /><testcase classname="tests.test_iteration_19_copy_protection.TestCopyProtocolEndpoint" name="test_copy_protocol_unpurchased_returns_403" time="0.167" /><testcase classname="tests.test_iteration_19_copy_protection.TestCopyProtocolEndpoint" name="test_copy_protocol_owner_can_copy" time="0.093"><skipped type="pytest.skip" message="No protocols owned by admin found">/app/tests/test_iteration_19_copy_protection.py:286: No protocols owned by admin found</skipped></testcase><testcase classname="tests.test_iteration_19_copy_protection.TestCopyProtectionIntegration" name="test_full_access_check_flow" time="0.426" /><testcase classname="tests.test_iteration_19_copy_protection.TestCopyProtectionIntegration" name="test_marketplace_protocols_have_required_fields" time="0.095" /><testcase classname="tests.test_iteration_19_copy_protection.TestEdgeCases" name="test_empty_protocol_id" time="0.095" /><testcase classname="tests.test_iteration_19_copy_protection.TestEdgeCases" name="test_malformed_protocol_id" time="0.390" /></testsuite></testsuites>