<?xml version="1.0" encoding="utf-8"?><testsuites name="pytest tests"><testsuite name="pytest" errors="0" failures="0" skipped="0" tests="22" time="13.764" timestamp="2026-01-24T03:33:12.706056+00:00" hostname="agent-env-b5d3abaa-147c-41ca-8caa-2f448c72ba00"><testcase classname="backend.tests.test_statistics_features.TestStatisticsAPI" name="test_stats_overview_requires_auth" time="0.103" /><testcase classname="backend.tests.test_statistics_features.TestStatisticsAPI" name="test_stats_overview_returns_all_fields" time="0.045" /><testcase classname="backend.tests.test_statistics_features.TestStatisticsAPI" name="test_stats_document_types" time="0.049" /><testcase classname="backend.tests.test_statistics_features.TestStatisticsAPI" name="test_stats_source_types" time="0.046" /><testcase classname="backend.tests.test_statistics_features.TestStatisticsAPI" name="test_stats_by_category" time="0.048" /><testcase classname="backend.tests.test_statistics_features.TestStatisticsAPI" name="test_stats_by_country" time="0.047" /><testcase classname="backend.tests.test_statistics_features.TestStatisticsAPI" name="test_stats_by_state" time="0.046" /><testcase classname="backend.tests.test_statistics_features.TestStatisticsAPI" name="test_stats_by_city" time="0.050" /><testcase classname="backend.tests.test_statistics_features.TestStatisticsAPI" name="test_stats_us_regions" time="0.047" /><testcase classname="backend.tests.test_statistics_features.TestStatisticsAPI" name="test_stats_by_year" time="0.047" /><testcase classname="backend.tests.test_statistics_features.TestStatisticsAPI" name="test_stats_age_brackets" time="0.045" /><testcase classname="backend.tests.test_statistics_features.TestStatisticsAPI" name="test_stats_top_domains" time="0.044" /><testcase classname="backend.tests.test_statistics_features.TestStatisticsAPI" name="test_stats_tld_distribution" time="0.046" /><testcase classname="backend.tests.test_statistics_features.TestMarketplaceFeatures" name="test_marketplace_headlines" time="0.034" /><testcase classname="backend.tests.test_statistics_features.TestMarketplaceFeatures" name="test_recommended_protocols_requires_auth" time="0.034" /><testcase classname="backend.tests.test_statistics_features.TestMarketplaceFeatures" name="test_recommended_protocols_with_auth" time="0.035" /><testcase classname="backend.tests.test_statistics_features.TestLocationExtractor" name="test_search_collate_with_state_abbreviation" time="3.820" /><testcase classname="backend.tests.test_statistics_features.TestLocationExtractor" name="test_search_collate_with_city_name" time="2.810" /><testcase classname="backend.tests.test_statistics_features.TestLocationExtractor" name="test_search_collate_with_regional_prefix" time="3.393" /><testcase classname="backend.tests.test_statistics_features.TestSearchMatchOptions" name="test_search_collate_with_match_options" time="2.793" /><testcase classname="backend.tests.test_statistics_features.TestHealthAndBasics" name="test_health_endpoint" time="0.074" /><testcase classname="backend.tests.test_statistics_features.TestHealthAndBasics" name="test_auth_me_with_valid_token" time="0.035" /></testsuite></testsuites>