<?xml version="1.0" encoding="utf-8"?><testsuites name="pytest tests"><testsuite name="pytest" errors="0" failures="0" skipped="0" tests="26" time="6.079" timestamp="2026-01-09T22:52:53.717587+00:00" hostname="agent-env-43268023-399c-4774-99dc-5cbecd2b2783"><testcase classname="tests.test_infopilot_api.TestHealthEndpoints" name="test_health_check" time="0.076" /><testcase classname="tests.test_infopilot_api.TestHealthEndpoints" name="test_root_endpoint" time="0.036" /><testcase classname="tests.test_infopilot_api.TestSafeBrowsingAPI" name="test_safety_status_returns_working" time="0.093" /><testcase classname="tests.test_infopilot_api.TestBookInfo" name="test_book_info_returns_letters_to_evelyn" time="0.041" /><testcase classname="tests.test_infopilot_api.TestSubscriptionInfo" name="test_subscription_info_shows_sale_price" time="0.035" /><testcase classname="tests.test_infopilot_api.TestAuthentication" name="test_login_with_valid_credentials" time="0.262" /><testcase classname="tests.test_infopilot_api.TestAuthentication" name="test_login_with_invalid_credentials" time="0.259" /><testcase classname="tests.test_infopilot_api.TestAuthentication" name="test_get_current_user" time="0.298" /><testcase classname="tests.test_infopilot_api.TestCategoryManagement" name="test_get_categories" time="0.296" /><testcase classname="tests.test_infopilot_api.TestCategoryManagement" name="test_create_category" time="0.336" /><testcase classname="tests.test_infopilot_api.TestCategoryManagement" name="test_update_category" time="0.405" /><testcase classname="tests.test_infopilot_api.TestCategoryManagement" name="test_delete_category" time="0.403" /><testcase classname="tests.test_infopilot_api.TestUltimateSearch" name="test_get_page_settings" time="0.294" /><testcase classname="tests.test_infopilot_api.TestUltimateSearch" name="test_update_page_name" time="0.305" /><testcase classname="tests.test_infopilot_api.TestUltimateSearch" name="test_get_map_data" time="0.301" /><testcase classname="tests.test_infopilot_api.TestUltimateSearch" name="test_get_filters" time="0.293" /><testcase classname="tests.test_infopilot_api.TestAdminPanel" name="test_get_admin_settings" time="0.292" /><testcase classname="tests.test_infopilot_api.TestPaymentConfig" name="test_get_stripe_config" time="0.038" /><testcase classname="tests.test_infopilot_extended.TestEdgeCases" name="test_get_nonexistent_category" time="0.301" /><testcase classname="tests.test_infopilot_extended.TestEdgeCases" name="test_unauthorized_access" time="0.033" /><testcase classname="tests.test_infopilot_extended.TestEdgeCases" name="test_invalid_token" time="0.036" /><testcase classname="tests.test_infopilot_extended.TestSearchFunctionality" name="test_protocol_validation" time="0.308" /><testcase classname="tests.test_infopilot_extended.TestUltimateSearchFeatures" name="test_get_photos" time="0.310" /><testcase classname="tests.test_infopilot_extended.TestSafetyFeatures" name="test_safe_browsing_check_url" time="0.348" /><testcase classname="tests.test_infopilot_extended.TestCategoryTree" name="test_get_category_tree" time="0.291" /><testcase classname="tests.test_infopilot_extended.TestCategoryTree" name="test_get_categories_with_counts" time="0.331" /></testsuite></testsuites>