<?xml version="1.0" encoding="utf-8"?><testsuites name="pytest tests"><testsuite name="pytest" errors="0" failures="0" skipped="0" tests="18" time="4.195" timestamp="2026-01-09T22:41:45.434015+00:00" hostname="agent-env-43268023-399c-4774-99dc-5cbecd2b2783"><testcase classname="tests.test_infopilot_api.TestHealthEndpoints" name="test_health_check" time="0.064" /><testcase classname="tests.test_infopilot_api.TestHealthEndpoints" name="test_root_endpoint" time="0.041" /><testcase classname="tests.test_infopilot_api.TestSafeBrowsingAPI" name="test_safety_status_returns_working" time="0.102" /><testcase classname="tests.test_infopilot_api.TestBookInfo" name="test_book_info_returns_letters_to_evelyn" time="0.038" /><testcase classname="tests.test_infopilot_api.TestSubscriptionInfo" name="test_subscription_info_shows_sale_price" time="0.038" /><testcase classname="tests.test_infopilot_api.TestAuthentication" name="test_login_with_valid_credentials" time="0.263" /><testcase classname="tests.test_infopilot_api.TestAuthentication" name="test_login_with_invalid_credentials" time="0.260" /><testcase classname="tests.test_infopilot_api.TestAuthentication" name="test_get_current_user" time="0.297" /><testcase classname="tests.test_infopilot_api.TestCategoryManagement" name="test_get_categories" time="0.338" /><testcase classname="tests.test_infopilot_api.TestCategoryManagement" name="test_create_category" time="0.382" /><testcase classname="tests.test_infopilot_api.TestCategoryManagement" name="test_update_category" time="0.384" /><testcase classname="tests.test_infopilot_api.TestCategoryManagement" name="test_delete_category" time="0.411" /><testcase classname="tests.test_infopilot_api.TestUltimateSearch" name="test_get_page_settings" time="0.294" /><testcase classname="tests.test_infopilot_api.TestUltimateSearch" name="test_update_page_name" time="0.301" /><testcase classname="tests.test_infopilot_api.TestUltimateSearch" name="test_get_map_data" time="0.294" /><testcase classname="tests.test_infopilot_api.TestUltimateSearch" name="test_get_filters" time="0.302" /><testcase classname="tests.test_infopilot_api.TestAdminPanel" name="test_get_admin_settings" time="0.294" /><testcase classname="tests.test_infopilot_api.TestPaymentConfig" name="test_get_stripe_config" time="0.038" /></testsuite></testsuites>