<?xml version="1.0" encoding="utf-8"?><testsuites name="pytest tests"><testsuite name="pytest" errors="0" failures="3" skipped="0" tests="26" time="1.168" timestamp="2026-01-18T12:01:52.991487+00:00" hostname="agent-env-cf4372a1-8f76-4958-bcf9-9addc998dc0e"><testcase classname="tests.test_iteration_20_pwa_voice.TestPWAManifest" name="test_manifest_accessible" time="0.059" /><testcase classname="tests.test_iteration_20_pwa_voice.TestPWAManifest" name="test_manifest_valid_json" time="0.039" /><testcase classname="tests.test_iteration_20_pwa_voice.TestPWAManifest" name="test_manifest_required_fields" time="0.036" /><testcase classname="tests.test_iteration_20_pwa_voice.TestPWAManifest" name="test_manifest_icons_array" time="0.033" /><testcase classname="tests.test_iteration_20_pwa_voice.TestPWAManifest" name="test_manifest_display_mode" time="0.034" /><testcase classname="tests.test_iteration_20_pwa_voice.TestServiceWorker" name="test_service_worker_accessible" time="0.034" /><testcase classname="tests.test_iteration_20_pwa_voice.TestServiceWorker" name="test_service_worker_content_type" time="0.036" /><testcase classname="tests.test_iteration_20_pwa_voice.TestServiceWorker" name="test_service_worker_has_install_event" time="0.030" /><testcase classname="tests.test_iteration_20_pwa_voice.TestServiceWorker" name="test_service_worker_has_fetch_event" time="0.037" /><testcase classname="tests.test_iteration_20_pwa_voice.TestAppIcons" name="test_icon_accessible[72x72]" time="0.036" /><testcase classname="tests.test_iteration_20_pwa_voice.TestAppIcons" name="test_icon_accessible[96x96]" time="0.033" /><testcase classname="tests.test_iteration_20_pwa_voice.TestAppIcons" name="test_icon_accessible[128x128]" time="0.038" /><testcase classname="tests.test_iteration_20_pwa_voice.TestAppIcons" name="test_icon_accessible[144x144]" time="0.032" /><testcase classname="tests.test_iteration_20_pwa_voice.TestAppIcons" name="test_icon_accessible[152x152]" time="0.034" /><testcase classname="tests.test_iteration_20_pwa_voice.TestAppIcons" name="test_icon_accessible[192x192]" time="0.032" /><testcase classname="tests.test_iteration_20_pwa_voice.TestAppIcons" name="test_icon_accessible[384x384]" time="0.035" /><testcase classname="tests.test_iteration_20_pwa_voice.TestAppIcons" name="test_icon_accessible[512x512]" time="0.033" /><testcase classname="tests.test_iteration_20_pwa_voice.TestAppIcons" name="test_icon_192_content_type" time="0.031" /><testcase classname="tests.test_iteration_20_pwa_voice.TestExistingFeatures" name="test_search_engines_endpoint" time="0.045" /><testcase classname="tests.test_iteration_20_pwa_voice.TestExistingFeatures" name="test_categories_endpoint" time="0.043" /><testcase classname="tests.test_iteration_20_pwa_voice.TestExistingFeatures" name="test_marketplace_endpoint" time="0.044"><failure message="AssertionError: Marketplace endpoint failed: 404&#10;assert 404 == 200&#10; +  where 404 = &lt;Response [404]&gt;.status_code">tests/test_iteration_20_pwa_voice.py:157: in test_marketplace_endpoint
    assert response.status_code == 200, f"Marketplace endpoint failed: {response.status_code}"
E   AssertionError: Marketplace endpoint failed: 404
E   assert 404 == 200
E    +  where 404 = &lt;Response [404]&gt;.status_code</failure></testcase><testcase classname="tests.test_iteration_20_pwa_voice.TestExistingFeatures" name="test_templates_endpoint" time="0.042" /><testcase classname="tests.test_iteration_20_pwa_voice.TestExistingFeatures" name="test_chat_rooms_endpoint" time="0.043" /><testcase classname="tests.test_iteration_20_pwa_voice.TestExistingFeatures" name="test_copy_protection_my_purchases" time="0.043" /><testcase classname="tests.test_iteration_20_pwa_voice.TestAdminFeatures" name="test_admin_stats_endpoint" time="0.077"><failure message="AssertionError: Admin stats endpoint failed: 404&#10;assert 404 == 200&#10; +  where 404 = &lt;Response [404]&gt;.status_code">tests/test_iteration_20_pwa_voice.py:207: in test_admin_stats_endpoint
    assert response.status_code == 200, f"Admin stats endpoint failed: {response.status_code}"
E   AssertionError: Admin stats endpoint failed: 404
E   assert 404 == 200
E    +  where 404 = &lt;Response [404]&gt;.status_code</failure></testcase><testcase classname="tests.test_iteration_20_pwa_voice.TestAdminFeatures" name="test_admin_users_endpoint" time="0.086"><failure message="AssertionError: Admin users endpoint failed: 404&#10;assert 404 == 200&#10; +  where 404 = &lt;Response [404]&gt;.status_code">tests/test_iteration_20_pwa_voice.py:215: in test_admin_users_endpoint
    assert response.status_code == 200, f"Admin users endpoint failed: {response.status_code}"
E   AssertionError: Admin users endpoint failed: 404
E   assert 404 == 200
E    +  where 404 = &lt;Response [404]&gt;.status_code</failure></testcase></testsuite></testsuites>