<?xml version="1.0" encoding="utf-8"?><testsuites name="pytest tests"><testsuite name="pytest" errors="0" failures="0" skipped="0" tests="42" time="12.095" timestamp="2026-01-10T07:27:13.423596+00:00" hostname="agent-env-e28954ce-8eb1-4265-af27-57f68cc2e6d3"><testcase classname="tests.test_pre_paypal_iteration11.TestHealthAndBasics" name="test_health_check" time="0.075" /><testcase classname="tests.test_pre_paypal_iteration11.TestHealthAndBasics" name="test_root_endpoint" time="0.041" /><testcase classname="tests.test_pre_paypal_iteration11.TestAuthentication" name="test_login_admin_user" time="0.263" /><testcase classname="tests.test_pre_paypal_iteration11.TestAuthentication" name="test_login_invalid_credentials" time="0.078" /><testcase classname="tests.test_pre_paypal_iteration11.TestAuthentication" name="test_register_new_user" time="0.261" /><testcase classname="tests.test_pre_paypal_iteration11.TestAuthentication" name="test_get_current_user" time="0.292" /><testcase classname="tests.test_pre_paypal_iteration11.TestCategories" name="test_list_categories" time="0.301" /><testcase classname="tests.test_pre_paypal_iteration11.TestCategories" name="test_create_category" time="0.340" /><testcase classname="tests.test_pre_paypal_iteration11.TestCategories" name="test_get_category_tree" time="0.305" /><testcase classname="tests.test_pre_paypal_iteration11.TestCategories" name="test_update_category" time="0.334" /><testcase classname="tests.test_pre_paypal_iteration11.TestCategories" name="test_delete_category" time="0.382" /><testcase classname="tests.test_pre_paypal_iteration11.TestCategories" name="test_protocol_recommendations_count" time="0.367" /><testcase classname="tests.test_pre_paypal_iteration11.TestGroups" name="test_list_groups" time="0.402" /><testcase classname="tests.test_pre_paypal_iteration11.TestGroups" name="test_create_group" time="0.339" /><testcase classname="tests.test_pre_paypal_iteration11.TestGroups" name="test_get_group_details" time="0.328" /><testcase classname="tests.test_pre_paypal_iteration11.TestGroups" name="test_create_group_post" time="0.327" /><testcase classname="tests.test_pre_paypal_iteration11.TestGroups" name="test_group_post_reaction" time="0.363" /><testcase classname="tests.test_pre_paypal_iteration11.TestGroups" name="test_group_post_comment" time="0.390" /><testcase classname="tests.test_pre_paypal_iteration11.TestPages" name="test_list_pages" time="0.298" /><testcase classname="tests.test_pre_paypal_iteration11.TestPages" name="test_create_page" time="0.295" /><testcase classname="tests.test_pre_paypal_iteration11.TestPages" name="test_get_page_details" time="0.331" /><testcase classname="tests.test_pre_paypal_iteration11.TestPages" name="test_create_page_post" time="0.334" /><testcase classname="tests.test_pre_paypal_iteration11.TestPages" name="test_page_post_reaction" time="0.365" /><testcase classname="tests.test_pre_paypal_iteration11.TestPages" name="test_page_post_comment" time="0.359" /><testcase classname="tests.test_pre_paypal_iteration11.TestPrivateMessaging" name="test_list_conversations" time="0.340" /><testcase classname="tests.test_pre_paypal_iteration11.TestPrivateMessaging" name="test_search_users" time="0.294" /><testcase classname="tests.test_pre_paypal_iteration11.TestPrivateMessaging" name="test_send_message" time="0.330" /><testcase classname="tests.test_pre_paypal_iteration11.TestUltimateSearch" name="test_get_page_settings" time="0.297" /><testcase classname="tests.test_pre_paypal_iteration11.TestUltimateSearch" name="test_update_page_name" time="0.340" /><testcase classname="tests.test_pre_paypal_iteration11.TestUltimateSearch" name="test_list_updates" time="0.293" /><testcase classname="tests.test_pre_paypal_iteration11.TestUltimateSearch" name="test_create_update" time="0.301" /><testcase classname="tests.test_pre_paypal_iteration11.TestUltimateSearch" name="test_update_reaction" time="0.367" /><testcase classname="tests.test_pre_paypal_iteration11.TestUltimateSearch" name="test_update_comment" time="0.328" /><testcase classname="tests.test_pre_paypal_iteration11.TestUltimateSearch" name="test_get_map_data" time="0.311" /><testcase classname="tests.test_pre_paypal_iteration11.TestLegalPages" name="test_privacy_policy_public" time="0.037" /><testcase classname="tests.test_pre_paypal_iteration11.TestLegalPages" name="test_terms_of_service_public" time="0.036" /><testcase classname="tests.test_pre_paypal_iteration11.TestAdminPanel" name="test_admin_settings" time="0.293" /><testcase classname="tests.test_pre_paypal_iteration11.TestAdminPanel" name="test_admin_users_list" time="0.290" /><testcase classname="tests.test_pre_paypal_iteration11.TestAdminPanel" name="test_update_privacy_policy" time="0.302" /><testcase classname="tests.test_pre_paypal_iteration11.TestAdminPanel" name="test_update_terms_of_service" time="0.334" /><testcase classname="tests.test_pre_paypal_iteration11.TestFriends" name="test_list_friends" time="0.295" /><testcase classname="tests.test_pre_paypal_iteration11.TestBookPage" name="test_book_info" time="0.035" /></testsuite></testsuites>