<?xml version="1.0" encoding="utf-8"?><testsuites name="pytest tests"><testsuite name="pytest" errors="0" failures="0" skipped="0" tests="16" time="3.892" timestamp="2026-01-10T13:48:09.186619+00:00" hostname="agent-env-a588e00c-97c0-4d9b-b59f-9a0c5dd0940d"><testcase classname="tests.test_research_database_iteration15.TestAuthSetup" name="test_admin_login" time="0.361" /><testcase classname="tests.test_research_database_iteration15.TestAuthSetup" name="test_user_login" time="0.264" /><testcase classname="tests.test_research_database_iteration15.TestResearchDatabaseResources" name="test_get_resources_authenticated" time="0.304" /><testcase classname="tests.test_research_database_iteration15.TestResearchDatabaseResources" name="test_get_resources_unauthenticated" time="0.038" /><testcase classname="tests.test_research_database_iteration15.TestResearchDatabaseResources" name="test_get_resources_with_category_filter" time="0.043" /><testcase classname="tests.test_research_database_iteration15.TestResearchDatabaseResources" name="test_get_resources_with_search" time="0.043" /><testcase classname="tests.test_research_database_iteration15.TestResearchDatabaseResources" name="test_create_resource_admin" time="0.378" /><testcase classname="tests.test_research_database_iteration15.TestResearchDatabaseResources" name="test_create_resource_non_admin_forbidden" time="0.038" /><testcase classname="tests.test_research_database_iteration15.TestResearchDatabaseResources" name="test_delete_resource_admin" time="0.116" /><testcase classname="tests.test_research_database_iteration15.TestResearchDatabaseTrending" name="test_get_trending_topics" time="0.302" /><testcase classname="tests.test_research_database_iteration15.TestResearchDatabaseContributors" name="test_get_top_contributors" time="0.311" /><testcase classname="tests.test_research_database_iteration15.TestResearchDatabaseMapData" name="test_get_map_data" time="0.296" /><testcase classname="tests.test_research_database_iteration15.TestResearchDatabaseStats" name="test_get_stats" time="0.302" /><testcase classname="tests.test_research_database_iteration15.TestAdminAccess" name="test_admin_user_has_admin_flag" time="0.332" /><testcase classname="tests.test_research_database_iteration15.TestAdminAccess" name="test_admin_can_access_admin_settings" time="0.039" /><testcase classname="tests.test_research_database_iteration15.TestResourceViewIncrement" name="test_increment_view_count" time="0.636" /></testsuite></testsuites>