<?xml version="1.0" encoding="utf-8"?><testsuites name="pytest tests"><testsuite name="pytest" errors="0" failures="0" skipped="0" tests="17" time="4.867" timestamp="2026-01-15T11:20:00.339626+00:00" hostname="agent-env-07f54435-610e-4b26-8741-aeaf5cc983a2"><testcase classname="tests.test_iteration21_phase_features.TestProtocolParser" name="test_protocol_parser_basic" time="0.434" /><testcase classname="tests.test_iteration21_phase_features.TestProtocolParser" name="test_protocol_with_periods_in_names" time="0.534" /><testcase classname="tests.test_iteration21_phase_features.TestAdminBadge" name="test_admin_email_login" time="0.255" /><testcase classname="tests.test_iteration21_phase_features.TestAdminBadge" name="test_non_admin_email" time="0.031" /><testcase classname="tests.test_iteration21_phase_features.TestCategoryEditing" name="test_create_and_edit_category" time="0.399" /><testcase classname="tests.test_iteration21_phase_features.TestMarketplace" name="test_marketplace_protocols_endpoint" time="0.331" /><testcase classname="tests.test_iteration21_phase_features.TestMarketplace" name="test_marketplace_stats" time="0.291" /><testcase classname="tests.test_iteration21_phase_features.TestMarketplace" name="test_sale_settings_endpoint" time="0.392" /><testcase classname="tests.test_iteration21_phase_features.TestSocialFeatures" name="test_friends_endpoint" time="0.286" /><testcase classname="tests.test_iteration21_phase_features.TestSocialFeatures" name="test_groups_endpoint" time="0.299" /><testcase classname="tests.test_iteration21_phase_features.TestSocialFeatures" name="test_pages_endpoint" time="0.287" /><testcase classname="tests.test_iteration21_phase_features.TestSocialFeatures" name="test_messages_conversations" time="0.288" /><testcase classname="tests.test_iteration21_phase_features.TestStatistics" name="test_badges_endpoint" time="0.291" /><testcase classname="tests.test_iteration21_phase_features.TestStatistics" name="test_leaderboard_endpoint" time="0.324" /><testcase classname="tests.test_iteration21_phase_features.TestUltimateSearch" name="test_ultimate_search_endpoint" time="0.289" /><testcase classname="tests.test_iteration21_phase_features.TestHealthAndBasics" name="test_health_endpoint" time="0.032" /><testcase classname="tests.test_iteration21_phase_features.TestHealthAndBasics" name="test_root_endpoint" time="0.036" /></testsuite></testsuites>