<?xml version="1.0" encoding="utf-8"?><testsuites name="pytest tests"><testsuite name="pytest" errors="0" failures="0" skipped="0" tests="11" time="4.505" timestamp="2026-01-18T07:39:23.681242+00:00" hostname="agent-env-31f90230-cc92-4fe9-8265-4c82399331fb"><testcase classname="tests.test_iteration_14.TestBraveSearchAPI" name="test_search_engines_endpoint_returns_brave_configured" time="0.110" /><testcase classname="tests.test_iteration_14.TestBraveSearchAPI" name="test_search_with_brave_engine_returns_results" time="0.638" /><testcase classname="tests.test_iteration_14.TestBraveSearchAPI" name="test_search_results_have_source_badges" time="2.967" /><testcase classname="tests.test_iteration_14.TestChatRoomAPI" name="test_get_chat_rooms" time="0.073" /><testcase classname="tests.test_iteration_14.TestChatRoomAPI" name="test_create_chat_room" time="0.083" /><testcase classname="tests.test_iteration_14.TestChatRoomAPI" name="test_chat_rooms_require_auth" time="0.064" /><testcase classname="tests.test_iteration_14.TestWebSocketEndpoint" name="test_websocket_endpoint_exists" time="0.038" /><testcase classname="tests.test_iteration_14.TestCategoryAPI" name="test_get_categories" time="0.069" /><testcase classname="tests.test_iteration_14.TestCategoryAPI" name="test_create_category" time="0.109" /><testcase classname="tests.test_iteration_14.TestCategoryAPI" name="test_update_category" time="0.105" /><testcase classname="tests.test_iteration_14.TestCategoryAPI" name="test_delete_category" time="0.183" /></testsuite></testsuites>