<?xml version="1.0" encoding="utf-8"?><testsuites name="pytest tests"><testsuite name="pytest" errors="0" failures="3" skipped="0" tests="17" time="5.125" timestamp="2026-01-15T11:19:16.345975+00:00" hostname="agent-env-07f54435-610e-4b26-8741-aeaf5cc983a2"><testcase classname="tests.test_iteration21_phase_features.TestProtocolParser" name="test_protocol_parser_basic" time="0.372"><failure message="TypeError: list indices must be integers or slices, not str">tests/test_iteration21_phase_features.py:49: in test_protocol_parser_basic
    categories = get_res.json()["categories"]
                 ^^^^^^^^^^^^^^^^^^^^^^^^^^^^
E   TypeError: list indices must be integers or slices, not str</failure></testcase><testcase classname="tests.test_iteration21_phase_features.TestProtocolParser" name="test_protocol_with_periods_in_names" time="0.582" /><testcase classname="tests.test_iteration21_phase_features.TestAdminBadge" name="test_admin_email_login" time="0.255" /><testcase classname="tests.test_iteration21_phase_features.TestAdminBadge" name="test_non_admin_email" time="0.267" /><testcase classname="tests.test_iteration21_phase_features.TestCategoryEditing" name="test_create_and_edit_category" time="0.355"><failure message="TypeError: list indices must be integers or slices, not str">tests/test_iteration21_phase_features.py:162: in test_create_and_edit_category
    categories = get_res.json()["categories"]
                 ^^^^^^^^^^^^^^^^^^^^^^^^^^^^
E   TypeError: list indices must be integers or slices, not str</failure></testcase><testcase classname="tests.test_iteration21_phase_features.TestMarketplace" name="test_marketplace_protocols_endpoint" time="0.284" /><testcase classname="tests.test_iteration21_phase_features.TestMarketplace" name="test_marketplace_stats" time="0.293" /><testcase classname="tests.test_iteration21_phase_features.TestMarketplace" name="test_sale_settings_endpoint" time="0.437" /><testcase classname="tests.test_iteration21_phase_features.TestSocialFeatures" name="test_friends_endpoint" time="0.296" /><testcase classname="tests.test_iteration21_phase_features.TestSocialFeatures" name="test_groups_endpoint" time="0.290" /><testcase classname="tests.test_iteration21_phase_features.TestSocialFeatures" name="test_pages_endpoint" time="0.286" /><testcase classname="tests.test_iteration21_phase_features.TestSocialFeatures" name="test_messages_conversations" time="0.334" /><testcase classname="tests.test_iteration21_phase_features.TestStatistics" name="test_badges_endpoint" time="0.288" /><testcase classname="tests.test_iteration21_phase_features.TestStatistics" name="test_leaderboard_endpoint" time="0.322" /><testcase classname="tests.test_iteration21_phase_features.TestUltimateSearch" name="test_ultimate_search_endpoint" time="0.289"><failure message="assert 404 in [200, 400]&#10; +  where 404 = &lt;Response [404]&gt;.status_code">tests/test_iteration21_phase_features.py:348: in test_ultimate_search_endpoint
    assert res.status_code in [200, 400]
E   assert 404 in [200, 400]
E    +  where 404 = &lt;Response [404]&gt;.status_code</failure></testcase><testcase classname="tests.test_iteration21_phase_features.TestHealthAndBasics" name="test_health_endpoint" time="0.030" /><testcase classname="tests.test_iteration21_phase_features.TestHealthAndBasics" name="test_root_endpoint" time="0.048" /></testsuite></testsuites>