<?xml version="1.0" encoding="utf-8"?><testsuites name="pytest tests"><testsuite name="pytest" errors="0" failures="2" skipped="0" tests="47" time="15.814" timestamp="2026-01-10T06:24:34.576586+00:00" hostname="agent-env-e28954ce-8eb1-4265-af27-57f68cc2e6d3"><testcase classname="tests.test_comprehensive_iteration10.TestAuthentication" name="test_health_check" time="0.082" /><testcase classname="tests.test_comprehensive_iteration10.TestAuthentication" name="test_login_admin_user" time="0.262" /><testcase classname="tests.test_comprehensive_iteration10.TestAuthentication" name="test_login_test_user" time="0.261" /><testcase classname="tests.test_comprehensive_iteration10.TestAuthentication" name="test_login_invalid_credentials" time="0.040" /><testcase classname="tests.test_comprehensive_iteration10.TestAuthentication" name="test_register_new_user" time="0.264" /><testcase classname="tests.test_comprehensive_iteration10.TestAuthentication" name="test_get_current_user" time="0.303" /><testcase classname="tests.test_comprehensive_iteration10.TestCategories" name="test_list_categories" time="0.297" /><testcase classname="tests.test_comprehensive_iteration10.TestCategories" name="test_create_category" time="0.295" /><testcase classname="tests.test_comprehensive_iteration10.TestCategories" name="test_get_category_tree" time="0.333" /><testcase classname="tests.test_comprehensive_iteration10.TestCategories" name="test_update_category" time="0.378" /><testcase classname="tests.test_comprehensive_iteration10.TestCategories" name="test_delete_category" time="0.336" /><testcase classname="tests.test_comprehensive_iteration10.TestGroups" name="test_list_groups" time="0.296" /><testcase classname="tests.test_comprehensive_iteration10.TestGroups" name="test_create_group" time="0.295" /><testcase classname="tests.test_comprehensive_iteration10.TestGroups" name="test_get_group_details" time="0.330"><failure message="KeyError: 'id'">tests/test_comprehensive_iteration10.py:241: in test_get_group_details
    assert data["id"] == group_id
           ^^^^^^^^^^
E   KeyError: 'id'</failure></testcase><testcase classname="tests.test_comprehensive_iteration10.TestGroups" name="test_create_group_post" time="0.339" /><testcase classname="tests.test_comprehensive_iteration10.TestGroups" name="test_join_leave_group" time="0.634" /><testcase classname="tests.test_comprehensive_iteration10.TestPages" name="test_list_pages" time="0.318" /><testcase classname="tests.test_comprehensive_iteration10.TestPages" name="test_create_page" time="0.294" /><testcase classname="tests.test_comprehensive_iteration10.TestPages" name="test_get_page_details" time="0.326"><failure message="KeyError: 'id'">tests/test_comprehensive_iteration10.py:344: in test_get_page_details
    assert data["id"] == page_id
           ^^^^^^^^^^
E   KeyError: 'id'</failure></testcase><testcase classname="tests.test_comprehensive_iteration10.TestPages" name="test_create_page_post" time="0.328" /><testcase classname="tests.test_comprehensive_iteration10.TestPages" name="test_follow_unfollow_page" time="0.642" /><testcase classname="tests.test_comprehensive_iteration10.TestReactionsAndComments" name="test_add_reaction_to_group_post" time="0.372" /><testcase classname="tests.test_comprehensive_iteration10.TestReactionsAndComments" name="test_add_comment_to_group_post" time="0.364" /><testcase classname="tests.test_comprehensive_iteration10.TestReactionsAndComments" name="test_all_reaction_types" time="0.630" /><testcase classname="tests.test_comprehensive_iteration10.TestPrivateMessaging" name="test_list_conversations" time="0.550" /><testcase classname="tests.test_comprehensive_iteration10.TestPrivateMessaging" name="test_search_users" time="0.555" /><testcase classname="tests.test_comprehensive_iteration10.TestPrivateMessaging" name="test_send_text_message" time="0.557" /><testcase classname="tests.test_comprehensive_iteration10.TestPrivateMessaging" name="test_get_unread_count" time="0.571" /><testcase classname="tests.test_comprehensive_iteration10.TestFriends" name="test_list_friends" time="0.293" /><testcase classname="tests.test_comprehensive_iteration10.TestLegalPages" name="test_get_privacy_policy_public" time="0.035" /><testcase classname="tests.test_comprehensive_iteration10.TestLegalPages" name="test_get_terms_of_service_public" time="0.039" /><testcase classname="tests.test_comprehensive_iteration10.TestAdminPanel" name="test_get_admin_settings" time="0.370" /><testcase classname="tests.test_comprehensive_iteration10.TestAdminPanel" name="test_get_admin_users" time="0.290" /><testcase classname="tests.test_comprehensive_iteration10.TestAdminPanel" name="test_update_privacy_policy_admin" time="0.330" /><testcase classname="tests.test_comprehensive_iteration10.TestAdminPanel" name="test_update_terms_of_service_admin" time="0.361" /><testcase classname="tests.test_comprehensive_iteration10.TestUltimateSearch" name="test_get_page_settings" time="0.291" /><testcase classname="tests.test_comprehensive_iteration10.TestUltimateSearch" name="test_update_page_name" time="0.333" /><testcase classname="tests.test_comprehensive_iteration10.TestUltimateSearch" name="test_get_filters" time="0.297" /><testcase classname="tests.test_comprehensive_iteration10.TestUltimateSearch" name="test_get_map_data" time="0.292" /><testcase classname="tests.test_comprehensive_iteration10.TestUpdates" name="test_list_updates" time="0.295" /><testcase classname="tests.test_comprehensive_iteration10.TestUpdates" name="test_create_update" time="0.291" /><testcase classname="tests.test_comprehensive_iteration10.TestUpdates" name="test_add_reaction_to_update" time="0.330" /><testcase classname="tests.test_comprehensive_iteration10.TestUpdates" name="test_add_comment_to_update" time="0.369" /><testcase classname="tests.test_comprehensive_iteration10.TestProtocolRecommendations" name="test_get_my_protocol_recommendations" time="0.554" /><testcase classname="tests.test_comprehensive_iteration10.TestBookPage" name="test_get_book_info" time="0.034" /><testcase classname="tests.test_comprehensive_iteration10.TestGlobalDatabase" name="test_get_global_database" time="0.317" /><testcase classname="tests.test_comprehensive_iteration10.TestStatistics" name="test_get_categories_with_counts" time="0.297" /></testsuite></testsuites>