<?xml version="1.0" encoding="utf-8"?><testsuites name="pytest tests"><testsuite name="pytest" errors="0" failures="4" skipped="0" tests="15" time="1.289" timestamp="2026-01-18T19:36:34.718007+00:00" hostname="agent-env-cf4372a1-8f76-4958-bcf9-9addc998dc0e"><testcase classname="tests.test_iteration_22_easter_eggs.TestHealthAndBasicEndpoints" name="test_root_endpoint" time="0.058"><failure message="requests.exceptions.JSONDecodeError: Expecting value: line 1 column 1 (char 0)">/root/.venv/lib/python3.11/site-packages/requests/models.py:976: in json
    return complexjson.loads(self.text, **kwargs)
           ^^^^^^^^^^^^^^^^^^^^^^^^^^^^^^^^^^^^^^
/usr/local/lib/python3.11/json/__init__.py:346: in loads
    return _default_decoder.decode(s)
           ^^^^^^^^^^^^^^^^^^^^^^^^^^
/usr/local/lib/python3.11/json/decoder.py:337: in decode
    obj, end = self.raw_decode(s, idx=_w(s, 0).end())
               ^^^^^^^^^^^^^^^^^^^^^^^^^^^^^^^^^^^^^^
/usr/local/lib/python3.11/json/decoder.py:355: in raw_decode
    raise JSONDecodeError("Expecting value", s, err.value) from None
E   json.decoder.JSONDecodeError: Expecting value: line 1 column 1 (char 0)

During handling of the above exception, another exception occurred:
tests/test_iteration_22_easter_eggs.py:18: in test_root_endpoint
    data = response.json()
           ^^^^^^^^^^^^^^^
/root/.venv/lib/python3.11/site-packages/requests/models.py:980: in json
    raise RequestsJSONDecodeError(e.msg, e.doc, e.pos)
E   requests.exceptions.JSONDecodeError: Expecting value: line 1 column 1 (char 0)</failure></testcase><testcase classname="tests.test_iteration_22_easter_eggs.TestHealthAndBasicEndpoints" name="test_health_endpoint" time="0.041"><failure message="requests.exceptions.JSONDecodeError: Expecting value: line 1 column 1 (char 0)">/root/.venv/lib/python3.11/site-packages/requests/models.py:976: in json
    return complexjson.loads(self.text, **kwargs)
           ^^^^^^^^^^^^^^^^^^^^^^^^^^^^^^^^^^^^^^
/usr/local/lib/python3.11/json/__init__.py:346: in loads
    return _default_decoder.decode(s)
           ^^^^^^^^^^^^^^^^^^^^^^^^^^
/usr/local/lib/python3.11/json/decoder.py:337: in decode
    obj, end = self.raw_decode(s, idx=_w(s, 0).end())
               ^^^^^^^^^^^^^^^^^^^^^^^^^^^^^^^^^^^^^^
/usr/local/lib/python3.11/json/decoder.py:355: in raw_decode
    raise JSONDecodeError("Expecting value", s, err.value) from None
E   json.decoder.JSONDecodeError: Expecting value: line 1 column 1 (char 0)

During handling of the above exception, another exception occurred:
tests/test_iteration_22_easter_eggs.py:27: in test_health_endpoint
    data = response.json()
           ^^^^^^^^^^^^^^^
/root/.venv/lib/python3.11/site-packages/requests/models.py:980: in json
    raise RequestsJSONDecodeError(e.msg, e.doc, e.pos)
E   requests.exceptions.JSONDecodeError: Expecting value: line 1 column 1 (char 0)</failure></testcase><testcase classname="tests.test_iteration_22_easter_eggs.TestAuthEndpoints" name="test_login_success" time="0.043" /><testcase classname="tests.test_iteration_22_easter_eggs.TestAuthEndpoints" name="test_login_invalid_credentials" time="0.039" /><testcase classname="tests.test_iteration_22_easter_eggs.TestAuthEndpoints" name="test_admin_login" time="0.041" /><testcase classname="tests.test_iteration_22_easter_eggs.TestEasterEggsEndpoints" name="test_random_easter_egg_endpoint" time="0.110" /><testcase classname="tests.test_iteration_22_easter_eggs.TestEasterEggsEndpoints" name="test_catch_easter_egg_endpoint" time="0.114" /><testcase classname="tests.test_iteration_22_easter_eggs.TestChatEndpoints" name="test_get_chat_rooms" time="0.065" /><testcase classname="tests.test_iteration_22_easter_eggs.TestForgotPasswordEndpoints" name="test_forgot_password_endpoint" time="0.233" /><testcase classname="tests.test_iteration_22_easter_eggs.TestForgotPasswordEndpoints" name="test_verify_reset_token_invalid" time="0.032" /><testcase classname="tests.test_iteration_22_easter_eggs.TestSearchEndpoints" name="test_get_categories" time="0.074" /><testcase classname="tests.test_iteration_22_easter_eggs.TestUserEndpoints" name="test_get_current_user" time="0.066" /><testcase classname="tests.test_iteration_22_easter_eggs.TestUserEndpoints" name="test_update_theme" time="0.110" /><testcase classname="tests.test_iteration_22_easter_eggs.TestAdminEndpoints" name="test_admin_stats" time="0.067"><failure message="assert 404 == 200&#10; +  where 404 = &lt;Response [404]&gt;.status_code">tests/test_iteration_22_easter_eggs.py:232: in test_admin_stats
    assert response.status_code == 200
E   assert 404 == 200
E    +  where 404 = &lt;Response [404]&gt;.status_code</failure></testcase><testcase classname="tests.test_iteration_22_easter_eggs.TestAdminEndpoints" name="test_admin_health_check" time="0.063"><failure message="assert 405 == 200&#10; +  where 405 = &lt;Response [405]&gt;.status_code">tests/test_iteration_22_easter_eggs.py:240: in test_admin_health_check
    assert response.status_code == 200
E   assert 405 == 200
E    +  where 405 = &lt;Response [405]&gt;.status_code</failure></testcase></testsuite></testsuites>