<?xml version="1.0" encoding="utf-8"?><testsuites name="pytest tests"><testsuite name="pytest" errors="0" failures="1" skipped="0" tests="12" time="0.893" timestamp="2026-01-24T02:20:40.736776+00:00" hostname="agent-env-b5d3abaa-147c-41ca-8caa-2f448c72ba00"><testcase classname="backend.tests.test_p0_features.TestDocumentTypes" name="test_get_document_types" time="0.078" /><testcase classname="backend.tests.test_p0_features.TestStripeIntegration" name="test_get_packages_with_stripe_enabled" time="0.041" /><testcase classname="backend.tests.test_p0_features.TestStripeIntegration" name="test_checkout_session_endpoint_exists" time="0.248" /><testcase classname="backend.tests.test_p0_features.TestAppDownloads" name="test_get_app_downloads" time="0.039" /><testcase classname="backend.tests.test_p0_features.TestLegalPages" name="test_privacy_policy_endpoint" time="0.038" /><testcase classname="backend.tests.test_p0_features.TestLegalPages" name="test_terms_of_service_endpoint" time="0.038" /><testcase classname="backend.tests.test_p0_features.TestLegalPages" name="test_invalid_legal_document" time="0.038" /><testcase classname="backend.tests.test_p0_features.TestProtocolTemplates" name="test_get_templates" time="0.036" /><testcase classname="backend.tests.test_p0_features.TestProtocolTemplates" name="test_create_template" time="0.062"><failure message="AssertionError: Expected 200, got 520: Internal Server Error&#10;assert 520 == 200&#10; +  where 520 = &lt;Response [520]&gt;.status_code">backend/tests/test_p0_features.py:208: in test_create_template
    assert response.status_code == 200, f"Expected 200, got {response.status_code}: {response.text}"
E   AssertionError: Expected 200, got 520: Internal Server Error
E   assert 520 == 200
E    +  where 520 = &lt;Response [520]&gt;.status_code</failure></testcase><testcase classname="backend.tests.test_p0_features.TestEnhancedMap" name="test_map_data_detailed_endpoint" time="0.037" /><testcase classname="backend.tests.test_p0_features.TestHealthAndBasics" name="test_api_health" time="0.034" /><testcase classname="backend.tests.test_p0_features.TestHealthAndBasics" name="test_api_root" time="0.033" /></testsuite></testsuites>