<?xml version="1.0" encoding="utf-8"?><testsuites name="pytest tests"><testsuite name="pytest" errors="0" failures="0" skipped="1" tests="22" time="2.328" timestamp="2026-01-10T10:54:07.309103+00:00" hostname="agent-env-cc2cef25-029c-4cca-9003-9c3215ad32d7"><testcase classname="tests.test_new_features_iteration14.TestAuthentication" name="test_admin_login" time="0.333" /><testcase classname="tests.test_new_features_iteration14.TestAuthentication" name="test_create_test_user" time="0.264" /><testcase classname="tests.test_new_features_iteration14.TestFeature2DatabaseLimits" name="test_get_database_limits_admin" time="0.341" /><testcase classname="tests.test_new_features_iteration14.TestFeature2DatabaseLimits" name="test_get_database_limits_non_admin_forbidden" time="0.301" /><testcase classname="tests.test_new_features_iteration14.TestFeature2DatabaseLimits" name="test_update_database_limits_admin" time="0.115" /><testcase classname="tests.test_new_features_iteration14.TestFeature2DatabaseLimits" name="test_update_database_limits_validation" time="0.074" /><testcase classname="tests.test_new_features_iteration14.TestFeature2DatabaseLimits" name="test_update_database_limits_non_admin_forbidden" time="0.037" /><testcase classname="tests.test_new_features_iteration14.TestFeature2UserStats" name="test_get_user_stats" time="0.039" /><testcase classname="tests.test_new_features_iteration14.TestFeature2UserStats" name="test_user_stats_requires_auth" time="0.036" /><testcase classname="tests.test_new_features_iteration14.TestFeature3DataManagement" name="test_clear_all_user_results" time="0.120" /><testcase classname="tests.test_new_features_iteration14.TestFeature3DataManagement" name="test_clear_all_requires_auth" time="0.039" /><testcase classname="tests.test_new_features_iteration14.TestFeature3DataManagement" name="test_clear_category_results" time="0.110" /><testcase classname="tests.test_new_features_iteration14.TestFeature3DataManagement" name="test_clear_category_not_found" time="0.036" /><testcase classname="tests.test_new_features_iteration14.TestFeature3DataManagement" name="test_admin_clear_user_results" time="0.038" /><testcase classname="tests.test_new_features_iteration14.TestFeature3DataManagement" name="test_admin_clear_user_results_non_admin_forbidden" time="0.035" /><testcase classname="tests.test_new_features_iteration14.TestFeature3DataManagement" name="test_admin_clear_user_not_found" time="0.036" /><testcase classname="tests.test_new_features_iteration14.TestFeature4CategoryFilter" name="test_get_category_results" time="0.073" /><testcase classname="tests.test_new_features_iteration14.TestFeature4CategoryFilter" name="test_get_category_results_pagination" time="0.107" /><testcase classname="tests.test_new_features_iteration14.TestFeature4CategoryFilter" name="test_get_category_results_requires_auth" time="0.040" /><testcase classname="tests.test_new_features_iteration14.TestFeature1Hashtags" name="test_hashtags_in_search_results" time="0.033"><skipped type="pytest.skip" message="Could not get search results: {&quot;detail&quot;:&quot;Method Not Allowed&quot;}">/app/tests/test_new_features_iteration14.py:442: Could not get search results: {"detail":"Method Not Allowed"}</skipped></testcase><testcase classname="tests.test_new_features_iteration14.TestFeature1Hashtags" name="test_hashtag_extraction_function" time="0.000" /><testcase classname="tests.test_new_features_iteration14.TestCollateEndpointLimitEnforcement" name="test_collate_returns_limit_info" time="0.040" /></testsuite></testsuites>