<?xml version="1.0" encoding="utf-8"?><testsuites name="pytest tests"><testsuite name="pytest" errors="0" failures="0" skipped="0" tests="28" time="1.782" timestamp="2026-01-18T10:17:10.931911+00:00" hostname="agent-env-31f90230-cc92-4fe9-8265-4c82399331fb"><testcase classname="tests.test_iteration_17_performance.TestDatabaseIndexes" name="test_server_starts_with_indexes" time="0.057" /><testcase classname="tests.test_iteration_17_performance.TestMarketplaceOptimization" name="test_marketplace_protocols_returns_data" time="0.032" /><testcase classname="tests.test_iteration_17_performance.TestMarketplaceOptimization" name="test_marketplace_protocols_have_owner_info" time="0.037" /><testcase classname="tests.test_iteration_17_performance.TestMarketplaceOptimization" name="test_marketplace_caching_performance" time="0.075" /><testcase classname="tests.test_iteration_17_performance.TestMarketplaceOptimization" name="test_marketplace_with_category_filter" time="0.033" /><testcase classname="tests.test_iteration_17_performance.TestLeaderboardOptimization" name="test_leaderboard_returns_data" time="0.033" /><testcase classname="tests.test_iteration_17_performance.TestLeaderboardOptimization" name="test_leaderboard_top_laughter_structure" time="0.033" /><testcase classname="tests.test_iteration_17_performance.TestLeaderboardOptimization" name="test_leaderboard_top_creators_structure" time="0.032" /><testcase classname="tests.test_iteration_17_performance.TestLeaderboardOptimization" name="test_leaderboard_caching_performance" time="0.065" /><testcase classname="tests.test_iteration_17_performance.TestLeaderboardOptimization" name="test_users_leaderboard_alias" time="0.034" /><testcase classname="tests.test_iteration_17_performance.TestRevenueDashboardOptimization" name="test_revenue_dashboard_returns_data" time="0.154" /><testcase classname="tests.test_iteration_17_performance.TestRevenueDashboardOptimization" name="test_revenue_dashboard_requires_auth" time="0.073" /><testcase classname="tests.test_iteration_17_performance.TestRevenueDashboardOptimization" name="test_revenue_export_csv" time="0.069" /><testcase classname="tests.test_iteration_17_performance.TestRevenueDashboardOptimization" name="test_revenue_export_pdf" time="0.083" /><testcase classname="tests.test_iteration_17_performance.TestExistingFeaturesNoRegression" name="test_auth_login" time="0.036" /><testcase classname="tests.test_iteration_17_performance.TestExistingFeaturesNoRegression" name="test_categories_endpoint" time="0.073" /><testcase classname="tests.test_iteration_17_performance.TestExistingFeaturesNoRegression" name="test_stats_endpoint" time="0.040" /><testcase classname="tests.test_iteration_17_performance.TestExistingFeaturesNoRegression" name="test_chat_rooms_endpoint" time="0.071" /><testcase classname="tests.test_iteration_17_performance.TestExistingFeaturesNoRegression" name="test_templates_endpoint" time="0.069" /><testcase classname="tests.test_iteration_17_performance.TestExistingFeaturesNoRegression" name="test_user_profile" time="0.112" /><testcase classname="tests.test_iteration_17_performance.TestExistingFeaturesNoRegression" name="test_search_engines_status" time="0.072" /><testcase classname="tests.test_iteration_17_performance.TestExistingFeaturesNoRegression" name="test_elasticsearch_status" time="0.065" /><testcase classname="tests.test_iteration_17_performance.TestExistingFeaturesNoRegression" name="test_easter_eggs_endpoint" time="0.031" /><testcase classname="tests.test_iteration_17_performance.TestExistingFeaturesNoRegression" name="test_news_headlines" time="0.032" /><testcase classname="tests.test_iteration_17_performance.TestMarketplacePurchaseFlow" name="test_buy_protocol_requires_auth" time="0.075" /><testcase classname="tests.test_iteration_17_performance.TestMarketplacePurchaseFlow" name="test_buy_nonexistent_protocol" time="0.067" /><testcase classname="tests.test_iteration_17_performance.TestCacheInvalidation" name="test_marketplace_cache_returns_consistent_data" time="0.067" /><testcase classname="tests.test_iteration_17_performance.TestCacheInvalidation" name="test_leaderboard_cache_returns_consistent_data" time="0.066" /></testsuite></testsuites>