<?xml version="1.0" encoding="utf-8"?><testsuites name="pytest tests"><testsuite name="pytest" errors="0" failures="0" skipped="0" tests="20" time="4.201" timestamp="2026-01-24T04:02:49.005607+00:00" hostname="agent-env-b5d3abaa-147c-41ca-8caa-2f448c72ba00"><testcase classname="tests.test_search_options_iter9.TestLocationExtractor" name="test_location_extractor_import" time="0.412" /><testcase classname="tests.test_search_options_iter9.TestLocationExtractor" name="test_international_cities_dict_exists" time="0.000" /><testcase classname="tests.test_search_options_iter9.TestLocationExtractor" name="test_nicaragua_cities_present" time="0.000" /><testcase classname="tests.test_search_options_iter9.TestLocationExtractor" name="test_city_country_detection_virgin_bay" time="0.459" /><testcase classname="tests.test_search_options_iter9.TestLocationExtractor" name="test_city_country_detection_multiple_formats" time="1.376" /><testcase classname="tests.test_search_options_iter9.TestLocationExtractor" name="test_street_address_detection" time="0.456" /><testcase classname="tests.test_search_options_iter9.TestLocationExtractor" name="test_full_address_detection" time="0.458" /><testcase classname="tests.test_search_options_iter9.TestLocationExtractor" name="test_multiple_locations_per_text" time="0.458" /><testcase classname="tests.test_search_options_iter9.TestLocationExtractor" name="test_countries_list_includes_central_america" time="0.000" /><testcase classname="tests.test_search_options_iter9.TestSearchMatchOptions" name="test_search_api_accepts_match_options" time="0.065" /><testcase classname="tests.test_search_options_iter9.TestSearchMatchOptions" name="test_search_api_accepts_favor_options" time="0.040" /><testcase classname="tests.test_search_options_iter9.TestSearchMatchOptions" name="test_search_results_endpoint_accepts_match_params" time="0.041" /><testcase classname="tests.test_search_options_iter9.TestDocumentTypeFilters" name="test_document_types_endpoint" time="0.038" /><testcase classname="tests.test_search_options_iter9.TestDocumentTypeFilters" name="test_search_results_filter_by_document_type" time="0.043" /><testcase classname="tests.test_search_options_iter9.TestAuthEndpoints" name="test_auth_me_with_valid_token" time="0.037" /><testcase classname="tests.test_search_options_iter9.TestAuthEndpoints" name="test_auth_me_without_token" time="0.043" /><testcase classname="tests.test_search_options_iter9.TestCategoriesAPI" name="test_create_category" time="0.055" /><testcase classname="tests.test_search_options_iter9.TestCategoriesAPI" name="test_get_categories" time="0.039" /><testcase classname="tests.test_search_options_iter9.TestHealthAndBasicEndpoints" name="test_health_endpoint" time="0.039" /><testcase classname="tests.test_search_options_iter9.TestHealthAndBasicEndpoints" name="test_stats_overview" time="0.047" /></testsuite></testsuites>